[2024-11-05T07:31:26.414418+00:00] ERROR: Spiral\RoadRunner\GRPC\Exception\GRPCException: {"mobile":"Value does not match required pattern."} in /home/kaveh/Desktop/ValidatorInterceptor/src/Interceptor/ValidatorInterceptor.php at line 38 []
[2024-11-05T11:25:44.372269+00:00] ERROR: Symfony\Component\Console\Exception\CommandNotFoundException: Command "migrated" is not defined.  Did you mean one of these?     migrate     migrate:init     migrate:replay     migrate:rollback     migrate:status in /home/kaveh/Desktop/spiral-gRPC/vendor/symfony/console/Application.php at line 702 []
[2024-11-05T11:27:16.065286+00:00] ERROR: Spiral\RoadRunner\GRPC\Exception\GRPCException: {"mobile":"Value does not match required pattern."} in /home/kaveh/Desktop/ValidatorInterceptor/src/Interceptor/ValidatorInterceptor.php at line 38 []
[2024-11-05T12:21:07.228776+00:00] ERROR: Spiral\RoadRunnerBridge\GRPC\Exception\CompileException: user.proto:9:9: "USER.UserGrpc" is already defined in file "admin.proto". in /home/kaveh/Desktop/spiral-gRPC/vendor/spiral/roadrunner-bridge/src/GRPC/CommandExecutor.php at line 23 []
[2024-11-05T12:36:25.672279+00:00] ERROR: Cycle\Database\Exception\StatementException\ConstrainException: SQLSTATE[23000]: Integrity constraint violation: 1062 Duplicate entry 'mobile' for key 'categories.categories_index_name_672a0aa01fb3c' in /home/kaveh/Desktop/spiral-gRPC/vendor/cycle/database/src/Driver/MySQL/MySQLDriver.php at line 74 []
[2024-11-05T12:38:12.720054+00:00] ERROR: ErrorException: Undefined variable $category in /home/kaveh/Desktop/spiral-gRPC/app/src/Endpoint/RPC/CategoryService.php at line 25 []
[2024-11-05T12:50:27.688446+00:00] ERROR: Spiral\RoadRunner\GRPC\Exception\GRPCException: {"mobile":"This value is required.","password":"This value is required."} in /home/kaveh/Desktop/ValidatorInterceptor/src/Interceptor/ValidatorInterceptor.php at line 38 []
[2024-11-05T13:21:51.042594+00:00] ERROR: Spiral\Goridge\Exception\HeaderException: Unable to read frame header: Incorrect header size in /home/kaveh/Desktop/spiral-gRPC/vendor/spiral/goridge/src/StreamRelay.php at line 80 []
[2024-11-05T13:21:51.042594+00:00] ERROR: Spiral\Goridge\Exception\HeaderException: Unable to read frame header: Incorrect header size in /home/kaveh/Desktop/spiral-gRPC/vendor/spiral/goridge/src/StreamRelay.php at line 80 []
[2024-11-05T13:24:30.383352+00:00] ERROR: Error: Call to undefined method Spiral\Interceptors\Context\CallContext::getMethod() in /home/kaveh/Desktop/spiral-gRPC/app/src/Endpoint/Interceptor/AuthenticationInterceptor.php at line 18 []
[2024-11-05T13:25:06.660586+00:00] ERROR: Error: Call to undefined method Spiral\Interceptors\Context\CallContext::getMethod() in /home/kaveh/Desktop/spiral-gRPC/app/src/Endpoint/Interceptor/AuthenticationInterceptor.php at line 19 []
[2024-11-05T13:25:43.569973+00:00] ERROR: Error: Call to undefined method Spiral\Interceptors\Context\CallContext::getMethod() in /home/kaveh/Desktop/spiral-gRPC/app/src/Endpoint/Interceptor/AuthenticationInterceptor.php at line 19 []
[2024-11-05T14:25:19.884650+00:00] ERROR: Error: Call to undefined method Spiral\Interceptors\Context\CallContext::getMethod() in /home/kaveh/Desktop/spiral-gRPC/app/src/Endpoint/Interceptor/AuthenticationInterceptor.php at line 19 []
[2024-11-05T14:25:37.543270+00:00] ERROR: Spiral\Goridge\Exception\HeaderException: Unable to read frame header: Incorrect header size in /home/kaveh/Desktop/spiral-gRPC/vendor/spiral/goridge/src/StreamRelay.php at line 80 []
[2024-11-05T14:25:37.543270+00:00] ERROR: Spiral\Goridge\Exception\HeaderException: Unable to read frame header: Incorrect header size in /home/kaveh/Desktop/spiral-gRPC/vendor/spiral/goridge/src/StreamRelay.php at line 80 []
[2024-11-05T14:25:37.543280+00:00] ERROR: Spiral\Goridge\Exception\HeaderException: Unable to read frame header: Incorrect header size in /home/kaveh/Desktop/spiral-gRPC/vendor/spiral/goridge/src/StreamRelay.php at line 80 []
[2024-11-05T14:25:37.543503+00:00] ERROR: Spiral\Goridge\Exception\HeaderException: Unable to read frame header: Incorrect header size in /home/kaveh/Desktop/spiral-gRPC/vendor/spiral/goridge/src/StreamRelay.php at line 80 []
[2024-11-05T14:25:50.276710+00:00] ERROR: Error: Call to undefined method Spiral\Interceptors\Context\CallContext::getMethod() in /home/kaveh/Desktop/spiral-gRPC/app/src/Endpoint/Interceptor/AuthenticationInterceptor.php at line 19 []
[2024-11-05T14:26:24.021144+00:00] ERROR: Error: Call to undefined method Spiral\Interceptors\Context\CallContext::getMethod() in /home/kaveh/Desktop/spiral-gRPC/app/src/Endpoint/Interceptor/AuthenticationInterceptor.php at line 19 []
[2024-11-05T14:27:03.308145+00:00] ERROR: Error: Call to undefined method Spiral\Interceptors\Context\CallContext::getMethod() in /home/kaveh/Desktop/spiral-gRPC/app/src/Endpoint/Interceptor/AuthenticationInterceptor.php at line 19 []
[2024-11-05T14:27:22.210337+00:00] ERROR: Error: Call to undefined method Spiral\Interceptors\Context\CallContext::getMethod() in /home/kaveh/Desktop/spiral-gRPC/app/src/Endpoint/Interceptor/AuthenticationInterceptor.php at line 19 []
[2024-11-05T14:28:16.682639+00:00] ERROR: Error: Call to undefined method Spiral\Interceptors\Context\CallContext::getMethod() in /home/kaveh/Desktop/spiral-gRPC/app/src/Endpoint/Interceptor/AuthenticationInterceptor.php at line 19 []
[2024-11-05T14:29:06.859019+00:00] ERROR: Error: Cannot use object of type App\Endpoint\RPC\CategoryService as array in /home/kaveh/Desktop/spiral-gRPC/app/src/Endpoint/Interceptor/AuthenticationInterceptor.php at line 18 []
[2024-11-05T14:29:17.284897+00:00] ERROR: Spiral\Goridge\Exception\HeaderException: Unable to read frame header: Incorrect header size in /home/kaveh/Desktop/spiral-gRPC/vendor/spiral/goridge/src/StreamRelay.php at line 80 []
[2024-11-05T14:29:17.285191+00:00] ERROR: Spiral\Goridge\Exception\HeaderException: Unable to read frame header: Incorrect header size in /home/kaveh/Desktop/spiral-gRPC/vendor/spiral/goridge/src/StreamRelay.php at line 80 []
[2024-11-05T14:29:17.284897+00:00] ERROR: Spiral\Goridge\Exception\HeaderException: Unable to read frame header: Incorrect header size in /home/kaveh/Desktop/spiral-gRPC/vendor/spiral/goridge/src/StreamRelay.php at line 80 []
[2024-11-05T14:29:17.284897+00:00] ERROR: Spiral\Goridge\Exception\HeaderException: Unable to read frame header: Incorrect header size in /home/kaveh/Desktop/spiral-gRPC/vendor/spiral/goridge/src/StreamRelay.php at line 80 []
[2024-11-05T14:29:17.284910+00:00] ERROR: Spiral\Goridge\Exception\HeaderException: Unable to read frame header: Incorrect header size in /home/kaveh/Desktop/spiral-gRPC/vendor/spiral/goridge/src/StreamRelay.php at line 80 []
[2024-11-05T14:29:17.285218+00:00] ERROR: Spiral\Goridge\Exception\HeaderException: Unable to read frame header: Incorrect header size in /home/kaveh/Desktop/spiral-gRPC/vendor/spiral/goridge/src/StreamRelay.php at line 80 []
[2024-11-05T14:29:24.369053+00:00] ERROR: Error: Cannot use object of type App\Endpoint\RPC\CategoryService as array in /home/kaveh/Desktop/spiral-gRPC/app/src/Endpoint/Interceptor/AuthenticationInterceptor.php at line 18 []
[2024-11-05T14:29:40.698650+00:00] ERROR: Error: Call to undefined method Spiral\Interceptors\Context\CallContext::getMethod() in /home/kaveh/Desktop/spiral-gRPC/app/src/Endpoint/Interceptor/AuthenticationInterceptor.php at line 19 []
[2024-11-05T14:30:05.334866+00:00] ERROR: ErrorException: Undefined array key "aliases" in /home/kaveh/Desktop/spiral-gRPC/app/src/Endpoint/Interceptor/AuthenticationInterceptor.php at line 18 []
[2024-11-05T14:30:26.810010+00:00] ERROR: Error: Cannot use object of type App\Endpoint\RPC\CategoryService as array in /home/kaveh/Desktop/spiral-gRPC/app/src/Endpoint/Interceptor/AuthenticationInterceptor.php at line 18 []
[2024-11-05T14:30:42.630097+00:00] ERROR: Error: Call to undefined method App\Endpoint\RPC\CategoryService::aliases() in /home/kaveh/Desktop/spiral-gRPC/app/src/Endpoint/Interceptor/AuthenticationInterceptor.php at line 18 []
[2024-11-05T14:32:48.706393+00:00] ERROR: Error: Call to undefined method Spiral\Interceptors\Context\CallContext::getMethod() in /home/kaveh/Desktop/spiral-gRPC/app/src/Endpoint/Interceptor/AuthenticationInterceptor.php at line 19 []
[2024-11-05T14:33:35.248834+00:00] ERROR: Error: Call to undefined method Spiral\Interceptors\Context\CallContext::getMethod() in /home/kaveh/Desktop/spiral-gRPC/app/src/Endpoint/Interceptor/AuthenticationInterceptor.php at line 19 []
