[2024-11-09T11:14:16.899791+00:00] ERROR: UnexpectedValueException: "kid" empty, unable to lookup correct key in /home/kaveh/Desktop/spiral-gRPC/vendor/firebase/php-jwt/src/JWT.php at line 473 []
[2024-11-09T11:14:38.953972+00:00] ERROR: UnexpectedValueException: "kid" empty, unable to lookup correct key in /home/kaveh/Desktop/spiral-gRPC/vendor/firebase/php-jwt/src/JWT.php at line 473 []
[2024-11-09T11:15:15.799897+00:00] ERROR: ArgumentCountError: Too few arguments to function Firebase\JWT\JWT::decode(), 1 passed in /home/kaveh/Desktop/spiral-gRPC/app/src/Endpoint/Interceptor/AuthenticationInterceptor.php on line 55 and at least 2 expected in /home/kaveh/Desktop/spiral-gRPC/vendor/firebase/php-jwt/src/JWT.php at line 96 []
[2024-11-09T11:15:23.914505+00:00] ERROR: InvalidArgumentException: Key may not be empty in /home/kaveh/Desktop/spiral-gRPC/vendor/firebase/php-jwt/src/JWT.php at line 105 []
[2024-11-09T11:26:28.339376+00:00] ERROR: UnexpectedValueException: "kid" empty, unable to lookup correct key in /home/kaveh/Desktop/spiral-gRPC/vendor/firebase/php-jwt/src/JWT.php at line 473 []
[2024-11-09T11:28:34.557665+00:00] ERROR: UnexpectedValueException: "kid" empty, unable to lookup correct key in /home/kaveh/Desktop/spiral-gRPC/vendor/firebase/php-jwt/src/JWT.php at line 473 []
[2024-11-09T11:31:49.075764+00:00] ERROR: Error: Typed property App\Endpoint\Interceptor\AuthenticationInterceptor::$secret must not be accessed before initialization in /home/kaveh/Desktop/spiral-gRPC/app/src/Endpoint/Interceptor/AuthenticationInterceptor.php at line 57 []
[2024-11-09T11:32:32.634896+00:00] ERROR: ErrorException: Array to string conversion in /home/kaveh/Desktop/spiral-gRPC/app/src/Endpoint/Interceptor/AuthenticationInterceptor.php at line 58 []
[2024-11-09T11:32:43.659714+00:00] ERROR: Spiral\Goridge\Exception\HeaderException: Unable to read frame header: Incorrect header size in /home/kaveh/Desktop/spiral-gRPC/vendor/spiral/goridge/src/StreamRelay.php at line 80 []
[2024-11-09T11:32:43.659982+00:00] ERROR: Spiral\Goridge\Exception\HeaderException: Unable to read frame header: Incorrect header size in /home/kaveh/Desktop/spiral-gRPC/vendor/spiral/goridge/src/StreamRelay.php at line 80 []
[2024-11-09T11:32:43.660257+00:00] ERROR: Spiral\Goridge\Exception\HeaderException: Unable to read frame header: Incorrect header size in /home/kaveh/Desktop/spiral-gRPC/vendor/spiral/goridge/src/StreamRelay.php at line 80 []
[2024-11-09T11:32:43.661057+00:00] ERROR: Spiral\Goridge\Exception\HeaderException: Unable to read frame header: Incorrect header size in /home/kaveh/Desktop/spiral-gRPC/vendor/spiral/goridge/src/StreamRelay.php at line 80 []
[2024-11-09T11:32:43.661379+00:00] ERROR: Spiral\Goridge\Exception\HeaderException: Unable to read frame header: Incorrect header size in /home/kaveh/Desktop/spiral-gRPC/vendor/spiral/goridge/src/StreamRelay.php at line 80 []
[2024-11-09T11:32:43.661685+00:00] ERROR: Spiral\Goridge\Exception\HeaderException: Unable to read frame header: Incorrect header size in /home/kaveh/Desktop/spiral-gRPC/vendor/spiral/goridge/src/StreamRelay.php at line 80 []
[2024-11-09T11:32:43.659714+00:00] ERROR: Spiral\Goridge\Exception\HeaderException: Unable to read frame header: Incorrect header size in /home/kaveh/Desktop/spiral-gRPC/vendor/spiral/goridge/src/StreamRelay.php at line 80 []
[2024-11-09T11:32:43.659714+00:00] ERROR: Spiral\Goridge\Exception\HeaderException: Unable to read frame header: Incorrect header size in /home/kaveh/Desktop/spiral-gRPC/vendor/spiral/goridge/src/StreamRelay.php at line 80 []
[2024-11-09T11:32:49.058636+00:00] ERROR: ErrorException: Array to string conversion in /home/kaveh/Desktop/spiral-gRPC/app/src/Endpoint/Interceptor/AuthenticationInterceptor.php at line 58 []
[2024-11-09T11:38:59.171125+00:00] ERROR: ErrorException: Undefined array key "rule" in /home/kaveh/Desktop/spiral-gRPC/app/src/Endpoint/Interceptor/AuthenticationInterceptor.php at line 58 []
[2024-11-09T11:39:21.734321+00:00] ERROR: ErrorException: Undefined array key "mobile" in /home/kaveh/Desktop/spiral-gRPC/app/src/Endpoint/Interceptor/AuthenticationInterceptor.php at line 58 []
[2024-11-09T11:39:56.414937+00:00] ERROR: ErrorException: Undefined array key "message" in /home/kaveh/Desktop/spiral-gRPC/app/src/Endpoint/Interceptor/AuthenticationInterceptor.php at line 58 []
[2024-11-09T11:40:09.208954+00:00] ERROR: ErrorException: Undefined array key "role" in /home/kaveh/Desktop/spiral-gRPC/app/src/Endpoint/Interceptor/AuthenticationInterceptor.php at line 58 []
[2024-11-09T11:40:15.946740+00:00] ERROR: ErrorException: Undefined array key "rule" in /home/kaveh/Desktop/spiral-gRPC/app/src/Endpoint/Interceptor/AuthenticationInterceptor.php at line 58 []
[2024-11-09T11:41:18.226688+00:00] ERROR: ErrorException: Undefined array key "payload" in /home/kaveh/Desktop/spiral-gRPC/app/src/Endpoint/Interceptor/AuthenticationInterceptor.php at line 58 []
[2024-11-09T11:41:44.012649+00:00] ERROR: ErrorException: Undefined array key "rule" in /home/kaveh/Desktop/spiral-gRPC/app/src/Endpoint/Interceptor/AuthenticationInterceptor.php at line 58 []
[2024-11-09T11:52:20.968384+00:00] ERROR: Error: Call to a member function getRule() on int in /home/kaveh/Desktop/spiral-gRPC/app/src/Endpoint/Interceptor/AuthenticationInterceptor.php at line 58 []
[2024-11-09T11:54:41.763590+00:00] ERROR: Error: Call to a member function all() on int in /home/kaveh/Desktop/spiral-gRPC/app/src/Endpoint/Interceptor/AuthenticationInterceptor.php at line 58 []
[2024-11-09T12:00:33.919540+00:00] ERROR: Error: Object of class App\Domain\Attribute\AuthenticatedBy could not be converted to string in /home/kaveh/Desktop/spiral-gRPC/app/src/Endpoint/Interceptor/AuthenticationInterceptor.php at line 62 []
[2024-11-09T12:00:50.898967+00:00] ERROR: Spiral\Goridge\Exception\HeaderException: Unable to read frame header: Incorrect header size in /home/kaveh/Desktop/spiral-gRPC/vendor/spiral/goridge/src/StreamRelay.php at line 80 []
[2024-11-09T12:00:50.898967+00:00] ERROR: Spiral\Goridge\Exception\HeaderException: Unable to read frame header: Incorrect header size in /home/kaveh/Desktop/spiral-gRPC/vendor/spiral/goridge/src/StreamRelay.php at line 80 []
[2024-11-09T12:00:50.899235+00:00] ERROR: Spiral\Goridge\Exception\HeaderException: Unable to read frame header: Incorrect header size in /home/kaveh/Desktop/spiral-gRPC/vendor/spiral/goridge/src/StreamRelay.php at line 80 []
[2024-11-09T12:00:50.899230+00:00] ERROR: Spiral\Goridge\Exception\HeaderException: Unable to read frame header: Incorrect header size in /home/kaveh/Desktop/spiral-gRPC/vendor/spiral/goridge/src/StreamRelay.php at line 80 []
[2024-11-09T12:00:50.899478+00:00] ERROR: Spiral\Goridge\Exception\HeaderException: Unable to read frame header: Incorrect header size in /home/kaveh/Desktop/spiral-gRPC/vendor/spiral/goridge/src/StreamRelay.php at line 80 []
[2024-11-09T12:00:50.899551+00:00] ERROR: Spiral\Goridge\Exception\HeaderException: Unable to read frame header: Incorrect header size in /home/kaveh/Desktop/spiral-gRPC/vendor/spiral/goridge/src/StreamRelay.php at line 80 []
[2024-11-09T12:00:50.899574+00:00] ERROR: Spiral\Goridge\Exception\HeaderException: Unable to read frame header: Incorrect header size in /home/kaveh/Desktop/spiral-gRPC/vendor/spiral/goridge/src/StreamRelay.php at line 80 []
[2024-11-09T12:00:50.898967+00:00] ERROR: Spiral\Goridge\Exception\HeaderException: Unable to read frame header: Incorrect header size in /home/kaveh/Desktop/spiral-gRPC/vendor/spiral/goridge/src/StreamRelay.php at line 80 []
[2024-11-09T12:00:50.899771+00:00] ERROR: Spiral\Goridge\Exception\HeaderException: Unable to read frame header: Incorrect header size in /home/kaveh/Desktop/spiral-gRPC/vendor/spiral/goridge/src/StreamRelay.php at line 80 []
[2024-11-09T12:00:50.898967+00:00] ERROR: Spiral\Goridge\Exception\HeaderException: Unable to read frame header: Incorrect header size in /home/kaveh/Desktop/spiral-gRPC/vendor/spiral/goridge/src/StreamRelay.php at line 80 []
[2024-11-09T12:00:50.898983+00:00] ERROR: Spiral\Goridge\Exception\HeaderException: Unable to read frame header: Incorrect header size in /home/kaveh/Desktop/spiral-gRPC/vendor/spiral/goridge/src/StreamRelay.php at line 80 []
[2024-11-09T12:02:38.845216+00:00] ERROR: Spiral\RoadRunner\GRPC\Exception\GRPCException: Unauthorized: only Admin Access. in /home/kaveh/Desktop/spiral-gRPC/app/src/Endpoint/Interceptor/AuthenticationInterceptor.php at line 65 []
[2024-11-09T12:49:11.429671+00:00] ERROR: Error: Typed property App\Entity\User::$rule must not be accessed before initialization in /home/kaveh/Desktop/spiral-gRPC/app/src/Domain/Entity/User.php at line 50 []
[2024-11-09T12:50:50.493197+00:00] ERROR: Cycle\Database\Exception\StatementException: SQLSTATE[22032]: <<Unknown error>>: 3140 Invalid JSON text: "Invalid value." at position 0 in value for column 'users.rule'. in /home/kaveh/Desktop/spiral-gRPC/vendor/cycle/database/src/Driver/MySQL/MySQLDriver.php at line 89 []
[2024-11-09T12:51:09.279754+00:00] ERROR: Cycle\Database\Exception\StatementException: SQLSTATE[22032]: <<Unknown error>>: 3140 Invalid JSON text: "Invalid value." at position 0 in value for column 'users.rule'. in /home/kaveh/Desktop/spiral-gRPC/vendor/cycle/database/src/Driver/MySQL/MySQLDriver.php at line 89 []
[2024-11-09T13:34:34.262075+00:00] ERROR: Cycle\Database\Exception\StatementException\ConstrainException: SQLSTATE[23000]: Integrity constraint violation: 1062 Duplicate entry 'mobile' for key 'categories.categories_index_name_672f5b3e96ed6' in /home/kaveh/Desktop/spiral-gRPC/vendor/cycle/database/src/Driver/MySQL/MySQLDriver.php at line 74 []
[2024-11-09T13:51:57.223759+00:00] ERROR: Cycle\Database\Exception\StatementException: SQLSTATE[22032]: <<Unknown error>>: 3140 Invalid JSON text: "Invalid value." at position 0 in value for column 'users.roles'. in /home/kaveh/Desktop/spiral-gRPC/vendor/cycle/database/src/Driver/MySQL/MySQLDriver.php at line 89 []
[2024-11-09T13:53:29.509352+00:00] ERROR: Cycle\Database\Exception\StatementException: SQLSTATE[22032]: <<Unknown error>>: 3140 Invalid JSON text: "Invalid value." at position 0 in value for column 'users.roles'. in /home/kaveh/Desktop/spiral-gRPC/vendor/cycle/database/src/Driver/MySQL/MySQLDriver.php at line 89 []
[2024-11-09T13:55:53.548096+00:00] ERROR: Error: Call to undefined method App\Entity\User Cycle ORM Proxy::getRule() in /home/kaveh/Desktop/spiral-gRPC/app/src/Endpoint/RPC/UserService.php at line 54 []
[2024-11-09T13:56:24.065970+00:00] ERROR: InvalidArgumentException: Expect string. in /home/kaveh/Desktop/spiral-gRPC/vendor/google/protobuf/src/Google/Protobuf/Internal/GPBUtil.php at line 74 []
[2024-11-09T13:58:23.409938+00:00] ERROR: TypeError: App\Domain\Attribute\AuthenticatedBy::__construct(): Argument #1 ($rule) must be of type string, array given in /home/kaveh/Desktop/spiral-gRPC/app/src/Domain/Attribute/AuthenticatedBy.php at line 8 []
[2024-11-09T14:00:04.978556+00:00] ERROR: Error: Call to undefined method App\Entity\User Cycle ORM Proxy::getRule() in /home/kaveh/Desktop/spiral-gRPC/app/src/Endpoint/Interceptor/AuthenticationInterceptor.php at line 61 []
[2024-11-09T14:00:55.503225+00:00] ERROR: Spiral\RoadRunner\GRPC\Exception\GRPCException: Unauthorized: only Admin Access. in /home/kaveh/Desktop/spiral-gRPC/app/src/Endpoint/Interceptor/AuthenticationInterceptor.php at line 65 []
[2024-11-09T14:06:00.728793+00:00] ERROR: Exception: Expect array. in /home/kaveh/Desktop/spiral-gRPC/vendor/google/protobuf/src/Google/Protobuf/Internal/GPBUtil.php at line 182 []
[2024-11-09T14:24:58.915308+00:00] ERROR: Cycle\Database\Exception\StatementException\ConstrainException: SQLSTATE[23000]: Integrity constraint violation: 1062 Duplicate entry 'laptop' for key 'categories.categories_index_name_672f6806c3092' in /home/kaveh/Desktop/spiral-gRPC/vendor/cycle/database/src/Driver/MySQL/MySQLDriver.php at line 74 []
[2024-11-09T14:25:14.455988+00:00] ERROR: Spiral\RoadRunner\GRPC\Exception\GRPCException: Unauthorized: only Admin Access. in /home/kaveh/Desktop/spiral-gRPC/app/src/Endpoint/Interceptor/AuthenticationInterceptor.php at line 65 []
[2024-11-09T14:25:22.661060+00:00] ERROR: Cycle\Database\Exception\StatementException\ConstrainException: SQLSTATE[23000]: Integrity constraint violation: 1062 Duplicate entry 'laptop2' for key 'categories.categories_index_name_672f6806c3092' in /home/kaveh/Desktop/spiral-gRPC/vendor/cycle/database/src/Driver/MySQL/MySQLDriver.php at line 74 []
[2024-11-09T14:25:39.652094+00:00] ERROR: Spiral\RoadRunner\GRPC\Exception\GRPCException: Unauthorized: only Admin Access. in /home/kaveh/Desktop/spiral-gRPC/app/src/Endpoint/Interceptor/AuthenticationInterceptor.php at line 65 []
[2024-11-09T14:27:07.854740+00:00] ERROR: Cycle\Database\Exception\StatementException\ConstrainException: SQLSTATE[23000]: Integrity constraint violation: 1062 Duplicate entry 'laptop2' for key 'categories.categories_index_name_672f6806c3092' in /home/kaveh/Desktop/spiral-gRPC/vendor/cycle/database/src/Driver/MySQL/MySQLDriver.php at line 74 []
[2024-11-09T14:27:15.015497+00:00] ERROR: Spiral\RoadRunner\GRPC\Exception\GRPCException: Unauthorized: only (guest,user2) Access. in /home/kaveh/Desktop/spiral-gRPC/app/src/Endpoint/Interceptor/AuthenticationInterceptor.php at line 66 []
[2024-11-09T14:27:29.631577+00:00] ERROR: Spiral\RoadRunner\GRPC\Exception\GRPCException: Unauthorized: only (guest,user2) can access. in /home/kaveh/Desktop/spiral-gRPC/app/src/Endpoint/Interceptor/AuthenticationInterceptor.php at line 66 []
[2024-11-09T14:56:43.877519+00:00] ERROR: Spiral\Goridge\Exception\HeaderException: Unable to read frame header: Incorrect header size in /home/kaveh/Desktop/spiral-gRPC/vendor/spiral/goridge/src/StreamRelay.php at line 80 []
[2024-11-09T14:56:43.877540+00:00] ERROR: Spiral\Goridge\Exception\HeaderException: Unable to read frame header: Incorrect header size in /home/kaveh/Desktop/spiral-gRPC/vendor/spiral/goridge/src/StreamRelay.php at line 80 []
[2024-11-09T14:56:43.877521+00:00] ERROR: Spiral\Goridge\Exception\HeaderException: Unable to read frame header: Incorrect header size in /home/kaveh/Desktop/spiral-gRPC/vendor/spiral/goridge/src/StreamRelay.php at line 80 []
[2024-11-09T14:56:43.877519+00:00] ERROR: Spiral\Goridge\Exception\HeaderException: Unable to read frame header: Incorrect header size in /home/kaveh/Desktop/spiral-gRPC/vendor/spiral/goridge/src/StreamRelay.php at line 80 []
[2024-11-09T14:56:43.877969+00:00] ERROR: Spiral\Goridge\Exception\HeaderException: Unable to read frame header: Incorrect header size in /home/kaveh/Desktop/spiral-gRPC/vendor/spiral/goridge/src/StreamRelay.php at line 80 []
[2024-11-09T14:56:43.877993+00:00] ERROR: Spiral\Goridge\Exception\HeaderException: Unable to read frame header: Incorrect header size in /home/kaveh/Desktop/spiral-gRPC/vendor/spiral/goridge/src/StreamRelay.php at line 80 []
[2024-11-09T14:56:43.878052+00:00] ERROR: Spiral\Goridge\Exception\HeaderException: Unable to read frame header: Incorrect header size in /home/kaveh/Desktop/spiral-gRPC/vendor/spiral/goridge/src/StreamRelay.php at line 80 []
[2024-11-09T14:56:43.878470+00:00] ERROR: Spiral\Goridge\Exception\HeaderException: Unable to read frame header: Incorrect header size in /home/kaveh/Desktop/spiral-gRPC/vendor/spiral/goridge/src/StreamRelay.php at line 80 []
[2024-11-09T14:56:43.878585+00:00] ERROR: Spiral\Goridge\Exception\HeaderException: Unable to read frame header: Incorrect header size in /home/kaveh/Desktop/spiral-gRPC/vendor/spiral/goridge/src/StreamRelay.php at line 80 []
[2024-11-09T14:56:43.879191+00:00] ERROR: Spiral\Goridge\Exception\HeaderException: Unable to read frame header: Incorrect header size in /home/kaveh/Desktop/spiral-gRPC/vendor/spiral/goridge/src/StreamRelay.php at line 80 []
[2024-11-09T14:56:43.879207+00:00] ERROR: Spiral\Goridge\Exception\HeaderException: Unable to read frame header: Incorrect header size in /home/kaveh/Desktop/spiral-gRPC/vendor/spiral/goridge/src/StreamRelay.php at line 80 []
[2024-11-09T14:56:43.877542+00:00] ERROR: Spiral\Goridge\Exception\HeaderException: Unable to read frame header: Incorrect header size in /home/kaveh/Desktop/spiral-gRPC/vendor/spiral/goridge/src/StreamRelay.php at line 80 []
[2024-11-09T14:56:43.879371+00:00] ERROR: Spiral\Goridge\Exception\HeaderException: Unable to read frame header: Incorrect header size in /home/kaveh/Desktop/spiral-gRPC/vendor/spiral/goridge/src/StreamRelay.php at line 80 []
[2024-11-09T14:56:43.879385+00:00] ERROR: Spiral\Goridge\Exception\HeaderException: Unable to read frame header: Incorrect header size in /home/kaveh/Desktop/spiral-gRPC/vendor/spiral/goridge/src/StreamRelay.php at line 80 []
