[2024-11-07T07:54:17.197070+00:00] ERROR: ErrorException: Trying to access array offset on null in /home/kaveh-msi/Desktop/spiral-gRPC/app/src/Endpoint/Interceptor/AuthenticationInterceptor.php at line 20 []
[2024-11-07T07:54:49.803674+00:00] ERROR: ErrorException: Trying to access array offset on null in /home/kaveh-msi/Desktop/spiral-gRPC/app/src/Endpoint/Interceptor/AuthenticationInterceptor.php at line 20 []
[2024-11-07T07:56:24.473416+00:00] ERROR: ErrorException: Trying to access array offset on null in /home/kaveh-msi/Desktop/spiral-gRPC/app/src/Endpoint/Interceptor/AuthenticationInterceptor.php at line 20 []
[2024-11-07T07:56:52.973976+00:00] ERROR: ErrorException: Trying to access array offset on null in /home/kaveh-msi/Desktop/spiral-gRPC/app/src/Endpoint/Interceptor/AuthenticationInterceptor.php at line 20 []
[2024-11-07T07:57:47.590677+00:00] ERROR: ErrorException: Trying to access array offset on null in /home/kaveh-msi/Desktop/spiral-gRPC/app/src/Endpoint/Interceptor/AuthenticationInterceptor.php at line 20 []
[2024-11-07T08:18:21.278360+00:00] ERROR: Cycle\Database\Exception\StatementException\ConstrainException: SQLSTATE[23000]: Integrity constraint violation: 1062 Duplicate entry 'laptop5122' for key 'categories.categories_index_name_672ba15d56f92' in /home/kaveh-msi/PhpstormProjects/spiral-gRPC/vendor/cycle/database/src/Driver/MySQL/MySQLDriver.php at line 74 []
[2024-11-07T08:20:10.761377+00:00] ERROR: Cycle\Database\Exception\StatementException\ConstrainException: SQLSTATE[23000]: Integrity constraint violation: 1062 Duplicate entry 'laptop5122' for key 'categories.categories_index_name_672ba15d56f92' in /home/kaveh-msi/PhpstormProjects/spiral-gRPC/vendor/cycle/database/src/Driver/MySQL/MySQLDriver.php at line 74 []
[2024-11-07T08:20:19.821121+00:00] ERROR: Cycle\Database\Exception\StatementException\ConstrainException: SQLSTATE[23000]: Integrity constraint violation: 1062 Duplicate entry 'laptop5122' for key 'categories.categories_index_name_672ba15d56f92' in /home/kaveh-msi/PhpstormProjects/spiral-gRPC/vendor/cycle/database/src/Driver/MySQL/MySQLDriver.php at line 74 []
[2024-11-07T08:21:04.780738+00:00] ERROR: Cycle\ORM\Exception\SchemaException: Undefined schema `App\Entity\User`, not found. in /home/kaveh-msi/PhpstormProjects/spiral-gRPC/vendor/cycle/orm/src/Schema.php at line 123 []
[2024-11-07T08:21:37.915539+00:00] ERROR: Cycle\ORM\Exception\SchemaException: Undefined schema `App\Domain\Entity\Category`, not found. in /home/kaveh-msi/PhpstormProjects/spiral-gRPC/vendor/cycle/orm/src/Schema.php at line 123 []
[2024-11-07T08:21:59.309587+00:00] ERROR: Cycle\ORM\Exception\SchemaException: Undefined schema `App\Domain\Entity\Category`, not found. in /home/kaveh-msi/PhpstormProjects/spiral-gRPC/vendor/cycle/orm/src/Schema.php at line 123 []
[2024-11-07T08:22:32.434502+00:00] ERROR: Cycle\Database\Exception\StatementException\ConstrainException: SQLSTATE[23000]: Integrity constraint violation: 1062 Duplicate entry 'laptop5122' for key 'categories.categories_index_name_672ba15d56f92' in /home/kaveh-msi/PhpstormProjects/spiral-gRPC/vendor/cycle/database/src/Driver/MySQL/MySQLDriver.php at line 74 []
[2024-11-07T08:25:52.761978+00:00] ERROR: Cycle\Database\Exception\StatementException\ConstrainException: SQLSTATE[23000]: Integrity constraint violation: 1062 Duplicate entry 'laptop5122' for key 'categories.categories_index_name_672ba15d56f92' in /home/kaveh-msi/PhpstormProjects/spiral-gRPC/vendor/cycle/database/src/Driver/MySQL/MySQLDriver.php at line 74 []
[2024-11-07T08:25:59.690077+00:00] ERROR: Cycle\Database\Exception\StatementException\ConstrainException: SQLSTATE[23000]: Integrity constraint violation: 1062 Duplicate entry 'laptop512' for key 'categories.categories_index_name_672ba15d56f92' in /home/kaveh-msi/PhpstormProjects/spiral-gRPC/vendor/cycle/database/src/Driver/MySQL/MySQLDriver.php at line 74 []
[2024-11-07T08:28:46.357196+00:00] ERROR: ErrorException: Trying to access array offset on null in /home/kaveh-msi/PhpstormProjects/spiral-gRPC/app/src/Endpoint/Interceptor/AuthenticationInterceptor.php at line 20 []
[2024-11-07T08:29:40.306805+00:00] ERROR: ErrorException: Trying to access array offset on null in /home/kaveh-msi/PhpstormProjects/spiral-gRPC/app/src/Endpoint/Interceptor/AuthenticationInterceptor.php at line 20 []
[2024-11-07T08:36:25.596677+00:00] ERROR: ErrorException: Trying to access array offset on null in /home/kaveh-msi/PhpstormProjects/spiral-gRPC/app/src/Endpoint/Interceptor/AuthenticationInterceptor.php at line 20 []
[2024-11-07T08:36:30.435988+00:00] ERROR: ErrorException: Trying to access array offset on null in /home/kaveh-msi/PhpstormProjects/spiral-gRPC/app/src/Endpoint/Interceptor/AuthenticationInterceptor.php at line 20 []
[2024-11-07T08:36:33.663654+00:00] ERROR: ErrorException: Trying to access array offset on null in /home/kaveh-msi/PhpstormProjects/spiral-gRPC/app/src/Endpoint/Interceptor/AuthenticationInterceptor.php at line 20 []
[2024-11-07T08:36:48.752254+00:00] ERROR: ErrorException: Trying to access array offset on null in /home/kaveh-msi/PhpstormProjects/spiral-gRPC/app/src/Endpoint/Interceptor/AuthenticationInterceptor.php at line 20 []
[2024-11-07T08:37:18.747556+00:00] ERROR: ErrorException: Trying to access array offset on null in /home/kaveh-msi/PhpstormProjects/spiral-gRPC/app/src/Endpoint/Interceptor/AuthenticationInterceptor.php at line 20 []
[2024-11-07T08:37:42.614452+00:00] ERROR: ErrorException: Trying to access array offset on null in /home/kaveh-msi/PhpstormProjects/spiral-gRPC/app/src/Endpoint/Interceptor/AuthenticationInterceptor.php at line 20 []
[2024-11-07T08:39:00.549501+00:00] ERROR: ErrorException: Trying to access array offset on null in /home/kaveh-msi/PhpstormProjects/spiral-gRPC/app/src/Endpoint/Interceptor/AuthenticationInterceptor.php at line 20 []
[2024-11-07T08:41:57.351745+00:00] ERROR: Spiral\Goridge\Exception\HeaderException: Unable to read frame header: Incorrect header size in /home/kaveh-msi/PhpstormProjects/spiral-gRPC/vendor/spiral/goridge/src/StreamRelay.php at line 80 []
[2024-11-07T08:41:57.351867+00:00] ERROR: Spiral\Goridge\Exception\HeaderException: Unable to read frame header: Incorrect header size in /home/kaveh-msi/PhpstormProjects/spiral-gRPC/vendor/spiral/goridge/src/StreamRelay.php at line 80 []
[2024-11-07T08:41:57.351939+00:00] ERROR: Spiral\Goridge\Exception\HeaderException: Unable to read frame header: Incorrect header size in /home/kaveh-msi/PhpstormProjects/spiral-gRPC/vendor/spiral/goridge/src/StreamRelay.php at line 80 []
[2024-11-07T08:41:57.352194+00:00] ERROR: Spiral\Goridge\Exception\HeaderException: Unable to read frame header: Incorrect header size in /home/kaveh-msi/PhpstormProjects/spiral-gRPC/vendor/spiral/goridge/src/StreamRelay.php at line 80 []
[2024-11-07T08:41:57.352194+00:00] ERROR: Spiral\Goridge\Exception\HeaderException: Unable to read frame header: Incorrect header size in /home/kaveh-msi/PhpstormProjects/spiral-gRPC/vendor/spiral/goridge/src/StreamRelay.php at line 80 []
[2024-11-07T08:41:57.351745+00:00] ERROR: Spiral\Goridge\Exception\HeaderException: Unable to read frame header: Incorrect header size in /home/kaveh-msi/PhpstormProjects/spiral-gRPC/vendor/spiral/goridge/src/StreamRelay.php at line 80 []
[2024-11-07T08:41:57.352244+00:00] ERROR: Spiral\Goridge\Exception\HeaderException: Unable to read frame header: Incorrect header size in /home/kaveh-msi/PhpstormProjects/spiral-gRPC/vendor/spiral/goridge/src/StreamRelay.php at line 80 []
[2024-11-07T08:41:57.351753+00:00] ERROR: Spiral\Goridge\Exception\HeaderException: Unable to read frame header: Incorrect header size in /home/kaveh-msi/PhpstormProjects/spiral-gRPC/vendor/spiral/goridge/src/StreamRelay.php at line 80 []
[2024-11-07T08:41:57.351761+00:00] ERROR: Spiral\Goridge\Exception\HeaderException: Unable to read frame header: Incorrect header size in /home/kaveh-msi/PhpstormProjects/spiral-gRPC/vendor/spiral/goridge/src/StreamRelay.php at line 80 []
[2024-11-07T08:41:57.352491+00:00] ERROR: Spiral\Goridge\Exception\HeaderException: Unable to read frame header: Incorrect header size in /home/kaveh-msi/PhpstormProjects/spiral-gRPC/vendor/spiral/goridge/src/StreamRelay.php at line 80 []
[2024-11-07T08:41:57.351758+00:00] ERROR: Spiral\Goridge\Exception\HeaderException: Unable to read frame header: Incorrect header size in /home/kaveh-msi/PhpstormProjects/spiral-gRPC/vendor/spiral/goridge/src/StreamRelay.php at line 80 []
[2024-11-07T08:41:57.351787+00:00] ERROR: Spiral\Goridge\Exception\HeaderException: Unable to read frame header: Incorrect header size in /home/kaveh-msi/PhpstormProjects/spiral-gRPC/vendor/spiral/goridge/src/StreamRelay.php at line 80 []
[2024-11-07T08:41:57.352200+00:00] ERROR: Spiral\Goridge\Exception\HeaderException: Unable to read frame header: Incorrect header size in /home/kaveh-msi/PhpstormProjects/spiral-gRPC/vendor/spiral/goridge/src/StreamRelay.php at line 80 []
[2024-11-07T08:41:57.352283+00:00] ERROR: Spiral\Goridge\Exception\HeaderException: Unable to read frame header: Incorrect header size in /home/kaveh-msi/PhpstormProjects/spiral-gRPC/vendor/spiral/goridge/src/StreamRelay.php at line 80 []
[2024-11-07T08:41:57.351745+00:00] ERROR: Spiral\Goridge\Exception\HeaderException: Unable to read frame header: Incorrect header size in /home/kaveh-msi/PhpstormProjects/spiral-gRPC/vendor/spiral/goridge/src/StreamRelay.php at line 80 []
[2024-11-07T08:41:57.351745+00:00] ERROR: Spiral\Goridge\Exception\HeaderException: Unable to read frame header: Incorrect header size in /home/kaveh-msi/PhpstormProjects/spiral-gRPC/vendor/spiral/goridge/src/StreamRelay.php at line 80 []
[2024-11-07T08:41:57.352388+00:00] ERROR: Spiral\Goridge\Exception\HeaderException: Unable to read frame header: Incorrect header size in /home/kaveh-msi/PhpstormProjects/spiral-gRPC/vendor/spiral/goridge/src/StreamRelay.php at line 80 []
[2024-11-07T08:41:57.352607+00:00] ERROR: Spiral\Goridge\Exception\HeaderException: Unable to read frame header: Incorrect header size in /home/kaveh-msi/PhpstormProjects/spiral-gRPC/vendor/spiral/goridge/src/StreamRelay.php at line 80 []
[2024-11-07T14:06:43.460941+00:00] ERROR: ErrorException: Trying to access array offset on null in /home/kaveh-msi/PhpstormProjects/spiral-gRPC/app/src/Endpoint/Interceptor/AuthenticationInterceptor.php at line 20 []
[2024-11-07T14:06:51.624608+00:00] ERROR: ErrorException: Undefined array key 0 in /home/kaveh-msi/PhpstormProjects/spiral-gRPC/app/src/Endpoint/Interceptor/AuthenticationInterceptor.php at line 35 []
[2024-11-07T14:10:31.493530+00:00] ERROR: Spiral\RoadRunner\GRPC\Exception\GRPCException: {"mobile":"Value does not match required pattern."} in /home/kaveh-msi/PhpstormProjects/spiral-gRPC/app/src/Endpoint/Interceptor/ValidatorInterceptor.php at line 38 []
[2024-11-07T14:11:18.755640+00:00] ERROR: Spiral\Goridge\Exception\HeaderException: Unable to read frame header: Incorrect header size in /home/kaveh-msi/PhpstormProjects/spiral-gRPC/vendor/spiral/goridge/src/StreamRelay.php at line 80 []
[2024-11-07T14:11:18.755640+00:00] ERROR: Spiral\Goridge\Exception\HeaderException: Unable to read frame header: Incorrect header size in /home/kaveh-msi/PhpstormProjects/spiral-gRPC/vendor/spiral/goridge/src/StreamRelay.php at line 80 []
[2024-11-07T14:12:01.799883+00:00] ERROR: Cycle\Database\Exception\StatementException\ConstrainException: SQLSTATE[23000]: Integrity constraint violation: 1062 Duplicate entry '09387578018' for key 'users.users_index_mobile_6727a94657028' in /home/kaveh-msi/PhpstormProjects/spiral-gRPC/vendor/cycle/database/src/Driver/MySQL/MySQLDriver.php at line 74 []
