[2024-11-06T04:22:12.752966+00:00] ERROR: Spiral\Core\Exception\Container\RecursiveProxyException: Recursive proxy detected for `Spiral\Auth\AuthContextInterface`. Binding scope: `root`. Calling scope: `root.grpc.grpc-request`. in /home/kaveh/Desktop/spiral-gRPC/vendor/spiral/framework/src/Core/src/Internal/Proxy/Resolver.php at line 55 []
[2024-11-06T04:22:59.979117+00:00] ERROR: Spiral\Core\Exception\Container\RecursiveProxyException: Recursive proxy detected for `Spiral\Auth\AuthContextInterface`. Binding scope: `root`. Calling scope: `root.grpc.grpc-request`. in /home/kaveh/Desktop/spiral-gRPC/vendor/spiral/framework/src/Core/src/Internal/Proxy/Resolver.php at line 55 []
[2024-11-06T04:23:03.712953+00:00] ERROR: Spiral\Goridge\Exception\HeaderException: Unable to read frame header: Incorrect header size in /home/kaveh/Desktop/spiral-gRPC/vendor/spiral/goridge/src/StreamRelay.php at line 80 []
[2024-11-06T04:23:03.712950+00:00] ERROR: Spiral\Goridge\Exception\HeaderException: Unable to read frame header: Incorrect header size in /home/kaveh/Desktop/spiral-gRPC/vendor/spiral/goridge/src/StreamRelay.php at line 80 []
[2024-11-06T04:23:03.713193+00:00] ERROR: Spiral\Goridge\Exception\HeaderException: Unable to read frame header: Incorrect header size in /home/kaveh/Desktop/spiral-gRPC/vendor/spiral/goridge/src/StreamRelay.php at line 80 []
[2024-11-06T04:23:03.712959+00:00] ERROR: Spiral\Goridge\Exception\HeaderException: Unable to read frame header: Incorrect header size in /home/kaveh/Desktop/spiral-gRPC/vendor/spiral/goridge/src/StreamRelay.php at line 80 []
[2024-11-06T04:23:03.713361+00:00] ERROR: Spiral\Goridge\Exception\HeaderException: Unable to read frame header: Incorrect header size in /home/kaveh/Desktop/spiral-gRPC/vendor/spiral/goridge/src/StreamRelay.php at line 80 []
[2024-11-06T04:23:03.712950+00:00] ERROR: Spiral\Goridge\Exception\HeaderException: Unable to read frame header: Incorrect header size in /home/kaveh/Desktop/spiral-gRPC/vendor/spiral/goridge/src/StreamRelay.php at line 80 []
[2024-11-06T04:23:03.712950+00:00] ERROR: Spiral\Goridge\Exception\HeaderException: Unable to read frame header: Incorrect header size in /home/kaveh/Desktop/spiral-gRPC/vendor/spiral/goridge/src/StreamRelay.php at line 80 []
[2024-11-06T04:23:03.713201+00:00] ERROR: Spiral\Goridge\Exception\HeaderException: Unable to read frame header: Incorrect header size in /home/kaveh/Desktop/spiral-gRPC/vendor/spiral/goridge/src/StreamRelay.php at line 80 []
[2024-11-06T04:23:03.717632+00:00] ERROR: Spiral\Goridge\Exception\HeaderException: Unable to read frame header: Incorrect header size in /home/kaveh/Desktop/spiral-gRPC/vendor/spiral/goridge/src/StreamRelay.php at line 80 []
[2024-11-06T04:23:10.700294+00:00] ERROR: Spiral\Core\Exception\Container\RecursiveProxyException: Recursive proxy detected for `Spiral\Auth\AuthContextInterface`. Binding scope: `root`. Calling scope: `root.grpc.grpc-request`. in /home/kaveh/Desktop/spiral-gRPC/vendor/spiral/framework/src/Core/src/Internal/Proxy/Resolver.php at line 55 []
[2024-11-06T06:05:53.712785+00:00] ERROR: Spiral\Core\Exception\Container\RecursiveProxyException: Recursive proxy detected for `Spiral\Auth\AuthContextInterface`. Binding scope: `root`. Calling scope: `root.grpc.grpc-request`. in /home/kaveh/Desktop/spiral-gRPC/vendor/spiral/framework/src/Core/src/Internal/Proxy/Resolver.php at line 55 []
[2024-11-06T06:06:50.113903+00:00] ERROR: Spiral\Core\Exception\Container\RecursiveProxyException: Recursive proxy detected for `Spiral\Auth\AuthContextInterface`. Binding scope: `root`. Calling scope: `root.grpc.grpc-request`. in /home/kaveh/Desktop/spiral-gRPC/vendor/spiral/framework/src/Core/src/Internal/Proxy/Resolver.php at line 55 []
[2024-11-06T06:07:31.405869+00:00] ERROR: Spiral\Core\Exception\Container\RecursiveProxyException: Recursive proxy detected for `Spiral\Auth\AuthContextInterface`. Binding scope: `root`. Calling scope: `root.grpc.grpc-request`. in /home/kaveh/Desktop/spiral-gRPC/vendor/spiral/framework/src/Core/src/Internal/Proxy/Resolver.php at line 55 []
[2024-11-06T06:10:16.307658+00:00] ERROR: Spiral\Core\Exception\Container\RecursiveProxyException: Recursive proxy detected for `Spiral\Auth\AuthContextInterface`. Binding scope: `root`. Calling scope: `root.grpc.grpc-request`. in /home/kaveh/Desktop/spiral-gRPC/vendor/spiral/framework/src/Core/src/Internal/Proxy/Resolver.php at line 55 []
[2024-11-06T06:13:20.156661+00:00] ERROR: Spiral\Core\Exception\Container\RecursiveProxyException: Recursive proxy detected for `Spiral\Auth\AuthContextInterface`. Binding scope: `root`. Calling scope: `root.grpc.grpc-request`. in /home/kaveh/Desktop/spiral-gRPC/vendor/spiral/framework/src/Core/src/Internal/Proxy/Resolver.php at line 55 []
[2024-11-06T06:13:28.476558+00:00] ERROR: Spiral\Goridge\Exception\HeaderException: Unable to read frame header: Incorrect header size in /home/kaveh/Desktop/spiral-gRPC/vendor/spiral/goridge/src/StreamRelay.php at line 80 []
[2024-11-06T06:13:28.476558+00:00] ERROR: Spiral\Goridge\Exception\HeaderException: Unable to read frame header: Incorrect header size in /home/kaveh/Desktop/spiral-gRPC/vendor/spiral/goridge/src/StreamRelay.php at line 80 []
[2024-11-06T06:13:28.476558+00:00] ERROR: Spiral\Goridge\Exception\HeaderException: Unable to read frame header: Incorrect header size in /home/kaveh/Desktop/spiral-gRPC/vendor/spiral/goridge/src/StreamRelay.php at line 80 []
[2024-11-06T06:13:28.476856+00:00] ERROR: Spiral\Goridge\Exception\HeaderException: Unable to read frame header: Incorrect header size in /home/kaveh/Desktop/spiral-gRPC/vendor/spiral/goridge/src/StreamRelay.php at line 80 []
[2024-11-06T06:13:28.476558+00:00] ERROR: Spiral\Goridge\Exception\HeaderException: Unable to read frame header: Incorrect header size in /home/kaveh/Desktop/spiral-gRPC/vendor/spiral/goridge/src/StreamRelay.php at line 80 []
[2024-11-06T06:13:28.476558+00:00] ERROR: Spiral\Goridge\Exception\HeaderException: Unable to read frame header: Incorrect header size in /home/kaveh/Desktop/spiral-gRPC/vendor/spiral/goridge/src/StreamRelay.php at line 80 []
[2024-11-06T06:13:39.181335+00:00] ERROR: Spiral\Core\Exception\Container\RecursiveProxyException: Recursive proxy detected for `Spiral\Auth\AuthContextInterface`. Binding scope: `root`. Calling scope: `root.grpc.grpc-request`. in /home/kaveh/Desktop/spiral-gRPC/vendor/spiral/framework/src/Core/src/Internal/Proxy/Resolver.php at line 55 []
[2024-11-06T06:14:26.460547+00:00] ERROR: Spiral\Core\Exception\Container\RecursiveProxyException: Recursive proxy detected for `Spiral\Auth\AuthContextInterface`. Binding scope: `root`. Calling scope: `root.grpc.grpc-request`. in /home/kaveh/Desktop/spiral-gRPC/vendor/spiral/framework/src/Core/src/Internal/Proxy/Resolver.php at line 55 []
[2024-11-06T06:14:55.309591+00:00] ERROR: Spiral\Core\Exception\Container\RecursiveProxyException: Recursive proxy detected for `Spiral\Auth\AuthContextInterface`. Binding scope: `root`. Calling scope: `root.grpc.grpc-request`. in /home/kaveh/Desktop/spiral-gRPC/vendor/spiral/framework/src/Core/src/Internal/Proxy/Resolver.php at line 55 []
[2024-11-06T06:15:45.015814+00:00] ERROR: Spiral\Core\Exception\Container\RecursiveProxyException: Recursive proxy detected for `Spiral\Auth\AuthContextInterface`. Binding scope: `root`. Calling scope: `root.grpc.grpc-request`. in /home/kaveh/Desktop/spiral-gRPC/vendor/spiral/framework/src/Core/src/Internal/Proxy/Resolver.php at line 55 []
[2024-11-06T06:16:02.501185+00:00] ERROR: Spiral\Core\Exception\Container\RecursiveProxyException: Recursive proxy detected for `Spiral\Auth\AuthContextInterface`. Binding scope: `root`. Calling scope: `root.grpc.grpc-request`. in /home/kaveh/Desktop/spiral-gRPC/vendor/spiral/framework/src/Core/src/Internal/Proxy/Resolver.php at line 55 []
[2024-11-06T06:16:09.163744+00:00] ERROR: Spiral\Goridge\Exception\HeaderException: Unable to read frame header: Incorrect header size in /home/kaveh/Desktop/spiral-gRPC/vendor/spiral/goridge/src/StreamRelay.php at line 80 []
[2024-11-06T06:16:09.163743+00:00] ERROR: Spiral\Goridge\Exception\HeaderException: Unable to read frame header: Incorrect header size in /home/kaveh/Desktop/spiral-gRPC/vendor/spiral/goridge/src/StreamRelay.php at line 80 []
[2024-11-06T06:16:09.164040+00:00] ERROR: Spiral\Goridge\Exception\HeaderException: Unable to read frame header: Incorrect header size in /home/kaveh/Desktop/spiral-gRPC/vendor/spiral/goridge/src/StreamRelay.php at line 80 []
[2024-11-06T06:16:09.163744+00:00] ERROR: Spiral\Goridge\Exception\HeaderException: Unable to read frame header: Incorrect header size in /home/kaveh/Desktop/spiral-gRPC/vendor/spiral/goridge/src/StreamRelay.php at line 80 []
[2024-11-06T06:16:09.163743+00:00] ERROR: Spiral\Goridge\Exception\HeaderException: Unable to read frame header: Incorrect header size in /home/kaveh/Desktop/spiral-gRPC/vendor/spiral/goridge/src/StreamRelay.php at line 80 []
[2024-11-06T06:16:14.500810+00:00] ERROR: Spiral\Core\Exception\Container\RecursiveProxyException: Recursive proxy detected for `Spiral\Auth\AuthContextInterface`. Binding scope: `root`. Calling scope: `root.grpc.grpc-request`. in /home/kaveh/Desktop/spiral-gRPC/vendor/spiral/framework/src/Core/src/Internal/Proxy/Resolver.php at line 55 []
[2024-11-06T06:16:57.167265+00:00] ERROR: Spiral\Core\Exception\Container\RecursiveProxyException: Recursive proxy detected for `Spiral\Auth\AuthContextInterface`. Binding scope: `root`. Calling scope: `root.grpc.grpc-request`. in /home/kaveh/Desktop/spiral-gRPC/vendor/spiral/framework/src/Core/src/Internal/Proxy/Resolver.php at line 55 []
[2024-11-06T06:19:56.167246+00:00] ERROR: Spiral\Core\Exception\Container\RecursiveProxyException: Recursive proxy detected for `Spiral\Auth\AuthContextInterface`. Binding scope: `root`. Calling scope: `root.grpc.grpc-request`. in /home/kaveh/Desktop/spiral-gRPC/vendor/spiral/framework/src/Core/src/Internal/Proxy/Resolver.php at line 55 []
[2024-11-06T06:24:11.115871+00:00] ERROR: Error: Call to undefined method Spiral\Interceptors\Context\CallContext::getMethod() in /home/kaveh/Desktop/spiral-gRPC/app/src/Endpoint/Interceptor/AuthenticationInterceptor.php at line 19 []
[2024-11-06T06:25:51.070170+00:00] ERROR: Error: Call to undefined method Spiral\Interceptors\Context\CallContext::getName() in /home/kaveh/Desktop/spiral-gRPC/app/src/Endpoint/Interceptor/AuthenticationInterceptor.php at line 18 []
[2024-11-06T06:30:01.176904+00:00] ERROR: Error: Call to undefined method Spiral\Interceptors\Context\CallContext::getName() in /home/kaveh/Desktop/spiral-gRPC/app/src/Endpoint/Interceptor/AuthenticationInterceptor.php at line 19 []
[2024-11-06T06:36:34.491073+00:00] ERROR: Error: Call to undefined method Spiral\Interceptors\Context\CallContext::getName() in /home/kaveh/Desktop/spiral-gRPC/app/src/Endpoint/Interceptor/AuthenticationInterceptor.php at line 19 []
[2024-11-06T06:41:48.947189+00:00] ERROR: Cycle\Database\Exception\StatementException\ConstrainException: SQLSTATE[23000]: Integrity constraint violation: 1062 Duplicate entry 'laptop' for key 'categories.categories_index_name_672a0aa01fb3c' in /home/kaveh/Desktop/spiral-gRPC/vendor/cycle/database/src/Driver/MySQL/MySQLDriver.php at line 74 []
[2024-11-06T06:49:44.171667+00:00] ERROR: TypeError: ReflectionMethod::__construct(): Argument #2 ($method) must be of type ?string, Spiral\RoadRunner\GRPC\Method given in /home/kaveh/Desktop/spiral-gRPC/app/src/Endpoint/Interceptor/AuthenticationInterceptor.php at line 26 []
[2024-11-06T06:49:52.543592+00:00] ERROR: TypeError: ReflectionMethod::__construct(): Argument #2 ($method) must be of type ?string, Spiral\RoadRunner\GRPC\Method given in /home/kaveh/Desktop/spiral-gRPC/app/src/Endpoint/Interceptor/AuthenticationInterceptor.php at line 26 []
[2024-11-06T07:58:51.076428+00:00] ERROR: TypeError: ReflectionMethod::__construct(): Argument #2 ($method) must be of type ?string, Spiral\RoadRunner\GRPC\Method given in /home/kaveh/Desktop/spiral-gRPC/app/src/Endpoint/Interceptor/AuthenticationInterceptor.php at line 26 []
[2024-11-06T08:03:27.809041+00:00] ERROR: Spiral\Core\Exception\Container\RecursiveProxyException: Recursive proxy detected for `Spiral\Auth\AuthContextInterface`. Binding scope: `root`. Calling scope: `root.grpc.grpc-request`. in /home/kaveh/Desktop/spiral-gRPC/vendor/spiral/framework/src/Core/src/Internal/Proxy/Resolver.php at line 55 []
[2024-11-06T08:09:42.424123+00:00] ERROR: Spiral\Core\Exception\Container\RecursiveProxyException: Recursive proxy detected for `Spiral\Auth\AuthContextInterface`. Binding scope: `root`. Calling scope: `root.grpc.grpc-request`. in /home/kaveh/Desktop/spiral-gRPC/vendor/spiral/framework/src/Core/src/Internal/Proxy/Resolver.php at line 55 []
[2024-11-06T08:10:24.002919+00:00] ERROR: TypeError: ReflectionMethod::__construct(): Argument #2 ($method) must be of type ?string, Spiral\RoadRunner\GRPC\Method given in /home/kaveh/Desktop/spiral-gRPC/app/src/Endpoint/Interceptor/AuthenticationInterceptor.php at line 26 []
[2024-11-06T08:46:17.021019+00:00] ERROR: TypeError: ReflectionMethod::__construct(): Argument #2 ($method) must be of type ?string, Spiral\RoadRunner\GRPC\Method given in /home/kaveh/Desktop/spiral-gRPC/app/src/Endpoint/Interceptor/AuthenticationInterceptor.php at line 27 []
[2024-11-06T08:47:04.490326+00:00] ERROR: TypeError: ReflectionMethod::__construct(): Argument #2 ($method) must be of type ?string, Spiral\RoadRunner\GRPC\Method given in /home/kaveh/Desktop/spiral-gRPC/app/src/Endpoint/Interceptor/AuthenticationInterceptor.php at line 27 []
[2024-11-06T08:48:48.414969+00:00] ERROR: TypeError: ReflectionMethod::__construct(): Argument #2 ($method) must be of type ?string, Spiral\RoadRunner\GRPC\Method given in /home/kaveh/Desktop/spiral-gRPC/app/src/Endpoint/Interceptor/AuthenticationInterceptor.php at line 27 []
[2024-11-06T08:49:04.953427+00:00] ERROR: TypeError: ReflectionMethod::__construct(): Argument #2 ($method) must be of type ?string, Spiral\RoadRunner\GRPC\Method given in /home/kaveh/Desktop/spiral-gRPC/app/src/Endpoint/Interceptor/AuthenticationInterceptor.php at line 27 []
[2024-11-06T08:49:21.841479+00:00] ERROR: Spiral\Goridge\Exception\HeaderException: Unable to read frame header: Incorrect header size in /home/kaveh/Desktop/spiral-gRPC/vendor/spiral/goridge/src/StreamRelay.php at line 80 []
[2024-11-06T08:49:21.841479+00:00] ERROR: Spiral\Goridge\Exception\HeaderException: Unable to read frame header: Incorrect header size in /home/kaveh/Desktop/spiral-gRPC/vendor/spiral/goridge/src/StreamRelay.php at line 80 []
[2024-11-06T08:49:21.841479+00:00] ERROR: Spiral\Goridge\Exception\HeaderException: Unable to read frame header: Incorrect header size in /home/kaveh/Desktop/spiral-gRPC/vendor/spiral/goridge/src/StreamRelay.php at line 80 []
[2024-11-06T08:49:21.841479+00:00] ERROR: Spiral\Goridge\Exception\HeaderException: Unable to read frame header: Incorrect header size in /home/kaveh/Desktop/spiral-gRPC/vendor/spiral/goridge/src/StreamRelay.php at line 80 []
[2024-11-06T08:49:21.841789+00:00] ERROR: Spiral\Goridge\Exception\HeaderException: Unable to read frame header: Incorrect header size in /home/kaveh/Desktop/spiral-gRPC/vendor/spiral/goridge/src/StreamRelay.php at line 80 []
[2024-11-06T08:49:21.842004+00:00] ERROR: Spiral\Goridge\Exception\HeaderException: Unable to read frame header: Incorrect header size in /home/kaveh/Desktop/spiral-gRPC/vendor/spiral/goridge/src/StreamRelay.php at line 80 []
[2024-11-06T08:49:21.842081+00:00] ERROR: Spiral\Goridge\Exception\HeaderException: Unable to read frame header: Incorrect header size in /home/kaveh/Desktop/spiral-gRPC/vendor/spiral/goridge/src/StreamRelay.php at line 80 []
[2024-11-06T08:49:21.842099+00:00] ERROR: Spiral\Goridge\Exception\HeaderException: Unable to read frame header: Incorrect header size in /home/kaveh/Desktop/spiral-gRPC/vendor/spiral/goridge/src/StreamRelay.php at line 80 []
[2024-11-06T08:49:21.842133+00:00] ERROR: Spiral\Goridge\Exception\HeaderException: Unable to read frame header: Incorrect header size in /home/kaveh/Desktop/spiral-gRPC/vendor/spiral/goridge/src/StreamRelay.php at line 80 []
[2024-11-06T08:49:21.841528+00:00] ERROR: Spiral\Goridge\Exception\HeaderException: Unable to read frame header: Incorrect header size in /home/kaveh/Desktop/spiral-gRPC/vendor/spiral/goridge/src/StreamRelay.php at line 80 []
[2024-11-06T08:49:21.842100+00:00] ERROR: Spiral\Goridge\Exception\HeaderException: Unable to read frame header: Incorrect header size in /home/kaveh/Desktop/spiral-gRPC/vendor/spiral/goridge/src/StreamRelay.php at line 80 []
[2024-11-06T08:49:21.842357+00:00] ERROR: Spiral\Goridge\Exception\HeaderException: Unable to read frame header: Incorrect header size in /home/kaveh/Desktop/spiral-gRPC/vendor/spiral/goridge/src/StreamRelay.php at line 80 []
[2024-11-06T08:49:21.842413+00:00] ERROR: Spiral\Goridge\Exception\HeaderException: Unable to read frame header: Incorrect header size in /home/kaveh/Desktop/spiral-gRPC/vendor/spiral/goridge/src/StreamRelay.php at line 80 []
[2024-11-06T08:49:21.842523+00:00] ERROR: Spiral\Goridge\Exception\HeaderException: Unable to read frame header: Incorrect header size in /home/kaveh/Desktop/spiral-gRPC/vendor/spiral/goridge/src/StreamRelay.php at line 80 []
[2024-11-06T08:49:21.842708+00:00] ERROR: Spiral\Goridge\Exception\HeaderException: Unable to read frame header: Incorrect header size in /home/kaveh/Desktop/spiral-gRPC/vendor/spiral/goridge/src/StreamRelay.php at line 80 []
[2024-11-06T08:49:21.842804+00:00] ERROR: Spiral\Goridge\Exception\HeaderException: Unable to read frame header: Incorrect header size in /home/kaveh/Desktop/spiral-gRPC/vendor/spiral/goridge/src/StreamRelay.php at line 80 []
[2024-11-06T08:49:21.842825+00:00] ERROR: Spiral\Goridge\Exception\HeaderException: Unable to read frame header: Incorrect header size in /home/kaveh/Desktop/spiral-gRPC/vendor/spiral/goridge/src/StreamRelay.php at line 80 []
[2024-11-06T08:49:21.843024+00:00] ERROR: Spiral\Goridge\Exception\HeaderException: Unable to read frame header: Incorrect header size in /home/kaveh/Desktop/spiral-gRPC/vendor/spiral/goridge/src/StreamRelay.php at line 80 []
[2024-11-06T08:49:32.303659+00:00] ERROR: TypeError: ReflectionMethod::__construct(): Argument #2 ($method) must be of type ?string, Spiral\RoadRunner\GRPC\Method given in /home/kaveh/Desktop/spiral-gRPC/app/src/Endpoint/Interceptor/AuthenticationInterceptor.php at line 27 []
[2024-11-06T08:50:44.318346+00:00] ERROR: TypeError: ReflectionMethod::__construct(): Argument #2 ($method) must be of type ?string, Spiral\RoadRunner\GRPC\Method given in /home/kaveh/Desktop/spiral-gRPC/app/src/Endpoint/Interceptor/AuthenticationInterceptor.php at line 26 []
[2024-11-06T08:52:15.880227+00:00] ERROR: TypeError: ReflectionMethod::__construct(): Argument #2 ($method) must be of type ?string, Spiral\RoadRunner\GRPC\Method given in /home/kaveh/Desktop/spiral-gRPC/app/src/Endpoint/Interceptor/AuthenticationInterceptor.php at line 26 []
[2024-11-06T08:55:26.806209+00:00] ERROR: Spiral\Core\Exception\Container\RecursiveProxyException: Recursive proxy detected for `Spiral\Auth\AuthContextInterface`. Binding scope: `root`. Calling scope: `root.grpc.grpc-request`. in /home/kaveh/Desktop/spiral-gRPC/vendor/spiral/framework/src/Core/src/Internal/Proxy/Resolver.php at line 55 []
[2024-11-06T08:58:41.443255+00:00] ERROR: Spiral\Core\Exception\Container\RecursiveProxyException: Recursive proxy detected for `Spiral\Auth\AuthContextInterface`. Binding scope: `root`. Calling scope: `root.grpc.grpc-request`. in /home/kaveh/Desktop/spiral-gRPC/vendor/spiral/framework/src/Core/src/Internal/Proxy/Resolver.php at line 55 []
[2024-11-06T08:59:30.289452+00:00] ERROR: TypeError: ReflectionMethod::__construct(): Argument #2 ($method) must be of type ?string, Spiral\RoadRunner\GRPC\Method given in /home/kaveh/Desktop/spiral-gRPC/app/src/Endpoint/Interceptor/AuthenticationInterceptor.php at line 26 []
[2024-11-06T09:00:20.485957+00:00] ERROR: Spiral\Goridge\Exception\HeaderException: Unable to read frame header: Incorrect header size in /home/kaveh/Desktop/spiral-gRPC/vendor/spiral/goridge/src/StreamRelay.php at line 80 []
[2024-11-06T09:00:20.486241+00:00] ERROR: Spiral\Goridge\Exception\HeaderException: Unable to read frame header: Incorrect header size in /home/kaveh/Desktop/spiral-gRPC/vendor/spiral/goridge/src/StreamRelay.php at line 80 []
[2024-11-06T09:00:20.485957+00:00] ERROR: Spiral\Goridge\Exception\HeaderException: Unable to read frame header: Incorrect header size in /home/kaveh/Desktop/spiral-gRPC/vendor/spiral/goridge/src/StreamRelay.php at line 80 []
[2024-11-06T09:00:20.485957+00:00] ERROR: Spiral\Goridge\Exception\HeaderException: Unable to read frame header: Incorrect header size in /home/kaveh/Desktop/spiral-gRPC/vendor/spiral/goridge/src/StreamRelay.php at line 80 []
[2024-11-06T09:00:20.485964+00:00] ERROR: Spiral\Goridge\Exception\HeaderException: Unable to read frame header: Incorrect header size in /home/kaveh/Desktop/spiral-gRPC/vendor/spiral/goridge/src/StreamRelay.php at line 80 []
[2024-11-06T09:00:20.485967+00:00] ERROR: Spiral\Goridge\Exception\HeaderException: Unable to read frame header: Incorrect header size in /home/kaveh/Desktop/spiral-gRPC/vendor/spiral/goridge/src/StreamRelay.php at line 80 []
[2024-11-06T09:00:38.971749+00:00] ERROR: Cycle\Database\Exception\StatementException\ConstrainException: SQLSTATE[23000]: Integrity constraint violation: 1062 Duplicate entry 'laptop2' for key 'categories.categories_index_name_672a0aa01fb3c' in /home/kaveh/Desktop/spiral-gRPC/vendor/cycle/database/src/Driver/MySQL/MySQLDriver.php at line 74 []
[2024-11-06T09:01:41.063156+00:00] ERROR: Error: Cannot use object of type Spiral\Core\InterceptorPipeline as array in /home/kaveh/Desktop/spiral-gRPC/app/src/Endpoint/Interceptor/AuthenticationInterceptor.php at line 20 []
[2024-11-06T09:01:49.061451+00:00] ERROR: Spiral\Goridge\Exception\HeaderException: Unable to read frame header: Incorrect header size in /home/kaveh/Desktop/spiral-gRPC/vendor/spiral/goridge/src/StreamRelay.php at line 80 []
[2024-11-06T09:01:49.061451+00:00] ERROR: Spiral\Goridge\Exception\HeaderException: Unable to read frame header: Incorrect header size in /home/kaveh/Desktop/spiral-gRPC/vendor/spiral/goridge/src/StreamRelay.php at line 80 []
[2024-11-06T09:01:59.329298+00:00] ERROR: Error: Cannot use object of type Spiral\Core\InterceptorPipeline as array in /home/kaveh/Desktop/spiral-gRPC/app/src/Endpoint/Interceptor/AuthenticationInterceptor.php at line 20 []
[2024-11-06T09:02:11.975877+00:00] ERROR: Error: Cannot use object of type Spiral\Core\InterceptorPipeline as array in /home/kaveh/Desktop/spiral-gRPC/app/src/Endpoint/Interceptor/AuthenticationInterceptor.php at line 20 []
[2024-11-06T09:03:42.416905+00:00] ERROR: TypeError: ReflectionMethod::__construct(): Argument #2 ($method) must be of type ?string, Spiral\RoadRunner\GRPC\Method given in /home/kaveh/Desktop/spiral-gRPC/app/src/Endpoint/Interceptor/AuthenticationInterceptor.php at line 26 []
[2024-11-06T09:06:46.077022+00:00] ERROR: Error: Call to undefined method Spiral\Interceptors\Context\Target::getScope() in /home/kaveh/Desktop/spiral-gRPC/app/src/Endpoint/Interceptor/AuthenticationInterceptor.php at line 22 []
[2024-11-06T09:07:00.068243+00:00] ERROR: Error: Call to undefined method Spiral\Interceptors\Context\Target::getScope() in /home/kaveh/Desktop/spiral-gRPC/app/src/Endpoint/Interceptor/AuthenticationInterceptor.php at line 22 []
[2024-11-06T09:07:20.762109+00:00] ERROR: ErrorException: Undefined variable $serviceClass in /home/kaveh/Desktop/spiral-gRPC/app/src/Endpoint/Interceptor/AuthenticationInterceptor.php at line 26 []
[2024-11-06T09:07:56.612749+00:00] ERROR: ErrorException: Undefined variable $serviceClass in /home/kaveh/Desktop/spiral-gRPC/app/src/Endpoint/Interceptor/AuthenticationInterceptor.php at line 26 []
[2024-11-06T09:08:15.079336+00:00] ERROR: ErrorException: Undefined variable $serviceClass in /home/kaveh/Desktop/spiral-gRPC/app/src/Endpoint/Interceptor/AuthenticationInterceptor.php at line 26 []
[2024-11-06T09:08:24.585059+00:00] ERROR: Spiral\Goridge\Exception\HeaderException: Unable to read frame header: Incorrect header size in /home/kaveh/Desktop/spiral-gRPC/vendor/spiral/goridge/src/StreamRelay.php at line 80 []
[2024-11-06T09:08:24.585339+00:00] ERROR: Spiral\Goridge\Exception\HeaderException: Unable to read frame header: Incorrect header size in /home/kaveh/Desktop/spiral-gRPC/vendor/spiral/goridge/src/StreamRelay.php at line 80 []
[2024-11-06T09:08:24.585389+00:00] ERROR: Spiral\Goridge\Exception\HeaderException: Unable to read frame header: Incorrect header size in /home/kaveh/Desktop/spiral-gRPC/vendor/spiral/goridge/src/StreamRelay.php at line 80 []
[2024-11-06T09:08:24.585410+00:00] ERROR: Spiral\Goridge\Exception\HeaderException: Unable to read frame header: Incorrect header size in /home/kaveh/Desktop/spiral-gRPC/vendor/spiral/goridge/src/StreamRelay.php at line 80 []
[2024-11-06T09:08:24.585059+00:00] ERROR: Spiral\Goridge\Exception\HeaderException: Unable to read frame header: Incorrect header size in /home/kaveh/Desktop/spiral-gRPC/vendor/spiral/goridge/src/StreamRelay.php at line 80 []
[2024-11-06T09:08:24.585059+00:00] ERROR: Spiral\Goridge\Exception\HeaderException: Unable to read frame header: Incorrect header size in /home/kaveh/Desktop/spiral-gRPC/vendor/spiral/goridge/src/StreamRelay.php at line 80 []
[2024-11-06T09:08:24.585059+00:00] ERROR: Spiral\Goridge\Exception\HeaderException: Unable to read frame header: Incorrect header size in /home/kaveh/Desktop/spiral-gRPC/vendor/spiral/goridge/src/StreamRelay.php at line 80 []
[2024-11-06T09:08:24.585059+00:00] ERROR: Spiral\Goridge\Exception\HeaderException: Unable to read frame header: Incorrect header size in /home/kaveh/Desktop/spiral-gRPC/vendor/spiral/goridge/src/StreamRelay.php at line 80 []
[2024-11-06T09:08:31.279073+00:00] ERROR: ErrorException: Undefined variable $serviceClass in /home/kaveh/Desktop/spiral-gRPC/app/src/Endpoint/Interceptor/AuthenticationInterceptor.php at line 26 []
[2024-11-06T09:09:21.408567+00:00] ERROR: ErrorException: Undefined variable $serviceClass in /home/kaveh/Desktop/spiral-gRPC/app/src/Endpoint/Interceptor/AuthenticationInterceptor.php at line 26 []
[2024-11-06T09:09:26.832766+00:00] ERROR: Spiral\Goridge\Exception\HeaderException: Unable to read frame header: Incorrect header size in /home/kaveh/Desktop/spiral-gRPC/vendor/spiral/goridge/src/StreamRelay.php at line 80 []
[2024-11-06T09:09:26.832766+00:00] ERROR: Spiral\Goridge\Exception\HeaderException: Unable to read frame header: Incorrect header size in /home/kaveh/Desktop/spiral-gRPC/vendor/spiral/goridge/src/StreamRelay.php at line 80 []
[2024-11-06T09:09:41.354413+00:00] ERROR: ErrorException: Undefined variable $serviceClass in /home/kaveh/Desktop/spiral-gRPC/app/src/Endpoint/Interceptor/AuthenticationInterceptor.php at line 26 []
[2024-11-06T09:10:03.438848+00:00] ERROR: ErrorException: Undefined variable $serviceClass in /home/kaveh/Desktop/spiral-gRPC/app/src/Endpoint/Interceptor/AuthenticationInterceptor.php at line 26 []
[2024-11-06T09:11:27.749860+00:00] ERROR: Error: Call to undefined method Spiral\Interceptors\Context\Target::getClass() in /home/kaveh/Desktop/spiral-gRPC/app/src/Endpoint/Interceptor/AuthenticationInterceptor.php at line 20 []
[2024-11-06T09:14:01.339817+00:00] ERROR: ErrorException: Undefined variable $attribute in /home/kaveh/Desktop/spiral-gRPC/app/src/Endpoint/Interceptor/AuthenticationInterceptor.php at line 26 []
[2024-11-06T09:17:19.775307+00:00] ERROR: ErrorException: Undefined array key 0 in /home/kaveh/Desktop/spiral-gRPC/app/src/Endpoint/Interceptor/AuthenticationInterceptor.php at line 27 []
[2024-11-06T09:17:26.787737+00:00] ERROR: Spiral\Goridge\Exception\HeaderException: Unable to read frame header: Incorrect header size in /home/kaveh/Desktop/spiral-gRPC/vendor/spiral/goridge/src/StreamRelay.php at line 80 []
[2024-11-06T09:17:26.787737+00:00] ERROR: Spiral\Goridge\Exception\HeaderException: Unable to read frame header: Incorrect header size in /home/kaveh/Desktop/spiral-gRPC/vendor/spiral/goridge/src/StreamRelay.php at line 80 []
[2024-11-06T09:17:26.787737+00:00] ERROR: Spiral\Goridge\Exception\HeaderException: Unable to read frame header: Incorrect header size in /home/kaveh/Desktop/spiral-gRPC/vendor/spiral/goridge/src/StreamRelay.php at line 80 []
[2024-11-06T09:17:26.787737+00:00] ERROR: Spiral\Goridge\Exception\HeaderException: Unable to read frame header: Incorrect header size in /home/kaveh/Desktop/spiral-gRPC/vendor/spiral/goridge/src/StreamRelay.php at line 80 []
[2024-11-06T09:17:26.787737+00:00] ERROR: Spiral\Goridge\Exception\HeaderException: Unable to read frame header: Incorrect header size in /home/kaveh/Desktop/spiral-gRPC/vendor/spiral/goridge/src/StreamRelay.php at line 80 []
[2024-11-06T09:17:32.080239+00:00] ERROR: ErrorException: Undefined array key 0 in /home/kaveh/Desktop/spiral-gRPC/app/src/Endpoint/Interceptor/AuthenticationInterceptor.php at line 27 []
[2024-11-06T09:18:29.304444+00:00] ERROR: ErrorException: Undefined array key 0 in /home/kaveh/Desktop/spiral-gRPC/app/src/Endpoint/Interceptor/AuthenticationInterceptor.php at line 27 []
[2024-11-06T09:19:35.653720+00:00] ERROR: Spiral\Core\Exception\Container\RecursiveProxyException: Recursive proxy detected for `Spiral\Auth\AuthContextInterface`. Binding scope: `root`. Calling scope: `root.grpc.grpc-request`. in /home/kaveh/Desktop/spiral-gRPC/vendor/spiral/framework/src/Core/src/Internal/Proxy/Resolver.php at line 55 []
[2024-11-06T09:42:31.507269+00:00] ERROR: Spiral\Core\Exception\Container\RecursiveProxyException: Recursive proxy detected for `Spiral\Auth\AuthContextInterface`. Binding scope: `root`. Calling scope: `root.grpc.grpc-request`. in /home/kaveh/Desktop/spiral-gRPC/vendor/spiral/framework/src/Core/src/Internal/Proxy/Resolver.php at line 55 []
[2024-11-06T09:42:44.456664+00:00] ERROR: Spiral\Core\Exception\Container\RecursiveProxyException: Recursive proxy detected for `Spiral\Auth\AuthContextInterface`. Binding scope: `root`. Calling scope: `root.grpc.grpc-request`. in /home/kaveh/Desktop/spiral-gRPC/vendor/spiral/framework/src/Core/src/Internal/Proxy/Resolver.php at line 55 []
[2024-11-06T09:42:49.193045+00:00] ERROR: Spiral\Core\Exception\Container\RecursiveProxyException: Recursive proxy detected for `Spiral\Auth\AuthContextInterface`. Binding scope: `root`. Calling scope: `root.grpc.grpc-request`. in /home/kaveh/Desktop/spiral-gRPC/vendor/spiral/framework/src/Core/src/Internal/Proxy/Resolver.php at line 55 []
[2024-11-06T09:43:03.768224+00:00] ERROR: TypeError: App\Endpoint\Interceptor\AuthenticationInterceptor::intercept(): Return value must be of type mixed, none returned in /home/kaveh/Desktop/spiral-gRPC/app/src/Endpoint/Interceptor/AuthenticationInterceptor.php at line 42 []
[2024-11-06T09:43:41.101827+00:00] ERROR: Spiral\Core\Exception\Container\RecursiveProxyException: Recursive proxy detected for `Spiral\Auth\AuthContextInterface`. Binding scope: `root`. Calling scope: `root.grpc.grpc-request`. in /home/kaveh/Desktop/spiral-gRPC/vendor/spiral/framework/src/Core/src/Internal/Proxy/Resolver.php at line 55 []
[2024-11-06T09:45:31.571697+00:00] ERROR: Spiral\Core\Exception\Container\RecursiveProxyException: Recursive proxy detected for `Spiral\Auth\AuthContextInterface`. Binding scope: `root`. Calling scope: `root.grpc.grpc-request`. in /home/kaveh/Desktop/spiral-gRPC/vendor/spiral/framework/src/Core/src/Internal/Proxy/Resolver.php at line 55 []
[2024-11-06T09:46:25.450935+00:00] ERROR: Spiral\Core\Exception\Container\RecursiveProxyException: Recursive proxy detected for `Spiral\Auth\AuthContextInterface`. Binding scope: `root`. Calling scope: `root.grpc.grpc-request`. in /home/kaveh/Desktop/spiral-gRPC/vendor/spiral/framework/src/Core/src/Internal/Proxy/Resolver.php at line 55 []
[2024-11-06T09:46:31.474969+00:00] ERROR: Spiral\Goridge\Exception\HeaderException: Unable to read frame header: Incorrect header size in /home/kaveh/Desktop/spiral-gRPC/vendor/spiral/goridge/src/StreamRelay.php at line 80 []
[2024-11-06T09:46:31.474978+00:00] ERROR: Spiral\Goridge\Exception\HeaderException: Unable to read frame header: Incorrect header size in /home/kaveh/Desktop/spiral-gRPC/vendor/spiral/goridge/src/StreamRelay.php at line 80 []
[2024-11-06T09:46:31.474978+00:00] ERROR: Spiral\Goridge\Exception\HeaderException: Unable to read frame header: Incorrect header size in /home/kaveh/Desktop/spiral-gRPC/vendor/spiral/goridge/src/StreamRelay.php at line 80 []
[2024-11-06T09:46:31.474981+00:00] ERROR: Spiral\Goridge\Exception\HeaderException: Unable to read frame header: Incorrect header size in /home/kaveh/Desktop/spiral-gRPC/vendor/spiral/goridge/src/StreamRelay.php at line 80 []
[2024-11-06T09:46:31.475474+00:00] ERROR: Spiral\Goridge\Exception\HeaderException: Unable to read frame header: Incorrect header size in /home/kaveh/Desktop/spiral-gRPC/vendor/spiral/goridge/src/StreamRelay.php at line 80 []
[2024-11-06T09:46:31.475497+00:00] ERROR: Spiral\Goridge\Exception\HeaderException: Unable to read frame header: Incorrect header size in /home/kaveh/Desktop/spiral-gRPC/vendor/spiral/goridge/src/StreamRelay.php at line 80 []
[2024-11-06T09:46:31.475510+00:00] ERROR: Spiral\Goridge\Exception\HeaderException: Unable to read frame header: Incorrect header size in /home/kaveh/Desktop/spiral-gRPC/vendor/spiral/goridge/src/StreamRelay.php at line 80 []
[2024-11-06T09:46:31.475843+00:00] ERROR: Spiral\Goridge\Exception\HeaderException: Unable to read frame header: Incorrect header size in /home/kaveh/Desktop/spiral-gRPC/vendor/spiral/goridge/src/StreamRelay.php at line 80 []
[2024-11-06T09:46:31.476166+00:00] ERROR: Spiral\Goridge\Exception\HeaderException: Unable to read frame header: Incorrect header size in /home/kaveh/Desktop/spiral-gRPC/vendor/spiral/goridge/src/StreamRelay.php at line 80 []
[2024-11-06T09:46:31.477001+00:00] ERROR: Spiral\Goridge\Exception\HeaderException: Unable to read frame header: Incorrect header size in /home/kaveh/Desktop/spiral-gRPC/vendor/spiral/goridge/src/StreamRelay.php at line 80 []
[2024-11-06T09:46:39.455982+00:00] ERROR: Spiral\Core\Exception\Container\RecursiveProxyException: Recursive proxy detected for `Spiral\Auth\AuthContextInterface`. Binding scope: `root`. Calling scope: `root.grpc.grpc-request`. in /home/kaveh/Desktop/spiral-gRPC/vendor/spiral/framework/src/Core/src/Internal/Proxy/Resolver.php at line 55 []
[2024-11-06T09:59:30.549875+00:00] ERROR: Spiral\Core\Exception\Container\RecursiveProxyException: Recursive proxy detected for `Spiral\Auth\AuthContextInterface`. Binding scope: `root`. Calling scope: `root.grpc.grpc-request`. in /home/kaveh/Desktop/spiral-gRPC/vendor/spiral/framework/src/Core/src/Internal/Proxy/Resolver.php at line 55 []
[2024-11-06T10:00:30.972548+00:00] ERROR: Spiral\Core\Exception\Container\RecursiveProxyException: Recursive proxy detected for `Spiral\Auth\AuthContextInterface`. Binding scope: `root`. Calling scope: `root.grpc.grpc-request`. in /home/kaveh/Desktop/spiral-gRPC/vendor/spiral/framework/src/Core/src/Internal/Proxy/Resolver.php at line 55 []
[2024-11-06T10:00:37.358512+00:00] ERROR: Spiral\Goridge\Exception\HeaderException: Unable to read frame header: Incorrect header size in /home/kaveh/Desktop/spiral-gRPC/vendor/spiral/goridge/src/StreamRelay.php at line 80 []
[2024-11-06T10:00:37.358513+00:00] ERROR: Spiral\Goridge\Exception\HeaderException: Unable to read frame header: Incorrect header size in /home/kaveh/Desktop/spiral-gRPC/vendor/spiral/goridge/src/StreamRelay.php at line 80 []
[2024-11-06T10:00:37.358512+00:00] ERROR: Spiral\Goridge\Exception\HeaderException: Unable to read frame header: Incorrect header size in /home/kaveh/Desktop/spiral-gRPC/vendor/spiral/goridge/src/StreamRelay.php at line 80 []
[2024-11-06T10:00:44.685501+00:00] ERROR: Spiral\Core\Exception\Container\RecursiveProxyException: Recursive proxy detected for `Spiral\Auth\AuthContextInterface`. Binding scope: `root`. Calling scope: `root.grpc.grpc-request`. in /home/kaveh/Desktop/spiral-gRPC/vendor/spiral/framework/src/Core/src/Internal/Proxy/Resolver.php at line 55 []
