[2024-10-28T08:19:36.257632+00:00] ERROR: Spiral\Goridge\Exception\HeaderException: Unable to read frame header: Incorrect header size in /home/kaveh/Desktop/spiral-gRPC/vendor/spiral/goridge/src/StreamRelay.php at line 80 []
[2024-10-28T08:19:36.257632+00:00] ERROR: Spiral\Goridge\Exception\HeaderException: Unable to read frame header: Incorrect header size in /home/kaveh/Desktop/spiral-gRPC/vendor/spiral/goridge/src/StreamRelay.php at line 80 []
[2024-10-28T08:19:36.257639+00:00] ERROR: Spiral\Goridge\Exception\HeaderException: Unable to read frame header: Incorrect header size in /home/kaveh/Desktop/spiral-gRPC/vendor/spiral/goridge/src/StreamRelay.php at line 80 []
[2024-10-28T08:19:36.257637+00:00] ERROR: Spiral\Goridge\Exception\HeaderException: Unable to read frame header: Incorrect header size in /home/kaveh/Desktop/spiral-gRPC/vendor/spiral/goridge/src/StreamRelay.php at line 80 []
[2024-10-28T08:19:36.257637+00:00] ERROR: Spiral\Goridge\Exception\HeaderException: Unable to read frame header: Incorrect header size in /home/kaveh/Desktop/spiral-gRPC/vendor/spiral/goridge/src/StreamRelay.php at line 80 []
[2024-10-28T08:19:36.258044+00:00] ERROR: Spiral\Goridge\Exception\HeaderException: Unable to read frame header: Incorrect header size in /home/kaveh/Desktop/spiral-gRPC/vendor/spiral/goridge/src/StreamRelay.php at line 80 []
[2024-10-28T08:19:48.459412+00:00] ERROR: Symfony\Component\Console\Exception\CommandNotFoundException: Command "migration" is not defined.  Did you mean one of these?     create:migration     migrate     migrate:init     migrate:replay     migrate:rollback     migrate:status in /home/kaveh/Desktop/spiral-gRPC/vendor/symfony/console/Application.php at line 702 []
[2024-10-28T08:22:14.680663+00:00] ERROR: Cycle\Schema\Exception\EntityException: Entity `user` is empty in /home/kaveh/Desktop/spiral-gRPC/vendor/cycle/schema-builder/src/Generator/ValidateEntities.php at line 24 []
[2024-10-28T08:27:01.245859+00:00] ERROR: Cycle\Schema\Exception\EntityException: Entity `user` is empty in /home/kaveh/Desktop/spiral-gRPC/vendor/cycle/schema-builder/src/Generator/ValidateEntities.php at line 24 []
[2024-10-28T08:28:30.191044+00:00] ERROR: ErrorException: Undefined array key 4 in /home/kaveh/Desktop/spiral-gRPC/vendor/spiral/framework/src/Tokenizer/src/Reflection/ReflectionFile.php at line 324 []
[2024-10-28T08:32:22.981545+00:00] ERROR: Cycle\Migrations\Exception\RepositoryException: Invalid migration filename '/home/kaveh/Desktop/spiral-gRPC/app/migrations/20241028-12345-create_user_table.php' - corrupted date format in /home/kaveh/Desktop/spiral-gRPC/vendor/cycle/migrations/src/FileRepository.php at line 147 []
[2024-10-28T08:33:09.232952+00:00] ERROR: Cycle\Migrations\Exception\RepositoryException: Invalid migration filename '/home/kaveh/Desktop/spiral-gRPC/app/migrations/20241028-12345-create_user_table.php' - corrupted date format in /home/kaveh/Desktop/spiral-gRPC/vendor/cycle/migrations/src/FileRepository.php at line 147 []
[2024-10-28T08:33:43.311553+00:00] ERROR: Cycle\Migrations\Exception\RepositoryException: Invalid migration filename '/home/kaveh/Desktop/spiral-gRPC/app/migrations/20241028_12345_create_user_table.php' - corrupted date format in /home/kaveh/Desktop/spiral-gRPC/vendor/cycle/migrations/src/FileRepository.php at line 147 []
[2024-10-28T08:34:54.421562+00:00] ERROR: Cycle\Migrations\Exception\RepositoryException: Invalid migration filename '/home/kaveh/Desktop/spiral-gRPC/app/migrations/2024_10_28_123456_create_user_table.php' - corrupted date format in /home/kaveh/Desktop/spiral-gRPC/vendor/cycle/migrations/src/FileRepository.php at line 147 []
[2024-10-28T08:35:04.306022+00:00] ERROR: Cycle\Migrations\Exception\RepositoryException: Invalid migration filename '/home/kaveh/Desktop/spiral-gRPC/app/migrations/2024_10_28_123456_create_user_table.php' - corrupted date format in /home/kaveh/Desktop/spiral-gRPC/vendor/cycle/migrations/src/FileRepository.php at line 147 []
[2024-10-28T08:35:33.762860+00:00] ERROR: Cycle\Migrations\Exception\RepositoryException: Invalid migration filename '/home/kaveh/Desktop/spiral-gRPC/app/migrations/2024_10_28_123456_create_user_table.php' - corrupted date format in /home/kaveh/Desktop/spiral-gRPC/vendor/cycle/migrations/src/FileRepository.php at line 147 []
[2024-10-28T09:55:50.874832+00:00] ERROR: Spiral\Goridge\Exception\HeaderException: Unable to read frame header: Incorrect header size in /home/kaveh/Desktop/spiral-gRPC/vendor/spiral/goridge/src/StreamRelay.php at line 80 []
[2024-10-28T09:55:50.874970+00:00] ERROR: Spiral\Goridge\Exception\HeaderException: Unable to read frame header: Incorrect header size in /home/kaveh/Desktop/spiral-gRPC/vendor/spiral/goridge/src/StreamRelay.php at line 80 []
[2024-10-28T09:55:50.874832+00:00] ERROR: Spiral\Goridge\Exception\HeaderException: Unable to read frame header: Incorrect header size in /home/kaveh/Desktop/spiral-gRPC/vendor/spiral/goridge/src/StreamRelay.php at line 80 []
[2024-10-28T09:55:50.875362+00:00] ERROR: Spiral\Goridge\Exception\HeaderException: Unable to read frame header: Incorrect header size in /home/kaveh/Desktop/spiral-gRPC/vendor/spiral/goridge/src/StreamRelay.php at line 80 []
[2024-10-28T09:55:50.875481+00:00] ERROR: Spiral\Goridge\Exception\HeaderException: Unable to read frame header: Incorrect header size in /home/kaveh/Desktop/spiral-gRPC/vendor/spiral/goridge/src/StreamRelay.php at line 80 []
[2024-10-28T09:55:50.874838+00:00] ERROR: Spiral\Goridge\Exception\HeaderException: Unable to read frame header: Incorrect header size in /home/kaveh/Desktop/spiral-gRPC/vendor/spiral/goridge/src/StreamRelay.php at line 80 []
[2024-10-28T10:04:22.902585+00:00] ERROR: Spiral\Goridge\Exception\HeaderException: Unable to read frame header: Incorrect header size in /home/kaveh/Desktop/spiral-gRPC/vendor/spiral/goridge/src/StreamRelay.php at line 80 []
[2024-10-28T10:04:22.902587+00:00] ERROR: Spiral\Goridge\Exception\HeaderException: Unable to read frame header: Incorrect header size in /home/kaveh/Desktop/spiral-gRPC/vendor/spiral/goridge/src/StreamRelay.php at line 80 []
[2024-10-28T10:04:22.902587+00:00] ERROR: Spiral\Goridge\Exception\HeaderException: Unable to read frame header: Incorrect header size in /home/kaveh/Desktop/spiral-gRPC/vendor/spiral/goridge/src/StreamRelay.php at line 80 []
[2024-10-28T10:04:22.902588+00:00] ERROR: Spiral\Goridge\Exception\HeaderException: Unable to read frame header: Incorrect header size in /home/kaveh/Desktop/spiral-gRPC/vendor/spiral/goridge/src/StreamRelay.php at line 80 []
[2024-10-28T10:04:22.902588+00:00] ERROR: Spiral\Goridge\Exception\HeaderException: Unable to read frame header: Incorrect header size in /home/kaveh/Desktop/spiral-gRPC/vendor/spiral/goridge/src/StreamRelay.php at line 80 []
[2024-10-28T10:04:22.903080+00:00] ERROR: Spiral\Goridge\Exception\HeaderException: Unable to read frame header: Incorrect header size in /home/kaveh/Desktop/spiral-gRPC/vendor/spiral/goridge/src/StreamRelay.php at line 80 []
[2024-10-28T10:12:52.016549+00:00] ERROR: Spiral\Goridge\Exception\HeaderException: Unable to read frame header: Incorrect header size in /home/kaveh/Desktop/spiral-gRPC/vendor/spiral/goridge/src/StreamRelay.php at line 80 []
[2024-10-28T10:12:52.016549+00:00] ERROR: Spiral\Goridge\Exception\HeaderException: Unable to read frame header: Incorrect header size in /home/kaveh/Desktop/spiral-gRPC/vendor/spiral/goridge/src/StreamRelay.php at line 80 []
[2024-10-28T10:12:52.016554+00:00] ERROR: Spiral\Goridge\Exception\HeaderException: Unable to read frame header: Incorrect header size in /home/kaveh/Desktop/spiral-gRPC/vendor/spiral/goridge/src/StreamRelay.php at line 80 []
[2024-10-28T10:12:52.017059+00:00] ERROR: Spiral\Goridge\Exception\HeaderException: Unable to read frame header: Incorrect header size in /home/kaveh/Desktop/spiral-gRPC/vendor/spiral/goridge/src/StreamRelay.php at line 80 []
[2024-10-28T10:12:52.016549+00:00] ERROR: Spiral\Goridge\Exception\HeaderException: Unable to read frame header: Incorrect header size in /home/kaveh/Desktop/spiral-gRPC/vendor/spiral/goridge/src/StreamRelay.php at line 80 []
[2024-10-28T10:12:52.017073+00:00] ERROR: Spiral\Goridge\Exception\HeaderException: Unable to read frame header: Incorrect header size in /home/kaveh/Desktop/spiral-gRPC/vendor/spiral/goridge/src/StreamRelay.php at line 80 []
[2024-10-28T10:13:57.119475+00:00] ERROR: Spiral\Goridge\Exception\HeaderException: Unable to read frame header: Incorrect header size in /home/kaveh/Desktop/spiral-gRPC/vendor/spiral/goridge/src/StreamRelay.php at line 80 []
[2024-10-28T10:13:57.119475+00:00] ERROR: Spiral\Goridge\Exception\HeaderException: Unable to read frame header: Incorrect header size in /home/kaveh/Desktop/spiral-gRPC/vendor/spiral/goridge/src/StreamRelay.php at line 80 []
[2024-10-28T10:13:57.119946+00:00] ERROR: Spiral\Goridge\Exception\HeaderException: Unable to read frame header: Incorrect header size in /home/kaveh/Desktop/spiral-gRPC/vendor/spiral/goridge/src/StreamRelay.php at line 80 []
[2024-10-28T10:13:57.119479+00:00] ERROR: Spiral\Goridge\Exception\HeaderException: Unable to read frame header: Incorrect header size in /home/kaveh/Desktop/spiral-gRPC/vendor/spiral/goridge/src/StreamRelay.php at line 80 []
[2024-10-28T10:13:57.119475+00:00] ERROR: Spiral\Goridge\Exception\HeaderException: Unable to read frame header: Incorrect header size in /home/kaveh/Desktop/spiral-gRPC/vendor/spiral/goridge/src/StreamRelay.php at line 80 []
[2024-10-28T10:13:57.119479+00:00] ERROR: Spiral\Goridge\Exception\HeaderException: Unable to read frame header: Incorrect header size in /home/kaveh/Desktop/spiral-gRPC/vendor/spiral/goridge/src/StreamRelay.php at line 80 []
[2024-10-28T10:18:03.713486+00:00] ERROR: Cycle\Database\Exception\StatementException: SQLSTATE[HY000] [1049] Unknown database 'spiral1' in /home/kaveh/Desktop/spiral-gRPC/vendor/cycle/database/src/Driver/MySQL/MySQLDriver.php at line 89 []
[2024-10-28T10:25:05.410588+00:00] ERROR: Spiral\Goridge\Exception\HeaderException: Unable to read frame header: Incorrect header size in /home/kaveh/Desktop/spiral-gRPC/vendor/spiral/goridge/src/StreamRelay.php at line 80 []
[2024-10-28T10:25:05.410589+00:00] ERROR: Spiral\Goridge\Exception\HeaderException: Unable to read frame header: Incorrect header size in /home/kaveh/Desktop/spiral-gRPC/vendor/spiral/goridge/src/StreamRelay.php at line 80 []
[2024-10-28T10:25:05.410586+00:00] ERROR: Spiral\Goridge\Exception\HeaderException: Unable to read frame header: Incorrect header size in /home/kaveh/Desktop/spiral-gRPC/vendor/spiral/goridge/src/StreamRelay.php at line 80 []
[2024-10-28T10:25:05.410586+00:00] ERROR: Spiral\Goridge\Exception\HeaderException: Unable to read frame header: Incorrect header size in /home/kaveh/Desktop/spiral-gRPC/vendor/spiral/goridge/src/StreamRelay.php at line 80 []
[2024-10-28T10:25:05.410588+00:00] ERROR: Spiral\Goridge\Exception\HeaderException: Unable to read frame header: Incorrect header size in /home/kaveh/Desktop/spiral-gRPC/vendor/spiral/goridge/src/StreamRelay.php at line 80 []
[2024-10-28T10:25:05.410588+00:00] ERROR: Spiral\Goridge\Exception\HeaderException: Unable to read frame header: Incorrect header size in /home/kaveh/Desktop/spiral-gRPC/vendor/spiral/goridge/src/StreamRelay.php at line 80 []
[2024-10-28T10:29:54.135138+00:00] ERROR: Spiral\Goridge\Exception\HeaderException: Unable to read frame header: Incorrect header size in /home/kaveh/Desktop/spiral-gRPC/vendor/spiral/goridge/src/StreamRelay.php at line 80 []
[2024-10-28T10:29:54.135134+00:00] ERROR: Spiral\Goridge\Exception\HeaderException: Unable to read frame header: Incorrect header size in /home/kaveh/Desktop/spiral-gRPC/vendor/spiral/goridge/src/StreamRelay.php at line 80 []
[2024-10-28T10:29:54.135135+00:00] ERROR: Spiral\Goridge\Exception\HeaderException: Unable to read frame header: Incorrect header size in /home/kaveh/Desktop/spiral-gRPC/vendor/spiral/goridge/src/StreamRelay.php at line 80 []
[2024-10-28T10:29:54.135135+00:00] ERROR: Spiral\Goridge\Exception\HeaderException: Unable to read frame header: Incorrect header size in /home/kaveh/Desktop/spiral-gRPC/vendor/spiral/goridge/src/StreamRelay.php at line 80 []
[2024-10-28T10:29:54.135134+00:00] ERROR: Spiral\Goridge\Exception\HeaderException: Unable to read frame header: Incorrect header size in /home/kaveh/Desktop/spiral-gRPC/vendor/spiral/goridge/src/StreamRelay.php at line 80 []
[2024-10-28T10:29:54.135633+00:00] ERROR: Spiral\Goridge\Exception\HeaderException: Unable to read frame header: Incorrect header size in /home/kaveh/Desktop/spiral-gRPC/vendor/spiral/goridge/src/StreamRelay.php at line 80 []
[2024-10-28T10:30:42.406583+00:00] ERROR: Spiral\Goridge\Exception\HeaderException: Unable to read frame header: Incorrect header size in /home/kaveh/Desktop/spiral-gRPC/vendor/spiral/goridge/src/StreamRelay.php at line 80 []
[2024-10-28T10:30:42.406978+00:00] ERROR: Spiral\Goridge\Exception\HeaderException: Unable to read frame header: Incorrect header size in /home/kaveh/Desktop/spiral-gRPC/vendor/spiral/goridge/src/StreamRelay.php at line 80 []
[2024-10-28T10:30:42.407043+00:00] ERROR: Spiral\Goridge\Exception\HeaderException: Unable to read frame header: Incorrect header size in /home/kaveh/Desktop/spiral-gRPC/vendor/spiral/goridge/src/StreamRelay.php at line 80 []
[2024-10-28T10:30:42.406583+00:00] ERROR: Spiral\Goridge\Exception\HeaderException: Unable to read frame header: Incorrect header size in /home/kaveh/Desktop/spiral-gRPC/vendor/spiral/goridge/src/StreamRelay.php at line 80 []
[2024-10-28T10:30:42.407842+00:00] ERROR: Spiral\Goridge\Exception\HeaderException: Unable to read frame header: Incorrect header size in /home/kaveh/Desktop/spiral-gRPC/vendor/spiral/goridge/src/StreamRelay.php at line 80 []
[2024-10-28T10:30:42.408696+00:00] ERROR: Spiral\Goridge\Exception\HeaderException: Unable to read frame header: Incorrect header size in /home/kaveh/Desktop/spiral-gRPC/vendor/spiral/goridge/src/StreamRelay.php at line 80 []
[2024-10-28T10:42:15.367674+00:00] ERROR: Spiral\Goridge\Exception\HeaderException: Unable to read frame header: Incorrect header size in /home/kaveh/Desktop/spiral-gRPC/vendor/spiral/goridge/src/StreamRelay.php at line 80 []
[2024-10-28T10:42:15.367672+00:00] ERROR: Spiral\Goridge\Exception\HeaderException: Unable to read frame header: Incorrect header size in /home/kaveh/Desktop/spiral-gRPC/vendor/spiral/goridge/src/StreamRelay.php at line 80 []
[2024-10-28T10:42:15.367673+00:00] ERROR: Spiral\Goridge\Exception\HeaderException: Unable to read frame header: Incorrect header size in /home/kaveh/Desktop/spiral-gRPC/vendor/spiral/goridge/src/StreamRelay.php at line 80 []
[2024-10-28T10:42:15.367673+00:00] ERROR: Spiral\Goridge\Exception\HeaderException: Unable to read frame header: Incorrect header size in /home/kaveh/Desktop/spiral-gRPC/vendor/spiral/goridge/src/StreamRelay.php at line 80 []
[2024-10-28T10:42:15.367673+00:00] ERROR: Spiral\Goridge\Exception\HeaderException: Unable to read frame header: Incorrect header size in /home/kaveh/Desktop/spiral-gRPC/vendor/spiral/goridge/src/StreamRelay.php at line 80 []
[2024-10-28T10:42:15.367672+00:00] ERROR: Spiral\Goridge\Exception\HeaderException: Unable to read frame header: Incorrect header size in /home/kaveh/Desktop/spiral-gRPC/vendor/spiral/goridge/src/StreamRelay.php at line 80 []
[2024-10-28T10:43:41.246818+00:00] ERROR: Spiral\RoadRunner\GRPC\Exception\NotFoundException: Service `USER.UserGrpc` not found. in /home/kaveh/Desktop/spiral-gRPC/vendor/spiral/roadrunner-grpc/src/Exception/GRPCException.php at line 50 []
[2024-10-28T10:43:54.239488+00:00] ERROR: Spiral\Goridge\Exception\HeaderException: Unable to read frame header: Incorrect header size in /home/kaveh/Desktop/spiral-gRPC/vendor/spiral/goridge/src/StreamRelay.php at line 80 []
[2024-10-28T10:43:54.239676+00:00] ERROR: Spiral\Goridge\Exception\HeaderException: Unable to read frame header: Incorrect header size in /home/kaveh/Desktop/spiral-gRPC/vendor/spiral/goridge/src/StreamRelay.php at line 80 []
[2024-10-28T10:43:54.239677+00:00] ERROR: Spiral\Goridge\Exception\HeaderException: Unable to read frame header: Incorrect header size in /home/kaveh/Desktop/spiral-gRPC/vendor/spiral/goridge/src/StreamRelay.php at line 80 []
[2024-10-28T10:43:54.239773+00:00] ERROR: Spiral\Goridge\Exception\HeaderException: Unable to read frame header: Incorrect header size in /home/kaveh/Desktop/spiral-gRPC/vendor/spiral/goridge/src/StreamRelay.php at line 80 []
[2024-10-28T10:43:54.239677+00:00] ERROR: Spiral\Goridge\Exception\HeaderException: Unable to read frame header: Incorrect header size in /home/kaveh/Desktop/spiral-gRPC/vendor/spiral/goridge/src/StreamRelay.php at line 80 []
[2024-10-28T10:43:54.240235+00:00] ERROR: Spiral\Goridge\Exception\HeaderException: Unable to read frame header: Incorrect header size in /home/kaveh/Desktop/spiral-gRPC/vendor/spiral/goridge/src/StreamRelay.php at line 80 []
[2024-10-28T10:43:59.639338+00:00] ERROR: Spiral\RoadRunner\GRPC\Exception\NotFoundException: Service `USER.UserGrpc` not found. in /home/kaveh/Desktop/spiral-gRPC/vendor/spiral/roadrunner-grpc/src/Exception/GRPCException.php at line 50 []
[2024-10-28T10:44:51.318148+00:00] ERROR: Spiral\Goridge\Exception\HeaderException: Unable to read frame header: Incorrect header size in /home/kaveh/Desktop/spiral-gRPC/vendor/spiral/goridge/src/StreamRelay.php at line 80 []
[2024-10-28T10:44:51.318329+00:00] ERROR: Spiral\Goridge\Exception\HeaderException: Unable to read frame header: Incorrect header size in /home/kaveh/Desktop/spiral-gRPC/vendor/spiral/goridge/src/StreamRelay.php at line 80 []
[2024-10-28T10:44:51.318335+00:00] ERROR: Spiral\Goridge\Exception\HeaderException: Unable to read frame header: Incorrect header size in /home/kaveh/Desktop/spiral-gRPC/vendor/spiral/goridge/src/StreamRelay.php at line 80 []
[2024-10-28T10:44:51.318330+00:00] ERROR: Spiral\Goridge\Exception\HeaderException: Unable to read frame header: Incorrect header size in /home/kaveh/Desktop/spiral-gRPC/vendor/spiral/goridge/src/StreamRelay.php at line 80 []
[2024-10-28T10:44:51.318332+00:00] ERROR: Spiral\Goridge\Exception\HeaderException: Unable to read frame header: Incorrect header size in /home/kaveh/Desktop/spiral-gRPC/vendor/spiral/goridge/src/StreamRelay.php at line 80 []
[2024-10-28T10:44:51.318332+00:00] ERROR: Spiral\Goridge\Exception\HeaderException: Unable to read frame header: Incorrect header size in /home/kaveh/Desktop/spiral-gRPC/vendor/spiral/goridge/src/StreamRelay.php at line 80 []
[2024-10-28T10:44:53.536681+00:00] ERROR: Spiral\RoadRunner\GRPC\Exception\NotFoundException: Service `USER.UserGrpc` not found. in /home/kaveh/Desktop/spiral-gRPC/vendor/spiral/roadrunner-grpc/src/Exception/GRPCException.php at line 50 []
[2024-10-28T10:45:30.624112+00:00] ERROR: Spiral\RoadRunner\GRPC\Exception\NotFoundException: Service `USER.UserGrpc` not found. in /home/kaveh/Desktop/spiral-gRPC/vendor/spiral/roadrunner-grpc/src/Exception/GRPCException.php at line 50 []
[2024-10-28T10:45:38.749527+00:00] ERROR: Spiral\Goridge\Exception\HeaderException: Unable to read frame header: Incorrect header size in /home/kaveh/Desktop/spiral-gRPC/vendor/spiral/goridge/src/StreamRelay.php at line 80 []
[2024-10-28T10:45:38.749724+00:00] ERROR: Spiral\Goridge\Exception\HeaderException: Unable to read frame header: Incorrect header size in /home/kaveh/Desktop/spiral-gRPC/vendor/spiral/goridge/src/StreamRelay.php at line 80 []
[2024-10-28T10:45:38.749724+00:00] ERROR: Spiral\Goridge\Exception\HeaderException: Unable to read frame header: Incorrect header size in /home/kaveh/Desktop/spiral-gRPC/vendor/spiral/goridge/src/StreamRelay.php at line 80 []
[2024-10-28T10:45:38.749972+00:00] ERROR: Spiral\Goridge\Exception\HeaderException: Unable to read frame header: Incorrect header size in /home/kaveh/Desktop/spiral-gRPC/vendor/spiral/goridge/src/StreamRelay.php at line 80 []
[2024-10-28T10:45:38.749724+00:00] ERROR: Spiral\Goridge\Exception\HeaderException: Unable to read frame header: Incorrect header size in /home/kaveh/Desktop/spiral-gRPC/vendor/spiral/goridge/src/StreamRelay.php at line 80 []
[2024-10-28T10:45:38.749729+00:00] ERROR: Spiral\Goridge\Exception\HeaderException: Unable to read frame header: Incorrect header size in /home/kaveh/Desktop/spiral-gRPC/vendor/spiral/goridge/src/StreamRelay.php at line 80 []
[2024-10-28T10:45:52.018175+00:00] ERROR: Spiral\RoadRunner\GRPC\Exception\NotFoundException: Service `USER.UserGrpc` not found. in /home/kaveh/Desktop/spiral-gRPC/vendor/spiral/roadrunner-grpc/src/Exception/GRPCException.php at line 50 []
[2024-10-28T10:48:03.686711+00:00] ERROR: Spiral\RoadRunner\GRPC\Exception\NotFoundException: Service `USER.UserGrpc` not found. in /home/kaveh/Desktop/spiral-gRPC/vendor/spiral/roadrunner-grpc/src/Exception/GRPCException.php at line 50 []
[2024-10-28T10:48:36.603467+00:00] ERROR: Spiral\Goridge\Exception\HeaderException: Unable to read frame header: Incorrect header size in /home/kaveh/Desktop/spiral-gRPC/vendor/spiral/goridge/src/StreamRelay.php at line 80 []
[2024-10-28T10:48:36.603464+00:00] ERROR: Spiral\Goridge\Exception\HeaderException: Unable to read frame header: Incorrect header size in /home/kaveh/Desktop/spiral-gRPC/vendor/spiral/goridge/src/StreamRelay.php at line 80 []
[2024-10-28T10:48:36.603654+00:00] ERROR: Spiral\Goridge\Exception\HeaderException: Unable to read frame header: Incorrect header size in /home/kaveh/Desktop/spiral-gRPC/vendor/spiral/goridge/src/StreamRelay.php at line 80 []
[2024-10-28T10:48:36.603656+00:00] ERROR: Spiral\Goridge\Exception\HeaderException: Unable to read frame header: Incorrect header size in /home/kaveh/Desktop/spiral-gRPC/vendor/spiral/goridge/src/StreamRelay.php at line 80 []
[2024-10-28T10:48:36.603656+00:00] ERROR: Spiral\Goridge\Exception\HeaderException: Unable to read frame header: Incorrect header size in /home/kaveh/Desktop/spiral-gRPC/vendor/spiral/goridge/src/StreamRelay.php at line 80 []
[2024-10-28T10:48:36.603657+00:00] ERROR: Spiral\Goridge\Exception\HeaderException: Unable to read frame header: Incorrect header size in /home/kaveh/Desktop/spiral-gRPC/vendor/spiral/goridge/src/StreamRelay.php at line 80 []
[2024-10-28T10:48:43.230591+00:00] ERROR: Spiral\RoadRunner\GRPC\Exception\NotFoundException: Service `USER.UserGrpc` not found. in /home/kaveh/Desktop/spiral-gRPC/vendor/spiral/roadrunner-grpc/src/Exception/GRPCException.php at line 50 []
[2024-10-28T10:49:46.514456+00:00] ERROR: Spiral\Goridge\Exception\HeaderException: Unable to read frame header: Incorrect header size in /home/kaveh/Desktop/spiral-gRPC/vendor/spiral/goridge/src/StreamRelay.php at line 80 []
[2024-10-28T10:49:46.514660+00:00] ERROR: Spiral\Goridge\Exception\HeaderException: Unable to read frame header: Incorrect header size in /home/kaveh/Desktop/spiral-gRPC/vendor/spiral/goridge/src/StreamRelay.php at line 80 []
[2024-10-28T10:49:46.514659+00:00] ERROR: Spiral\Goridge\Exception\HeaderException: Unable to read frame header: Incorrect header size in /home/kaveh/Desktop/spiral-gRPC/vendor/spiral/goridge/src/StreamRelay.php at line 80 []
[2024-10-28T10:49:46.514660+00:00] ERROR: Spiral\Goridge\Exception\HeaderException: Unable to read frame header: Incorrect header size in /home/kaveh/Desktop/spiral-gRPC/vendor/spiral/goridge/src/StreamRelay.php at line 80 []
[2024-10-28T10:49:46.514659+00:00] ERROR: Spiral\Goridge\Exception\HeaderException: Unable to read frame header: Incorrect header size in /home/kaveh/Desktop/spiral-gRPC/vendor/spiral/goridge/src/StreamRelay.php at line 80 []
[2024-10-28T10:49:46.515166+00:00] ERROR: Spiral\Goridge\Exception\HeaderException: Unable to read frame header: Incorrect header size in /home/kaveh/Desktop/spiral-gRPC/vendor/spiral/goridge/src/StreamRelay.php at line 80 []
[2024-10-28T10:49:49.904770+00:00] ERROR: Spiral\RoadRunner\GRPC\Exception\NotFoundException: Service `USER.UserGrpc` not found. in /home/kaveh/Desktop/spiral-gRPC/vendor/spiral/roadrunner-grpc/src/Exception/GRPCException.php at line 50 []
[2024-10-28T10:51:29.480941+00:00] ERROR: Spiral\Goridge\Exception\HeaderException: Unable to read frame header: Incorrect header size in /home/kaveh/Desktop/spiral-gRPC/vendor/spiral/goridge/src/StreamRelay.php at line 80 []
[2024-10-28T10:51:29.481127+00:00] ERROR: Spiral\Goridge\Exception\HeaderException: Unable to read frame header: Incorrect header size in /home/kaveh/Desktop/spiral-gRPC/vendor/spiral/goridge/src/StreamRelay.php at line 80 []
[2024-10-28T10:51:29.481128+00:00] ERROR: Spiral\Goridge\Exception\HeaderException: Unable to read frame header: Incorrect header size in /home/kaveh/Desktop/spiral-gRPC/vendor/spiral/goridge/src/StreamRelay.php at line 80 []
[2024-10-28T10:51:29.481127+00:00] ERROR: Spiral\Goridge\Exception\HeaderException: Unable to read frame header: Incorrect header size in /home/kaveh/Desktop/spiral-gRPC/vendor/spiral/goridge/src/StreamRelay.php at line 80 []
[2024-10-28T10:51:29.481129+00:00] ERROR: Spiral\Goridge\Exception\HeaderException: Unable to read frame header: Incorrect header size in /home/kaveh/Desktop/spiral-gRPC/vendor/spiral/goridge/src/StreamRelay.php at line 80 []
[2024-10-28T10:51:29.481499+00:00] ERROR: Spiral\Goridge\Exception\HeaderException: Unable to read frame header: Incorrect header size in /home/kaveh/Desktop/spiral-gRPC/vendor/spiral/goridge/src/StreamRelay.php at line 80 []
[2024-10-28T10:51:49.417197+00:00] ERROR: Spiral\RoadRunner\GRPC\Exception\NotFoundException: Service `USER.UserGrpc` not found. in /home/kaveh/Desktop/spiral-gRPC/vendor/spiral/roadrunner-grpc/src/Exception/GRPCException.php at line 50 []
[2024-10-28T10:51:54.671343+00:00] ERROR: Spiral\RoadRunner\GRPC\Exception\NotFoundException: Service `USER.UserGrpc` not found. in /home/kaveh/Desktop/spiral-gRPC/vendor/spiral/roadrunner-grpc/src/Exception/GRPCException.php at line 50 []
[2024-10-28T10:52:12.128291+00:00] ERROR: Spiral\Goridge\Exception\HeaderException: Unable to read frame header: Incorrect header size in /home/kaveh/Desktop/spiral-gRPC/vendor/spiral/goridge/src/StreamRelay.php at line 80 []
[2024-10-28T10:52:12.128291+00:00] ERROR: Spiral\Goridge\Exception\HeaderException: Unable to read frame header: Incorrect header size in /home/kaveh/Desktop/spiral-gRPC/vendor/spiral/goridge/src/StreamRelay.php at line 80 []
[2024-10-28T10:52:12.128479+00:00] ERROR: Spiral\Goridge\Exception\HeaderException: Unable to read frame header: Incorrect header size in /home/kaveh/Desktop/spiral-gRPC/vendor/spiral/goridge/src/StreamRelay.php at line 80 []
[2024-10-28T10:52:12.128481+00:00] ERROR: Spiral\Goridge\Exception\HeaderException: Unable to read frame header: Incorrect header size in /home/kaveh/Desktop/spiral-gRPC/vendor/spiral/goridge/src/StreamRelay.php at line 80 []
[2024-10-28T10:52:12.128488+00:00] ERROR: Spiral\Goridge\Exception\HeaderException: Unable to read frame header: Incorrect header size in /home/kaveh/Desktop/spiral-gRPC/vendor/spiral/goridge/src/StreamRelay.php at line 80 []
[2024-10-28T10:52:12.128706+00:00] ERROR: Spiral\Goridge\Exception\HeaderException: Unable to read frame header: Incorrect header size in /home/kaveh/Desktop/spiral-gRPC/vendor/spiral/goridge/src/StreamRelay.php at line 80 []
[2024-10-28T10:52:17.295057+00:00] ERROR: Spiral\RoadRunner\GRPC\Exception\NotFoundException: Service `USER.UserGrpc` not found. in /home/kaveh/Desktop/spiral-gRPC/vendor/spiral/roadrunner-grpc/src/Exception/GRPCException.php at line 50 []
[2024-10-28T10:53:28.879835+00:00] ERROR: Spiral\Goridge\Exception\HeaderException: Unable to read frame header: Incorrect header size in /home/kaveh/Desktop/spiral-gRPC/vendor/spiral/goridge/src/StreamRelay.php at line 80 []
[2024-10-28T10:53:28.879837+00:00] ERROR: Spiral\Goridge\Exception\HeaderException: Unable to read frame header: Incorrect header size in /home/kaveh/Desktop/spiral-gRPC/vendor/spiral/goridge/src/StreamRelay.php at line 80 []
[2024-10-28T10:53:28.879835+00:00] ERROR: Spiral\Goridge\Exception\HeaderException: Unable to read frame header: Incorrect header size in /home/kaveh/Desktop/spiral-gRPC/vendor/spiral/goridge/src/StreamRelay.php at line 80 []
[2024-10-28T10:53:28.879837+00:00] ERROR: Spiral\Goridge\Exception\HeaderException: Unable to read frame header: Incorrect header size in /home/kaveh/Desktop/spiral-gRPC/vendor/spiral/goridge/src/StreamRelay.php at line 80 []
[2024-10-28T10:53:28.879836+00:00] ERROR: Spiral\Goridge\Exception\HeaderException: Unable to read frame header: Incorrect header size in /home/kaveh/Desktop/spiral-gRPC/vendor/spiral/goridge/src/StreamRelay.php at line 80 []
[2024-10-28T10:53:28.880413+00:00] ERROR: Spiral\Goridge\Exception\HeaderException: Unable to read frame header: Incorrect header size in /home/kaveh/Desktop/spiral-gRPC/vendor/spiral/goridge/src/StreamRelay.php at line 80 []
[2024-10-28T11:00:26.594759+00:00] ERROR: Spiral\Goridge\Exception\HeaderException: Unable to read frame header: Incorrect header size in /home/kaveh/Desktop/spiral-gRPC/vendor/spiral/goridge/src/StreamRelay.php at line 80 []
[2024-10-28T11:00:26.594759+00:00] ERROR: Spiral\Goridge\Exception\HeaderException: Unable to read frame header: Incorrect header size in /home/kaveh/Desktop/spiral-gRPC/vendor/spiral/goridge/src/StreamRelay.php at line 80 []
[2024-10-28T11:00:26.594927+00:00] ERROR: Spiral\Goridge\Exception\HeaderException: Unable to read frame header: Incorrect header size in /home/kaveh/Desktop/spiral-gRPC/vendor/spiral/goridge/src/StreamRelay.php at line 80 []
[2024-10-28T11:00:26.594768+00:00] ERROR: Spiral\Goridge\Exception\HeaderException: Unable to read frame header: Incorrect header size in /home/kaveh/Desktop/spiral-gRPC/vendor/spiral/goridge/src/StreamRelay.php at line 80 []
[2024-10-28T11:00:26.595246+00:00] ERROR: Spiral\Goridge\Exception\HeaderException: Unable to read frame header: Incorrect header size in /home/kaveh/Desktop/spiral-gRPC/vendor/spiral/goridge/src/StreamRelay.php at line 80 []
[2024-10-28T11:00:26.594759+00:00] ERROR: Spiral\Goridge\Exception\HeaderException: Unable to read frame header: Incorrect header size in /home/kaveh/Desktop/spiral-gRPC/vendor/spiral/goridge/src/StreamRelay.php at line 80 []
[2024-10-28T11:01:48.313580+00:00] ERROR: Spiral\Goridge\Exception\HeaderException: Unable to read frame header: Incorrect header size in /home/kaveh/Desktop/spiral-gRPC/vendor/spiral/goridge/src/StreamRelay.php at line 80 []
[2024-10-28T11:01:48.313580+00:00] ERROR: Spiral\Goridge\Exception\HeaderException: Unable to read frame header: Incorrect header size in /home/kaveh/Desktop/spiral-gRPC/vendor/spiral/goridge/src/StreamRelay.php at line 80 []
[2024-10-28T11:01:48.313886+00:00] ERROR: Spiral\Goridge\Exception\HeaderException: Unable to read frame header: Incorrect header size in /home/kaveh/Desktop/spiral-gRPC/vendor/spiral/goridge/src/StreamRelay.php at line 80 []
[2024-10-28T11:01:48.313892+00:00] ERROR: Spiral\Goridge\Exception\HeaderException: Unable to read frame header: Incorrect header size in /home/kaveh/Desktop/spiral-gRPC/vendor/spiral/goridge/src/StreamRelay.php at line 80 []
[2024-10-28T11:01:48.313580+00:00] ERROR: Spiral\Goridge\Exception\HeaderException: Unable to read frame header: Incorrect header size in /home/kaveh/Desktop/spiral-gRPC/vendor/spiral/goridge/src/StreamRelay.php at line 80 []
[2024-10-28T11:01:48.313580+00:00] ERROR: Spiral\Goridge\Exception\HeaderException: Unable to read frame header: Incorrect header size in /home/kaveh/Desktop/spiral-gRPC/vendor/spiral/goridge/src/StreamRelay.php at line 80 []
[2024-10-28T11:13:58.180724+00:00] ERROR: Cycle\Database\Exception\StatementException\ConstrainException: SQLSTATE[23000]: Integrity constraint violation: 1062 Duplicate entry '09387578068' for key 'users.unique_mobile_index' in /home/kaveh/Desktop/spiral-gRPC/vendor/cycle/database/src/Driver/MySQL/MySQLDriver.php at line 74 []
[2024-10-28T11:27:25.868094+00:00] ERROR: Cycle\Database\Exception\StatementException\ConstrainException: SQLSTATE[23000]: Integrity constraint violation: 1062 Duplicate entry '09387578069' for key 'users.unique_mobile_index' in /home/kaveh/Desktop/spiral-gRPC/vendor/cycle/database/src/Driver/MySQL/MySQLDriver.php at line 74 []
[2024-10-28T11:37:16.845080+00:00] ERROR: Cycle\Database\Exception\StatementException\ConstrainException: SQLSTATE[23000]: Integrity constraint violation: 1062 Duplicate entry '09387578067' for key 'users.unique_mobile_index' in /home/kaveh/Desktop/spiral-gRPC/vendor/cycle/database/src/Driver/MySQL/MySQLDriver.php at line 74 []
[2024-10-28T11:47:32.687736+00:00] ERROR: Cycle\Database\Exception\StatementException\ConstrainException: SQLSTATE[23000]: Integrity constraint violation: 1062 Duplicate entry '09387578065' for key 'users.unique_mobile_index' in /home/kaveh/Desktop/spiral-gRPC/vendor/cycle/database/src/Driver/MySQL/MySQLDriver.php at line 74 []
[2024-10-28T12:00:52.092767+00:00] ERROR: Spiral\Goridge\Exception\HeaderException: Unable to read frame header: Incorrect header size in /home/kaveh/Desktop/spiral-gRPC/vendor/spiral/goridge/src/StreamRelay.php at line 80 []
[2024-10-28T12:00:52.092839+00:00] ERROR: Spiral\Goridge\Exception\HeaderException: Unable to read frame header: Incorrect header size in /home/kaveh/Desktop/spiral-gRPC/vendor/spiral/goridge/src/StreamRelay.php at line 80 []
[2024-10-28T12:00:52.093097+00:00] ERROR: Spiral\Goridge\Exception\HeaderException: Unable to read frame header: Incorrect header size in /home/kaveh/Desktop/spiral-gRPC/vendor/spiral/goridge/src/StreamRelay.php at line 80 []
[2024-10-28T12:00:52.092841+00:00] ERROR: Spiral\Goridge\Exception\HeaderException: Unable to read frame header: Incorrect header size in /home/kaveh/Desktop/spiral-gRPC/vendor/spiral/goridge/src/StreamRelay.php at line 80 []
[2024-10-28T12:00:52.093537+00:00] ERROR: Spiral\Goridge\Exception\HeaderException: Unable to read frame header: Incorrect header size in /home/kaveh/Desktop/spiral-gRPC/vendor/spiral/goridge/src/StreamRelay.php at line 80 []
[2024-10-28T12:00:52.092767+00:00] ERROR: Spiral\Goridge\Exception\HeaderException: Unable to read frame header: Incorrect header size in /home/kaveh/Desktop/spiral-gRPC/vendor/spiral/goridge/src/StreamRelay.php at line 80 []
[2024-10-28T12:01:08.343255+00:00] ERROR: Cycle\Database\Exception\StatementException\ConstrainException: SQLSTATE[23000]: Integrity constraint violation: 1062 Duplicate entry '09387578061' for key 'users.unique_mobile_index' in /home/kaveh/Desktop/spiral-gRPC/vendor/cycle/database/src/Driver/MySQL/MySQLDriver.php at line 74 []
[2024-10-28T12:03:46.187241+00:00] ERROR: Cycle\Database\Exception\StatementException\ConstrainException: SQLSTATE[23000]: Integrity constraint violation: 1062 Duplicate entry '09387578063' for key 'users.unique_mobile_index' in /home/kaveh/Desktop/spiral-gRPC/vendor/cycle/database/src/Driver/MySQL/MySQLDriver.php at line 74 []
[2024-10-28T12:04:25.606312+00:00] ERROR: Cycle\Database\Exception\StatementException\ConstrainException: SQLSTATE[23000]: Integrity constraint violation: 1062 Duplicate entry '09387578064' for key 'users.unique_mobile_index' in /home/kaveh/Desktop/spiral-gRPC/vendor/cycle/database/src/Driver/MySQL/MySQLDriver.php at line 74 []
[2024-10-28T12:07:45.402401+00:00] ERROR: Cycle\Database\Exception\StatementException\ConstrainException: SQLSTATE[23000]: Integrity constraint violation: 1062 Duplicate entry '093875780641' for key 'users.unique_mobile_index' in /home/kaveh/Desktop/spiral-gRPC/vendor/cycle/database/src/Driver/MySQL/MySQLDriver.php at line 74 []
[2024-10-28T12:31:40.978033+00:00] ERROR: Cycle\Database\Exception\StatementException\ConstrainException: SQLSTATE[23000]: Integrity constraint violation: 1062 Duplicate entry '0938757806410' for key 'users.unique_mobile_index' in /home/kaveh/Desktop/spiral-gRPC/vendor/cycle/database/src/Driver/MySQL/MySQLDriver.php at line 74 []
[2024-10-28T12:36:07.245225+00:00] ERROR: Spiral\Goridge\Exception\HeaderException: Unable to read frame header: Incorrect header size in /home/kaveh/Desktop/spiral-gRPC/vendor/spiral/goridge/src/StreamRelay.php at line 80 []
[2024-10-28T12:36:07.245226+00:00] ERROR: Spiral\Goridge\Exception\HeaderException: Unable to read frame header: Incorrect header size in /home/kaveh/Desktop/spiral-gRPC/vendor/spiral/goridge/src/StreamRelay.php at line 80 []
[2024-10-28T12:36:07.245225+00:00] ERROR: Spiral\Goridge\Exception\HeaderException: Unable to read frame header: Incorrect header size in /home/kaveh/Desktop/spiral-gRPC/vendor/spiral/goridge/src/StreamRelay.php at line 80 []
[2024-10-28T12:36:07.245225+00:00] ERROR: Spiral\Goridge\Exception\HeaderException: Unable to read frame header: Incorrect header size in /home/kaveh/Desktop/spiral-gRPC/vendor/spiral/goridge/src/StreamRelay.php at line 80 []
[2024-10-28T12:36:07.245226+00:00] ERROR: Spiral\Goridge\Exception\HeaderException: Unable to read frame header: Incorrect header size in /home/kaveh/Desktop/spiral-gRPC/vendor/spiral/goridge/src/StreamRelay.php at line 80 []
[2024-10-28T12:36:07.245552+00:00] ERROR: Spiral\Goridge\Exception\HeaderException: Unable to read frame header: Incorrect header size in /home/kaveh/Desktop/spiral-gRPC/vendor/spiral/goridge/src/StreamRelay.php at line 80 []
[2024-10-28T12:43:08.601253+00:00] ERROR: Spiral\Goridge\Exception\HeaderException: Unable to read frame header: Incorrect header size in /home/kaveh/Desktop/spiral-gRPC/vendor/spiral/goridge/src/StreamRelay.php at line 80 []
[2024-10-28T12:43:08.601308+00:00] ERROR: Spiral\Goridge\Exception\HeaderException: Unable to read frame header: Incorrect header size in /home/kaveh/Desktop/spiral-gRPC/vendor/spiral/goridge/src/StreamRelay.php at line 80 []
[2024-10-28T12:43:08.601614+00:00] ERROR: Spiral\Goridge\Exception\HeaderException: Unable to read frame header: Incorrect header size in /home/kaveh/Desktop/spiral-gRPC/vendor/spiral/goridge/src/StreamRelay.php at line 80 []
[2024-10-28T12:43:08.601253+00:00] ERROR: Spiral\Goridge\Exception\HeaderException: Unable to read frame header: Incorrect header size in /home/kaveh/Desktop/spiral-gRPC/vendor/spiral/goridge/src/StreamRelay.php at line 80 []
[2024-10-28T12:43:08.601660+00:00] ERROR: Spiral\Goridge\Exception\HeaderException: Unable to read frame header: Incorrect header size in /home/kaveh/Desktop/spiral-gRPC/vendor/spiral/goridge/src/StreamRelay.php at line 80 []
[2024-10-28T12:43:08.601301+00:00] ERROR: Spiral\Goridge\Exception\HeaderException: Unable to read frame header: Incorrect header size in /home/kaveh/Desktop/spiral-gRPC/vendor/spiral/goridge/src/StreamRelay.php at line 80 []
[2024-10-28T12:48:06.046084+00:00] ERROR: Spiral\Goridge\Exception\HeaderException: Unable to read frame header: Incorrect header size in /home/kaveh/Desktop/spiral-gRPC/vendor/spiral/goridge/src/StreamRelay.php at line 80 []
[2024-10-28T12:48:06.046084+00:00] ERROR: Spiral\Goridge\Exception\HeaderException: Unable to read frame header: Incorrect header size in /home/kaveh/Desktop/spiral-gRPC/vendor/spiral/goridge/src/StreamRelay.php at line 80 []
[2024-10-28T12:48:06.046421+00:00] ERROR: Spiral\Goridge\Exception\HeaderException: Unable to read frame header: Incorrect header size in /home/kaveh/Desktop/spiral-gRPC/vendor/spiral/goridge/src/StreamRelay.php at line 80 []
[2024-10-28T12:48:06.046084+00:00] ERROR: Spiral\Goridge\Exception\HeaderException: Unable to read frame header: Incorrect header size in /home/kaveh/Desktop/spiral-gRPC/vendor/spiral/goridge/src/StreamRelay.php at line 80 []
[2024-10-28T12:48:06.046084+00:00] ERROR: Spiral\Goridge\Exception\HeaderException: Unable to read frame header: Incorrect header size in /home/kaveh/Desktop/spiral-gRPC/vendor/spiral/goridge/src/StreamRelay.php at line 80 []
[2024-10-28T12:48:06.046084+00:00] ERROR: Spiral\Goridge\Exception\HeaderException: Unable to read frame header: Incorrect header size in /home/kaveh/Desktop/spiral-gRPC/vendor/spiral/goridge/src/StreamRelay.php at line 80 []
[2024-10-28T12:48:12.149144+00:00] ERROR: Cycle\Database\Exception\StatementException\ConstrainException: SQLSTATE[23000]: Integrity constraint violation: 1062 Duplicate entry '093875780640100100' for key 'users.unique_mobile_index' in /home/kaveh/Desktop/spiral-gRPC/vendor/cycle/database/src/Driver/MySQL/MySQLDriver.php at line 74 []
[2024-10-28T12:49:36.053714+00:00] ERROR: Spiral\Goridge\Exception\HeaderException: Unable to read frame header: Incorrect header size in /home/kaveh/Desktop/spiral-gRPC/vendor/spiral/goridge/src/StreamRelay.php at line 80 []
[2024-10-28T12:49:36.053714+00:00] ERROR: Spiral\Goridge\Exception\HeaderException: Unable to read frame header: Incorrect header size in /home/kaveh/Desktop/spiral-gRPC/vendor/spiral/goridge/src/StreamRelay.php at line 80 []
[2024-10-28T12:49:36.053935+00:00] ERROR: Spiral\Goridge\Exception\HeaderException: Unable to read frame header: Incorrect header size in /home/kaveh/Desktop/spiral-gRPC/vendor/spiral/goridge/src/StreamRelay.php at line 80 []
[2024-10-28T12:49:36.054027+00:00] ERROR: Spiral\Goridge\Exception\HeaderException: Unable to read frame header: Incorrect header size in /home/kaveh/Desktop/spiral-gRPC/vendor/spiral/goridge/src/StreamRelay.php at line 80 []
[2024-10-28T12:49:36.053714+00:00] ERROR: Spiral\Goridge\Exception\HeaderException: Unable to read frame header: Incorrect header size in /home/kaveh/Desktop/spiral-gRPC/vendor/spiral/goridge/src/StreamRelay.php at line 80 []
[2024-10-28T12:49:36.053740+00:00] ERROR: Spiral\Goridge\Exception\HeaderException: Unable to read frame header: Incorrect header size in /home/kaveh/Desktop/spiral-gRPC/vendor/spiral/goridge/src/StreamRelay.php at line 80 []
[2024-10-28T12:53:20.011354+00:00] ERROR: Spiral\Goridge\Exception\HeaderException: Unable to read frame header: Incorrect header size in /home/kaveh/Desktop/spiral-gRPC/vendor/spiral/goridge/src/StreamRelay.php at line 80 []
[2024-10-28T12:53:20.011354+00:00] ERROR: Spiral\Goridge\Exception\HeaderException: Unable to read frame header: Incorrect header size in /home/kaveh/Desktop/spiral-gRPC/vendor/spiral/goridge/src/StreamRelay.php at line 80 []
[2024-10-28T12:53:20.011675+00:00] ERROR: Spiral\Goridge\Exception\HeaderException: Unable to read frame header: Incorrect header size in /home/kaveh/Desktop/spiral-gRPC/vendor/spiral/goridge/src/StreamRelay.php at line 80 []
[2024-10-28T12:53:20.011685+00:00] ERROR: Spiral\Goridge\Exception\HeaderException: Unable to read frame header: Incorrect header size in /home/kaveh/Desktop/spiral-gRPC/vendor/spiral/goridge/src/StreamRelay.php at line 80 []
[2024-10-28T12:53:20.011354+00:00] ERROR: Spiral\Goridge\Exception\HeaderException: Unable to read frame header: Incorrect header size in /home/kaveh/Desktop/spiral-gRPC/vendor/spiral/goridge/src/StreamRelay.php at line 80 []
[2024-10-28T12:53:20.011354+00:00] ERROR: Spiral\Goridge\Exception\HeaderException: Unable to read frame header: Incorrect header size in /home/kaveh/Desktop/spiral-gRPC/vendor/spiral/goridge/src/StreamRelay.php at line 80 []
[2024-10-28T12:59:58.039291+00:00] ERROR: Spiral\Goridge\Exception\HeaderException: Unable to read frame header: Incorrect header size in /home/kaveh/Desktop/spiral-gRPC/vendor/spiral/goridge/src/StreamRelay.php at line 80 []
[2024-10-28T12:59:58.039291+00:00] ERROR: Spiral\Goridge\Exception\HeaderException: Unable to read frame header: Incorrect header size in /home/kaveh/Desktop/spiral-gRPC/vendor/spiral/goridge/src/StreamRelay.php at line 80 []
[2024-10-28T12:59:58.039594+00:00] ERROR: Spiral\Goridge\Exception\HeaderException: Unable to read frame header: Incorrect header size in /home/kaveh/Desktop/spiral-gRPC/vendor/spiral/goridge/src/StreamRelay.php at line 80 []
[2024-10-28T12:59:58.039607+00:00] ERROR: Spiral\Goridge\Exception\HeaderException: Unable to read frame header: Incorrect header size in /home/kaveh/Desktop/spiral-gRPC/vendor/spiral/goridge/src/StreamRelay.php at line 80 []
[2024-10-28T12:59:58.039291+00:00] ERROR: Spiral\Goridge\Exception\HeaderException: Unable to read frame header: Incorrect header size in /home/kaveh/Desktop/spiral-gRPC/vendor/spiral/goridge/src/StreamRelay.php at line 80 []
[2024-10-28T12:59:58.039291+00:00] ERROR: Spiral\Goridge\Exception\HeaderException: Unable to read frame header: Incorrect header size in /home/kaveh/Desktop/spiral-gRPC/vendor/spiral/goridge/src/StreamRelay.php at line 80 []
[2024-10-28T13:18:42.715285+00:00] ERROR: ErrorException: strict_types declaration must be the very first statement in the script in /home/kaveh/Desktop/spiral-gRPC/app/config/grpc.php at line 5 []
[2024-10-28T13:48:56.691941+00:00] ERROR: Cycle\Database\Exception\StatementException\ConstrainException: SQLSTATE[23000]: Integrity constraint violation: 1062 Duplicate entry '0938757180604010101100' for key 'users.unique_mobile_index' in /home/kaveh/Desktop/spiral-gRPC/vendor/cycle/database/src/Driver/MySQL/MySQLDriver.php at line 74 []
