[2024-11-20T05:41:48.521788+00:00] ERROR: Cycle\Migrations\Exception\MigrationException: Error in the migration (4_default_create_optionvalues (2024-11-18 17:51:32)) occurred: Unable to add foreign key 'optionvalues'.'option_id', foreign table 'options' does not exists in /home/kaveh-msi/PhpstormProjects/spiral-gRPC/vendor/cycle/migrations/src/Migrator.php at line 137 []
[2024-11-20T05:42:23.264835+00:00] ERROR: Cycle\Migrations\Exception\MigrationException: Error in the migration (4_default_create_optionvalues (2024-11-18 17:51:32)) occurred: Unable to add foreign key 'optionvalues'.'option_id', foreign table 'options' does not exists in /home/kaveh-msi/PhpstormProjects/spiral-gRPC/vendor/cycle/migrations/src/Migrator.php at line 137 []
[2024-11-20T05:46:35.742956+00:00] ERROR: Spiral\RoadRunner\GRPC\Exception\GRPCException: {"mobile":"Value does not match required pattern."} in /home/kaveh-msi/PhpstormProjects/spiral-gRPC/app/src/Endpoint/Interceptor/ValidatorInterceptor.php at line 38 []
[2024-11-20T05:48:51.115043+00:00] ERROR: UnexpectedValueException: Wrong number of segments in /home/kaveh-msi/PhpstormProjects/spiral-gRPC/vendor/firebase/php-jwt/src/JWT.php at line 109 []
[2024-11-20T05:49:04.357595+00:00] ERROR: Spiral\RoadRunner\GRPC\Exception\GRPCException: Unauthorized: only (admin) can access. in /home/kaveh-msi/PhpstormProjects/spiral-gRPC/app/src/Endpoint/Interceptor/AuthenticationInterceptor.php at line 66 []
[2024-11-20T06:15:14.192952+00:00] ERROR: ErrorException: Undefined array key "namespace" in /home/kaveh-msi/PhpstormProjects/spiral-gRPC/vendor/spiral-packages/database-seeder/src/Config/DatabaseSeederConfig.php at line 45 []
[2024-11-20T06:16:42.591937+00:00] ERROR: ErrorException: Undefined array key "namespace" in /home/kaveh-msi/PhpstormProjects/spiral-gRPC/vendor/spiral-packages/database-seeder/src/Config/DatabaseSeederConfig.php at line 45 []
[2024-11-20T06:17:52.777290+00:00] ERROR: ErrorException: Undefined array key "namespace" in /home/kaveh-msi/PhpstormProjects/spiral-gRPC/vendor/spiral-packages/database-seeder/src/Config/DatabaseSeederConfig.php at line 45 []
[2024-11-20T06:18:02.967701+00:00] ERROR: ErrorException: Undefined array key "namespace" in /home/kaveh-msi/PhpstormProjects/spiral-gRPC/vendor/spiral-packages/database-seeder/src/Config/DatabaseSeederConfig.php at line 45 []
[2024-11-20T06:19:42.242544+00:00] ERROR: ErrorException: Undefined array key "namespace" in /home/kaveh-msi/PhpstormProjects/spiral-gRPC/vendor/spiral-packages/database-seeder/src/Config/DatabaseSeederConfig.php at line 45 []
[2024-11-20T06:22:46.171784+00:00] ERROR: Error: Unknown named parameter $name in /home/kaveh-msi/PhpstormProjects/spiral-gRPC/app/src/database/seeder/optionSeeder.php at line 16 []
[2024-11-20T06:22:49.994696+00:00] ERROR: Error: Unknown named parameter $name in /home/kaveh-msi/PhpstormProjects/spiral-gRPC/app/src/database/seeder/optionSeeder.php at line 16 []
[2024-11-20T06:24:32.549858+00:00] ERROR: Cycle\ORM\Exception\ORMException: Unable to resolve role of `App\Domain\Entity\Option`. in /home/kaveh-msi/PhpstormProjects/spiral-gRPC/vendor/cycle/orm/src/Service/Implementation/EntityFactory.php at line 100 []
[2024-11-20T06:25:36.162775+00:00] ERROR: Cycle\ORM\Exception\ORMException: Unable to resolve role of `App\Domain\Entity\Option`. in /home/kaveh-msi/PhpstormProjects/spiral-gRPC/vendor/cycle/orm/src/Service/Implementation/EntityFactory.php at line 100 []
[2024-11-20T06:26:55.533006+00:00] ERROR: Cycle\ORM\Exception\ORMException: Unable to resolve role of `App\Domain\Entity\Option`. in /home/kaveh-msi/PhpstormProjects/spiral-gRPC/vendor/cycle/orm/src/Service/Implementation/EntityFactory.php at line 100 []
[2024-11-20T06:27:02.055681+00:00] ERROR: Symfony\Component\Console\Exception\CommandNotFoundException: Command "cycle:show" is not defined.  Did you mean one of these?     cycle     cycle:migrate     cycle:render     cycle:sync in /home/kaveh-msi/PhpstormProjects/spiral-gRPC/vendor/symfony/console/Application.php at line 702 []
[2024-11-20T06:27:19.272432+00:00] ERROR: Cycle\ORM\Exception\ORMException: Unable to resolve role of `App\Domain\Entity\Option`. in /home/kaveh-msi/PhpstormProjects/spiral-gRPC/vendor/cycle/orm/src/Service/Implementation/EntityFactory.php at line 100 []
[2024-11-20T06:27:26.177626+00:00] ERROR: Cycle\ORM\Exception\ORMException: Unable to resolve role of `App\Domain\Entity\Option`. in /home/kaveh-msi/PhpstormProjects/spiral-gRPC/vendor/cycle/orm/src/Service/Implementation/EntityFactory.php at line 100 []
[2024-11-20T06:28:40.605761+00:00] ERROR: Cycle\ORM\Exception\ORMException: Unable to resolve role of `App\Domain\Entity\Option`. in /home/kaveh-msi/PhpstormProjects/spiral-gRPC/vendor/cycle/orm/src/Service/Implementation/EntityFactory.php at line 100 []
[2024-11-20T06:32:47.545806+00:00] ERROR: Spiral\Config\Exception\LoaderException: Unable to load config `cycle`: Unknown named parameter $directories in /home/kaveh-msi/PhpstormProjects/spiral-gRPC/vendor/spiral/framework/src/Config/src/Loader/DirectoryLoader.php at line 47 []
[2024-11-20T06:33:04.038412+00:00] ERROR: Cycle\ORM\Exception\ORMException: Unable to resolve role of `App\Domain\Entity\Option`. in /home/kaveh-msi/PhpstormProjects/spiral-gRPC/vendor/cycle/orm/src/Service/Implementation/EntityFactory.php at line 100 []
[2024-11-20T06:33:52.877393+00:00] ERROR: Cycle\ORM\Exception\ORMException: Unable to resolve role of `App\Domain\Entity\Option`. in /home/kaveh-msi/PhpstormProjects/spiral-gRPC/vendor/cycle/orm/src/Service/Implementation/EntityFactory.php at line 100 []
[2024-11-20T06:34:21.266000+00:00] ERROR: Cycle\ORM\Exception\ORMException: Unable to resolve role of `App\Domain\Entity\Option`. in /home/kaveh-msi/PhpstormProjects/spiral-gRPC/vendor/cycle/orm/src/Service/Implementation/EntityFactory.php at line 100 []
[2024-11-20T06:56:48.006087+00:00] ERROR: Cycle\Database\Exception\StatementException\ConstrainException: SQLSTATE[23000]: Integrity constraint violation: 1062 Duplicate entry 'Black' for key 'optionvalues.optionvalues_index_name_673d776b13a53' in /home/kaveh-msi/PhpstormProjects/spiral-gRPC/vendor/cycle/database/src/Driver/MySQL/MySQLDriver.php at line 74 []
[2024-11-20T06:57:46.189898+00:00] ERROR: Cycle\Database\Exception\StatementException\ConstrainException: SQLSTATE[23000]: Integrity constraint violation: 1062 Duplicate entry 'black' for key 'optionvalues.optionvalues_index_name_673d776b13a53' in /home/kaveh-msi/PhpstormProjects/spiral-gRPC/vendor/cycle/database/src/Driver/MySQL/MySQLDriver.php at line 74 []
[2024-11-20T07:05:01.561105+00:00] ERROR: RuntimeException: Required options not found in the database. Ensure the OptionSeeder has run. in /home/kaveh-msi/PhpstormProjects/spiral-gRPC/app/src/database/seeder/OptionValueSeeder.php at line 23 []
[2024-11-20T07:06:37.437891+00:00] ERROR: Symfony\Component\Console\Exception\RuntimeException: The "--class" option does not exist. in /home/kaveh-msi/PhpstormProjects/spiral-gRPC/vendor/symfony/console/Input/ArgvInput.php at line 220 []
[2024-11-20T07:06:53.639721+00:00] ERROR: Symfony\Component\Console\Exception\RuntimeException: The "--class" option does not exist. in /home/kaveh-msi/PhpstormProjects/spiral-gRPC/vendor/symfony/console/Input/ArgvInput.php at line 220 []
[2024-11-20T07:07:00.876291+00:00] ERROR: Symfony\Component\Console\Exception\RuntimeException: The "--class" option does not exist. in /home/kaveh-msi/PhpstormProjects/spiral-gRPC/vendor/symfony/console/Input/ArgvInput.php at line 220 []
[2024-11-20T07:12:28.578677+00:00] ERROR: RuntimeException: Required options not found in the database. Ensure the OptionSeeder has run. in /home/kaveh-msi/PhpstormProjects/spiral-gRPC/app/src/database/seeder/OptionValueSeeder.php at line 23 []
[2024-11-20T07:12:46.759350+00:00] ERROR: RuntimeException: Required options not found in the database. Ensure the OptionSeeder has run. in /home/kaveh-msi/PhpstormProjects/spiral-gRPC/app/src/database/seeder/OptionValueSeeder.php at line 23 []
