[2024-11-16T06:06:55.366040+00:00] ERROR: Spiral\RoadRunner\GRPC\Exception\GRPCException: {"mobile":"Value does not match required pattern."} in /home/kaveh/PhpstormProjects/spiral-gRPC/app/src/Endpoint/Interceptor/ValidatorInterceptor.php at line 38 []
[2024-11-16T06:11:53.227929+00:00] ERROR: Spiral\RoadRunner\GRPC\Exception\GRPCException: {"mobile":"Value does not match required pattern."} in /home/kaveh/PhpstormProjects/spiral-gRPC/app/src/Endpoint/Interceptor/ValidatorInterceptor.php at line 38 []
[2024-11-16T06:12:05.984196+00:00] ERROR: Cycle\ORM\Exception\SchemaException: Undefined schema `App\Entity\User`, not found. in /home/kaveh/PhpstormProjects/spiral-gRPC/vendor/cycle/orm/src/Schema.php at line 123 []
[2024-11-16T06:12:39.189055+00:00] ERROR: Spiral\RoadRunner\GRPC\Exception\GRPCException: {"mobile":"Value does not match required pattern."} in /home/kaveh/PhpstormProjects/spiral-gRPC/app/src/Endpoint/Interceptor/ValidatorInterceptor.php at line 38 []
[2024-11-16T06:13:16.351512+00:00] ERROR: Spiral\RoadRunner\GRPC\Exception\GRPCException: {"mobile":"Value does not match required pattern."} in /home/kaveh/PhpstormProjects/spiral-gRPC/app/src/Endpoint/Interceptor/ValidatorInterceptor.php at line 38 []
[2024-11-16T06:13:48.880024+00:00] ERROR: Cycle\ORM\Exception\SchemaException: Undefined schema `App\Entity\User`, not found. in /home/kaveh/PhpstormProjects/spiral-gRPC/vendor/cycle/orm/src/Schema.php at line 123 []
[2024-11-16T06:15:31.079939+00:00] ERROR: Cycle\Database\Exception\StatementException\ConstrainException: SQLSTATE[23000]: Integrity constraint violation: 1062 Duplicate entry 'laptop4' for key 'categories.categories_index_name_672f6806c3092' in /home/kaveh/PhpstormProjects/spiral-gRPC/vendor/cycle/database/src/Driver/MySQL/MySQLDriver.php at line 74 []
[2024-11-16T06:15:43.766525+00:00] ERROR: Cycle\Database\Exception\StatementException\ConstrainException: SQLSTATE[23000]: Integrity constraint violation: 1062 Duplicate entry 'laptop2' for key 'categories.categories_index_name_672f6806c3092' in /home/kaveh/PhpstormProjects/spiral-gRPC/vendor/cycle/database/src/Driver/MySQL/MySQLDriver.php at line 74 []
[2024-11-16T06:16:19.478424+00:00] ERROR: Spiral\Goridge\Exception\HeaderException: Unable to read frame header: Incorrect header size in /home/kaveh/PhpstormProjects/spiral-gRPC/vendor/spiral/goridge/src/StreamRelay.php at line 80 []
[2024-11-16T06:16:19.478449+00:00] ERROR: Spiral\Goridge\Exception\HeaderException: Unable to read frame header: Incorrect header size in /home/kaveh/PhpstormProjects/spiral-gRPC/vendor/spiral/goridge/src/StreamRelay.php at line 80 []
[2024-11-16T06:16:19.478462+00:00] ERROR: Spiral\Goridge\Exception\HeaderException: Unable to read frame header: Incorrect header size in /home/kaveh/PhpstormProjects/spiral-gRPC/vendor/spiral/goridge/src/StreamRelay.php at line 80 []
[2024-11-16T06:16:19.478465+00:00] ERROR: Spiral\Goridge\Exception\HeaderException: Unable to read frame header: Incorrect header size in /home/kaveh/PhpstormProjects/spiral-gRPC/vendor/spiral/goridge/src/StreamRelay.php at line 80 []
[2024-11-16T06:58:34.576186+00:00] ERROR: Spiral\RoadRunner\GRPC\Exception\InvokeException: Error occurred during parsing: Fail to push limit. in /home/kaveh/PhpstormProjects/spiral-gRPC/vendor/spiral/roadrunner-grpc/src/Exception/GRPCException.php at line 50 []
[2024-11-16T06:58:48.393786+00:00] ERROR: Spiral\RoadRunner\GRPC\Exception\InvokeException: Error occurred during parsing: Fail to push limit. in /home/kaveh/PhpstormProjects/spiral-gRPC/vendor/spiral/roadrunner-grpc/src/Exception/GRPCException.php at line 50 []
[2024-11-16T06:59:20.923045+00:00] ERROR: Spiral\RoadRunner\GRPC\Exception\InvokeException: Error occurred during parsing: Fail to push limit. in /home/kaveh/PhpstormProjects/spiral-gRPC/vendor/spiral/roadrunner-grpc/src/Exception/GRPCException.php at line 50 []
[2024-11-16T07:00:24.804257+00:00] ERROR: Spiral\RoadRunner\GRPC\Exception\InvokeException: Error occurred during parsing: Fail to push limit. in /home/kaveh/PhpstormProjects/spiral-gRPC/vendor/spiral/roadrunner-grpc/src/Exception/GRPCException.php at line 50 []
[2024-11-16T07:00:28.201131+00:00] ERROR: Spiral\RoadRunner\GRPC\Exception\InvokeException: Error occurred during parsing: Fail to push limit. in /home/kaveh/PhpstormProjects/spiral-gRPC/vendor/spiral/roadrunner-grpc/src/Exception/GRPCException.php at line 50 []
[2024-11-16T07:00:30.811755+00:00] ERROR: Spiral\RoadRunner\GRPC\Exception\InvokeException: Error occurred during parsing: Fail to push limit. in /home/kaveh/PhpstormProjects/spiral-gRPC/vendor/spiral/roadrunner-grpc/src/Exception/GRPCException.php at line 50 []
[2024-11-16T07:00:33.861556+00:00] ERROR: Spiral\RoadRunner\GRPC\Exception\InvokeException: Error occurred during parsing: Fail to push limit. in /home/kaveh/PhpstormProjects/spiral-gRPC/vendor/spiral/roadrunner-grpc/src/Exception/GRPCException.php at line 50 []
[2024-11-16T07:00:34.796772+00:00] ERROR: Spiral\RoadRunner\GRPC\Exception\InvokeException: Error occurred during parsing: Fail to push limit. in /home/kaveh/PhpstormProjects/spiral-gRPC/vendor/spiral/roadrunner-grpc/src/Exception/GRPCException.php at line 50 []
[2024-11-16T07:00:50.182463+00:00] ERROR: Spiral\RoadRunner\GRPC\Exception\InvokeException: Error occurred during parsing: Fail to push limit. in /home/kaveh/PhpstormProjects/spiral-gRPC/vendor/spiral/roadrunner-grpc/src/Exception/GRPCException.php at line 50 []
[2024-11-16T07:01:26.922090+00:00] ERROR: Spiral\RoadRunner\GRPC\Exception\InvokeException: Error occurred during parsing: Fail to push limit. in /home/kaveh/PhpstormProjects/spiral-gRPC/vendor/spiral/roadrunner-grpc/src/Exception/GRPCException.php at line 50 []
[2024-11-16T07:03:10.267381+00:00] ERROR: ErrorException: Trying to access array offset on null in /home/kaveh/PhpstormProjects/spiral-gRPC/app/src/Endpoint/Interceptor/AuthenticationInterceptor.php at line 34 []
[2024-11-16T07:03:19.441010+00:00] ERROR: Spiral\RoadRunner\GRPC\Exception\GRPCException: Unauthorized: Missing token. in /home/kaveh/PhpstormProjects/spiral-gRPC/app/src/Endpoint/Interceptor/AuthenticationInterceptor.php at line 51 []
[2024-11-16T07:03:45.521877+00:00] ERROR: Spiral\Goridge\Exception\HeaderException: Unable to read frame header: Incorrect header size in /home/kaveh/PhpstormProjects/spiral-gRPC/vendor/spiral/goridge/src/StreamRelay.php at line 80 []
[2024-11-16T07:04:29.666142+00:00] ERROR: ErrorException: Trying to access array offset on null in /home/kaveh/PhpstormProjects/spiral-gRPC/app/src/Endpoint/Interceptor/AuthenticationInterceptor.php at line 34 []
[2024-11-16T07:04:39.453868+00:00] ERROR: Spiral\RoadRunner\GRPC\Exception\GRPCException: Unauthorized: Missing token. in /home/kaveh/PhpstormProjects/spiral-gRPC/app/src/Endpoint/Interceptor/AuthenticationInterceptor.php at line 51 []
[2024-11-16T07:04:44.987282+00:00] ERROR: Cycle\Database\Exception\StatementException\ConstrainException: SQLSTATE[23000]: Integrity constraint violation: 1062 Duplicate entry 'laptop423' for key 'categories.categories_index_name_672f6806c3092' in /home/kaveh/PhpstormProjects/spiral-gRPC/vendor/cycle/database/src/Driver/MySQL/MySQLDriver.php at line 74 []
[2024-11-16T10:07:48.699265+00:00] ERROR: Cycle\Migrations\Exception\MigrationException: Error in the migration (2_default_create_products (2024-11-16 17:51:32)) occurred: Unable to create column 'categories'.'id', column already exists in /home/kaveh/PhpstormProjects/spiral-gRPC/vendor/cycle/migrations/src/Migrator.php at line 137 []
[2024-11-16T10:07:58.851205+00:00] ERROR: Symfony\Component\Console\Exception\CommandNotFoundException: Command "migrate:sync" is not defined.  Did you mean one of these?     cycle:sync     migrate     migrate:init     migrate:replay     migrate:rollback     migrate:status in /home/kaveh/PhpstormProjects/spiral-gRPC/vendor/symfony/console/Application.php at line 702 []
[2024-11-16T10:08:41.178100+00:00] ERROR: Cycle\Migrations\Exception\MigrationException: Error in the migration (2_default_create_products (2024-11-16 17:51:32)) occurred: Unable to create column 'categories'.'id', column already exists in /home/kaveh/PhpstormProjects/spiral-gRPC/vendor/cycle/migrations/src/Migrator.php at line 137 []
[2024-11-16T10:10:12.342725+00:00] ERROR: Spiral\Goridge\Exception\HeaderException: Unable to read frame header: Incorrect header size in /home/kaveh/PhpstormProjects/spiral-gRPC/vendor/spiral/goridge/src/StreamRelay.php at line 80 []
[2024-11-16T10:10:12.342755+00:00] ERROR: Spiral\Goridge\Exception\HeaderException: Unable to read frame header: Incorrect header size in /home/kaveh/PhpstormProjects/spiral-gRPC/vendor/spiral/goridge/src/StreamRelay.php at line 80 []
[2024-11-16T10:14:45.128504+00:00] ERROR: TypeError: App\Domain\Repository\ProductRepository::create(): Argument #3 ($image) must be of type ?array, Google\Protobuf\Internal\RepeatedField given, called in /home/kaveh/PhpstormProjects/spiral-gRPC/app/src/Endpoint/RPC/ProductService.php on line 24 in /home/kaveh/PhpstormProjects/spiral-gRPC/app/src/Domain/Repository/ProductRepository.php at line 17 []
[2024-11-16T10:15:47.696820+00:00] ERROR: Spiral\RoadRunner\GRPC\Exception\GRPCException: Unauthorized: only (admin) can access. in /home/kaveh/PhpstormProjects/spiral-gRPC/app/src/Endpoint/Interceptor/AuthenticationInterceptor.php at line 66 []
[2024-11-16T10:16:19.923137+00:00] ERROR: TypeError: App\Domain\Repository\ProductRepository::create(): Argument #3 ($image) must be of type ?array, Google\Protobuf\Internal\RepeatedField given, called in /home/kaveh/PhpstormProjects/spiral-gRPC/app/src/Endpoint/RPC/ProductService.php on line 24 in /home/kaveh/PhpstormProjects/spiral-gRPC/app/src/Domain/Repository/ProductRepository.php at line 17 []
[2024-11-16T10:16:49.300661+00:00] ERROR: TypeError: App\Domain\Repository\ProductRepository::create(): Argument #3 ($image) must be of type ?array, Google\Protobuf\Internal\RepeatedField given, called in /home/kaveh/PhpstormProjects/spiral-gRPC/app/src/Endpoint/RPC/ProductService.php on line 24 in /home/kaveh/PhpstormProjects/spiral-gRPC/app/src/Domain/Repository/ProductRepository.php at line 17 []
[2024-11-16T10:20:12.106064+00:00] ERROR: TypeError: App\Domain\Repository\ProductRepository::create(): Argument #3 ($image) must be of type ?array, Google\Protobuf\Internal\RepeatedField given, called in /home/kaveh/PhpstormProjects/spiral-gRPC/app/src/Endpoint/RPC/ProductService.php on line 24 in /home/kaveh/PhpstormProjects/spiral-gRPC/app/src/Domain/Repository/ProductRepository.php at line 17 []
[2024-11-16T10:22:10.438827+00:00] ERROR: TypeError: Cycle\ORM\Transaction\Pool::offsetGet(): Argument #1 ($entity) must be of type object, int given, called in /home/kaveh/PhpstormProjects/spiral-gRPC/vendor/cycle/orm/src/Relation/BelongsTo.php on line 64 in /home/kaveh/PhpstormProjects/spiral-gRPC/vendor/cycle/orm/src/Transaction/Pool.php at line 133 []
[2024-11-16T10:22:28.821272+00:00] ERROR: TypeError: Cycle\ORM\Transaction\Pool::offsetGet(): Argument #1 ($entity) must be of type object, int given, called in /home/kaveh/PhpstormProjects/spiral-gRPC/vendor/cycle/orm/src/Relation/BelongsTo.php on line 64 in /home/kaveh/PhpstormProjects/spiral-gRPC/vendor/cycle/orm/src/Transaction/Pool.php at line 133 []
[2024-11-16T10:25:59.734343+00:00] ERROR: Spiral\Goridge\Exception\HeaderException: Unable to read frame header: Incorrect header size in /home/kaveh/PhpstormProjects/spiral-gRPC/vendor/spiral/goridge/src/StreamRelay.php at line 80 []
[2024-11-16T10:25:59.734343+00:00] ERROR: Spiral\Goridge\Exception\HeaderException: Unable to read frame header: Incorrect header size in /home/kaveh/PhpstormProjects/spiral-gRPC/vendor/spiral/goridge/src/StreamRelay.php at line 80 []
[2024-11-16T10:25:59.734392+00:00] ERROR: Spiral\Goridge\Exception\HeaderException: Unable to read frame header: Incorrect header size in /home/kaveh/PhpstormProjects/spiral-gRPC/vendor/spiral/goridge/src/StreamRelay.php at line 80 []
[2024-11-16T10:25:59.734343+00:00] ERROR: Spiral\Goridge\Exception\HeaderException: Unable to read frame header: Incorrect header size in /home/kaveh/PhpstormProjects/spiral-gRPC/vendor/spiral/goridge/src/StreamRelay.php at line 80 []
[2024-11-16T10:25:59.734343+00:00] ERROR: Spiral\Goridge\Exception\HeaderException: Unable to read frame header: Incorrect header size in /home/kaveh/PhpstormProjects/spiral-gRPC/vendor/spiral/goridge/src/StreamRelay.php at line 80 []
[2024-11-16T10:25:59.734343+00:00] ERROR: Spiral\Goridge\Exception\HeaderException: Unable to read frame header: Incorrect header size in /home/kaveh/PhpstormProjects/spiral-gRPC/vendor/spiral/goridge/src/StreamRelay.php at line 80 []
[2024-11-16T10:26:04.551132+00:00] ERROR: TypeError: App\Domain\Repository\ProductRepository::create(): Argument #4 ($category_id) must be of type App\Domain\Entity\Category, int given, called in /home/kaveh/PhpstormProjects/spiral-gRPC/app/src/Endpoint/RPC/ProductService.php on line 24 in /home/kaveh/PhpstormProjects/spiral-gRPC/app/src/Domain/Repository/ProductRepository.php at line 18 []
[2024-11-16T10:26:24.405401+00:00] ERROR: TypeError: App\Domain\Repository\ProductRepository::create(): Argument #4 ($category_id) must be of type App\Domain\Entity\Category, int given, called in /home/kaveh/PhpstormProjects/spiral-gRPC/app/src/Endpoint/RPC/ProductService.php on line 24 in /home/kaveh/PhpstormProjects/spiral-gRPC/app/src/Domain/Repository/ProductRepository.php at line 18 []
[2024-11-16T10:29:40.562016+00:00] ERROR: Exception: Category not found for ID: 2 in /home/kaveh/PhpstormProjects/spiral-gRPC/app/src/Endpoint/RPC/ProductService.php at line 28 []
[2024-11-16T10:30:43.371348+00:00] ERROR: TypeError: App\Domain\Repository\ProductRepository::create(): Argument #4 ($category_id) must be of type App\Domain\Entity\Category, int given, called in /home/kaveh/PhpstormProjects/spiral-gRPC/app/src/Endpoint/RPC/ProductService.php on line 31 in /home/kaveh/PhpstormProjects/spiral-gRPC/app/src/Domain/Repository/ProductRepository.php at line 18 []
[2024-11-16T10:32:13.387082+00:00] ERROR: Spiral\Goridge\Exception\HeaderException: Unable to read frame header: Incorrect header size in /home/kaveh/PhpstormProjects/spiral-gRPC/vendor/spiral/goridge/src/StreamRelay.php at line 80 []
[2024-11-16T10:32:13.387082+00:00] ERROR: Spiral\Goridge\Exception\HeaderException: Unable to read frame header: Incorrect header size in /home/kaveh/PhpstormProjects/spiral-gRPC/vendor/spiral/goridge/src/StreamRelay.php at line 80 []
[2024-11-16T10:32:13.387177+00:00] ERROR: Spiral\Goridge\Exception\HeaderException: Unable to read frame header: Incorrect header size in /home/kaveh/PhpstormProjects/spiral-gRPC/vendor/spiral/goridge/src/StreamRelay.php at line 80 []
[2024-11-16T10:32:13.387082+00:00] ERROR: Spiral\Goridge\Exception\HeaderException: Unable to read frame header: Incorrect header size in /home/kaveh/PhpstormProjects/spiral-gRPC/vendor/spiral/goridge/src/StreamRelay.php at line 80 []
[2024-11-16T10:32:18.687469+00:00] ERROR: TypeError: Cycle\ORM\Transaction\Pool::offsetGet(): Argument #1 ($entity) must be of type object, int given, called in /home/kaveh/PhpstormProjects/spiral-gRPC/vendor/cycle/orm/src/Relation/BelongsTo.php on line 64 in /home/kaveh/PhpstormProjects/spiral-gRPC/vendor/cycle/orm/src/Transaction/Pool.php at line 133 []
[2024-11-16T10:38:47.183633+00:00] ERROR: Spiral\Goridge\Exception\HeaderException: Unable to read frame header: Incorrect header size in /home/kaveh/PhpstormProjects/spiral-gRPC/vendor/spiral/goridge/src/StreamRelay.php at line 80 []
[2024-11-16T10:41:02.827330+00:00] ERROR: TypeError: App\Domain\Repository\ProductRepository::create(): Argument #4 ($category_id) must be of type App\Domain\Entity\Category, int given, called in /home/kaveh/PhpstormProjects/spiral-gRPC/app/src/Endpoint/RPC/ProductService.php on line 31 in /home/kaveh/PhpstormProjects/spiral-gRPC/app/src/Domain/Repository/ProductRepository.php at line 18 []
[2024-11-16T10:44:58.113157+00:00] ERROR: TypeError: Cycle\ORM\Transaction\Pool::offsetGet(): Argument #1 ($entity) must be of type object, int given, called in /home/kaveh/PhpstormProjects/spiral-gRPC/vendor/cycle/orm/src/Relation/BelongsTo.php on line 64 in /home/kaveh/PhpstormProjects/spiral-gRPC/vendor/cycle/orm/src/Transaction/Pool.php at line 133 []
[2024-11-16T10:45:03.549192+00:00] ERROR: Exception: Category not found for ID: 2 in /home/kaveh/PhpstormProjects/spiral-gRPC/app/src/Endpoint/RPC/ProductService.php at line 28 []
[2024-11-16T10:45:10.781519+00:00] ERROR: TypeError: Cycle\ORM\Transaction\Pool::offsetGet(): Argument #1 ($entity) must be of type object, int given, called in /home/kaveh/PhpstormProjects/spiral-gRPC/vendor/cycle/orm/src/Relation/BelongsTo.php on line 64 in /home/kaveh/PhpstormProjects/spiral-gRPC/vendor/cycle/orm/src/Transaction/Pool.php at line 133 []
[2024-11-16T11:42:21.979216+00:00] ERROR: TypeError: Cycle\ORM\Transaction\Pool::offsetGet(): Argument #1 ($entity) must be of type object, int given, called in /home/kaveh/PhpstormProjects/spiral-gRPC/vendor/cycle/orm/src/Relation/BelongsTo.php on line 64 in /home/kaveh/PhpstormProjects/spiral-gRPC/vendor/cycle/orm/src/Transaction/Pool.php at line 133 []
[2024-11-16T11:42:39.572423+00:00] ERROR: TypeError: Cycle\ORM\Transaction\Pool::offsetGet(): Argument #1 ($entity) must be of type object, int given, called in /home/kaveh/PhpstormProjects/spiral-gRPC/vendor/cycle/orm/src/Relation/BelongsTo.php on line 64 in /home/kaveh/PhpstormProjects/spiral-gRPC/vendor/cycle/orm/src/Transaction/Pool.php at line 133 []
[2024-11-16T11:46:15.115315+00:00] ERROR: Spiral\Goridge\Exception\HeaderException: Unable to read frame header: Incorrect header size in /home/kaveh/PhpstormProjects/spiral-gRPC/vendor/spiral/goridge/src/StreamRelay.php at line 80 []
[2024-11-16T11:46:15.115352+00:00] ERROR: Spiral\Goridge\Exception\HeaderException: Unable to read frame header: Incorrect header size in /home/kaveh/PhpstormProjects/spiral-gRPC/vendor/spiral/goridge/src/StreamRelay.php at line 80 []
[2024-11-16T11:46:15.115316+00:00] ERROR: Spiral\Goridge\Exception\HeaderException: Unable to read frame header: Incorrect header size in /home/kaveh/PhpstormProjects/spiral-gRPC/vendor/spiral/goridge/src/StreamRelay.php at line 80 []
[2024-11-16T11:46:15.115315+00:00] ERROR: Spiral\Goridge\Exception\HeaderException: Unable to read frame header: Incorrect header size in /home/kaveh/PhpstormProjects/spiral-gRPC/vendor/spiral/goridge/src/StreamRelay.php at line 80 []
[2024-11-16T11:46:15.115315+00:00] ERROR: Spiral\Goridge\Exception\HeaderException: Unable to read frame header: Incorrect header size in /home/kaveh/PhpstormProjects/spiral-gRPC/vendor/spiral/goridge/src/StreamRelay.php at line 80 []
[2024-11-16T11:46:15.115315+00:00] ERROR: Spiral\Goridge\Exception\HeaderException: Unable to read frame header: Incorrect header size in /home/kaveh/PhpstormProjects/spiral-gRPC/vendor/spiral/goridge/src/StreamRelay.php at line 80 []
[2024-11-16T11:46:22.982018+00:00] ERROR: Cycle\Database\Exception\StatementException: SQLSTATE[42000]: Syntax error or access violation: 1064 You have an error in your SQL syntax; check the manual that corresponds to your MySQL server version for the right syntax to use near '), 1)' at line 1 in /home/kaveh/PhpstormProjects/spiral-gRPC/vendor/cycle/database/src/Driver/MySQL/MySQLDriver.php at line 89 []
[2024-11-16T11:47:43.797452+00:00] ERROR: TypeError: App\Domain\Repository\ProductRepository::create(): Argument #4 ($category_id) must be of type App\Domain\Entity\Category, int given, called in /home/kaveh/PhpstormProjects/spiral-gRPC/app/src/Endpoint/RPC/ProductService.php on line 31 in /home/kaveh/PhpstormProjects/spiral-gRPC/app/src/Domain/Repository/ProductRepository.php at line 18 []
[2024-11-16T11:50:11.592237+00:00] ERROR: TypeError: App\Domain\Repository\ProductRepository::create(): Argument #4 ($category_id) must be of type App\Domain\Entity\Category, int given, called in /home/kaveh/PhpstormProjects/spiral-gRPC/app/src/Endpoint/RPC/ProductService.php on line 31 in /home/kaveh/PhpstormProjects/spiral-gRPC/app/src/Domain/Repository/ProductRepository.php at line 18 []
[2024-11-16T11:54:04.248947+00:00] ERROR: Exception: Category not found for ID: 3 in /home/kaveh/PhpstormProjects/spiral-gRPC/app/src/Endpoint/RPC/ProductService.php at line 28 []
[2024-11-16T11:54:11.074650+00:00] ERROR: TypeError: App\Domain\Repository\ProductRepository::create(): Argument #4 ($category_id) must be of type App\Domain\Entity\Category, int given, called in /home/kaveh/PhpstormProjects/spiral-gRPC/app/src/Endpoint/RPC/ProductService.php on line 31 in /home/kaveh/PhpstormProjects/spiral-gRPC/app/src/Domain/Repository/ProductRepository.php at line 18 []
[2024-11-16T11:59:58.048853+00:00] ERROR: TypeError: Cycle\ORM\Transaction\Pool::offsetGet(): Argument #1 ($entity) must be of type object, int given, called in /home/kaveh/PhpstormProjects/spiral-gRPC/vendor/cycle/orm/src/Relation/BelongsTo.php on line 64 in /home/kaveh/PhpstormProjects/spiral-gRPC/vendor/cycle/orm/src/Transaction/Pool.php at line 133 []
[2024-11-16T12:00:24.379833+00:00] ERROR: Spiral\Goridge\Exception\HeaderException: Unable to read frame header: Incorrect header size in /home/kaveh/PhpstormProjects/spiral-gRPC/vendor/spiral/goridge/src/StreamRelay.php at line 80 []
[2024-11-16T12:00:24.380004+00:00] ERROR: Spiral\Goridge\Exception\HeaderException: Unable to read frame header: Incorrect header size in /home/kaveh/PhpstormProjects/spiral-gRPC/vendor/spiral/goridge/src/StreamRelay.php at line 80 []
[2024-11-16T12:00:24.380084+00:00] ERROR: Spiral\Goridge\Exception\HeaderException: Unable to read frame header: Incorrect header size in /home/kaveh/PhpstormProjects/spiral-gRPC/vendor/spiral/goridge/src/StreamRelay.php at line 80 []
[2024-11-16T12:00:24.379833+00:00] ERROR: Spiral\Goridge\Exception\HeaderException: Unable to read frame header: Incorrect header size in /home/kaveh/PhpstormProjects/spiral-gRPC/vendor/spiral/goridge/src/StreamRelay.php at line 80 []
[2024-11-16T12:00:24.379833+00:00] ERROR: Spiral\Goridge\Exception\HeaderException: Unable to read frame header: Incorrect header size in /home/kaveh/PhpstormProjects/spiral-gRPC/vendor/spiral/goridge/src/StreamRelay.php at line 80 []
[2024-11-16T12:00:24.379833+00:00] ERROR: Spiral\Goridge\Exception\HeaderException: Unable to read frame header: Incorrect header size in /home/kaveh/PhpstormProjects/spiral-gRPC/vendor/spiral/goridge/src/StreamRelay.php at line 80 []
[2024-11-16T12:01:42.344790+00:00] ERROR: TypeError: Cycle\ORM\Transaction\Pool::offsetGet(): Argument #1 ($entity) must be of type object, int given, called in /home/kaveh/PhpstormProjects/spiral-gRPC/vendor/cycle/orm/src/Relation/BelongsTo.php on line 64 in /home/kaveh/PhpstormProjects/spiral-gRPC/vendor/cycle/orm/src/Transaction/Pool.php at line 133 []
[2024-11-16T12:03:57.558590+00:00] ERROR: TypeError: Cycle\ORM\Transaction\Pool::offsetGet(): Argument #1 ($entity) must be of type object, int given, called in /home/kaveh/PhpstormProjects/spiral-gRPC/vendor/cycle/orm/src/Relation/BelongsTo.php on line 64 in /home/kaveh/PhpstormProjects/spiral-gRPC/vendor/cycle/orm/src/Transaction/Pool.php at line 133 []
[2024-11-16T12:09:06.099334+00:00] ERROR: TypeError: Cycle\ORM\Transaction\Pool::offsetGet(): Argument #1 ($entity) must be of type object, int given, called in /home/kaveh/PhpstormProjects/spiral-gRPC/vendor/cycle/orm/src/Relation/BelongsTo.php on line 64 in /home/kaveh/PhpstormProjects/spiral-gRPC/vendor/cycle/orm/src/Transaction/Pool.php at line 133 []
[2024-11-16T12:46:44.428219+00:00] ERROR: TypeError: App\Domain\Entity\Product::setCategoryId(): Argument #1 ($category_id) must be of type App\Domain\Entity\Category, int given, called in /home/kaveh/PhpstormProjects/spiral-gRPC/app/src/Domain/Repository/ProductRepository.php on line 24 in /home/kaveh/PhpstormProjects/spiral-gRPC/app/src/Domain/Entity/Product.php at line 63 []
[2024-11-16T12:47:34.979585+00:00] ERROR: TypeError: App\Domain\Entity\Product::setCategoryId(): Argument #1 ($category_id) must be of type App\Domain\Entity\Category, int given, called in /home/kaveh/PhpstormProjects/spiral-gRPC/app/src/Domain/Repository/ProductRepository.php on line 24 in /home/kaveh/PhpstormProjects/spiral-gRPC/app/src/Domain/Entity/Product.php at line 63 []
[2024-11-16T12:48:05.180760+00:00] ERROR: TypeError: App\Domain\Entity\Product::setCategoryId(): Argument #1 ($category_id) must be of type App\Domain\Entity\Category, int given, called in /home/kaveh/PhpstormProjects/spiral-gRPC/app/src/Domain/Repository/ProductRepository.php on line 24 in /home/kaveh/PhpstormProjects/spiral-gRPC/app/src/Domain/Entity/Product.php at line 63 []
[2024-11-16T12:52:45.983615+00:00] ERROR: Cycle\Database\Exception\StatementException: SQLSTATE[42000]: Syntax error or access violation: 1064 You have an error in your SQL syntax; check the manual that corresponds to your MySQL server version for the right syntax to use near '), 1)' at line 1 in /home/kaveh/PhpstormProjects/spiral-gRPC/vendor/cycle/database/src/Driver/MySQL/MySQLDriver.php at line 89 []
[2024-11-16T12:53:10.663681+00:00] ERROR: Cycle\Database\Exception\StatementException: SQLSTATE[42000]: Syntax error or access violation: 1064 You have an error in your SQL syntax; check the manual that corresponds to your MySQL server version for the right syntax to use near '), 1)' at line 1 in /home/kaveh/PhpstormProjects/spiral-gRPC/vendor/cycle/database/src/Driver/MySQL/MySQLDriver.php at line 89 []
[2024-11-16T12:53:15.357078+00:00] ERROR: Spiral\Goridge\Exception\HeaderException: Unable to read frame header: Incorrect header size in /home/kaveh/PhpstormProjects/spiral-gRPC/vendor/spiral/goridge/src/StreamRelay.php at line 80 []
[2024-11-16T12:53:15.357243+00:00] ERROR: Spiral\Goridge\Exception\HeaderException: Unable to read frame header: Incorrect header size in /home/kaveh/PhpstormProjects/spiral-gRPC/vendor/spiral/goridge/src/StreamRelay.php at line 80 []
[2024-11-16T12:53:15.357350+00:00] ERROR: Spiral\Goridge\Exception\HeaderException: Unable to read frame header: Incorrect header size in /home/kaveh/PhpstormProjects/spiral-gRPC/vendor/spiral/goridge/src/StreamRelay.php at line 80 []
[2024-11-16T12:53:15.357399+00:00] ERROR: Spiral\Goridge\Exception\HeaderException: Unable to read frame header: Incorrect header size in /home/kaveh/PhpstormProjects/spiral-gRPC/vendor/spiral/goridge/src/StreamRelay.php at line 80 []
[2024-11-16T12:53:15.357078+00:00] ERROR: Spiral\Goridge\Exception\HeaderException: Unable to read frame header: Incorrect header size in /home/kaveh/PhpstormProjects/spiral-gRPC/vendor/spiral/goridge/src/StreamRelay.php at line 80 []
[2024-11-16T12:53:15.357078+00:00] ERROR: Spiral\Goridge\Exception\HeaderException: Unable to read frame header: Incorrect header size in /home/kaveh/PhpstormProjects/spiral-gRPC/vendor/spiral/goridge/src/StreamRelay.php at line 80 []
[2024-11-16T12:53:15.357460+00:00] ERROR: Spiral\Goridge\Exception\HeaderException: Unable to read frame header: Incorrect header size in /home/kaveh/PhpstormProjects/spiral-gRPC/vendor/spiral/goridge/src/StreamRelay.php at line 80 []
[2024-11-16T12:53:15.357078+00:00] ERROR: Spiral\Goridge\Exception\HeaderException: Unable to read frame header: Incorrect header size in /home/kaveh/PhpstormProjects/spiral-gRPC/vendor/spiral/goridge/src/StreamRelay.php at line 80 []
[2024-11-16T12:53:28.175801+00:00] ERROR: Cycle\Database\Exception\StatementException: SQLSTATE[42000]: Syntax error or access violation: 1064 You have an error in your SQL syntax; check the manual that corresponds to your MySQL server version for the right syntax to use near '), 1)' at line 1 in /home/kaveh/PhpstormProjects/spiral-gRPC/vendor/cycle/database/src/Driver/MySQL/MySQLDriver.php at line 89 []
[2024-11-16T12:53:41.799772+00:00] ERROR: Cycle\Database\Exception\StatementException: SQLSTATE[42000]: Syntax error or access violation: 1064 You have an error in your SQL syntax; check the manual that corresponds to your MySQL server version for the right syntax to use near '), 1)' at line 1 in /home/kaveh/PhpstormProjects/spiral-gRPC/vendor/cycle/database/src/Driver/MySQL/MySQLDriver.php at line 89 []
[2024-11-16T12:54:00.308015+00:00] ERROR: Cycle\Database\Exception\StatementException: SQLSTATE[42000]: Syntax error or access violation: 1064 You have an error in your SQL syntax; check the manual that corresponds to your MySQL server version for the right syntax to use near '), 1)' at line 1 in /home/kaveh/PhpstormProjects/spiral-gRPC/vendor/cycle/database/src/Driver/MySQL/MySQLDriver.php at line 89 []
[2024-11-16T12:54:28.046377+00:00] ERROR: Cycle\Database\Exception\StatementException: SQLSTATE[42000]: Syntax error or access violation: 1064 You have an error in your SQL syntax; check the manual that corresponds to your MySQL server version for the right syntax to use near '), 1)' at line 1 in /home/kaveh/PhpstormProjects/spiral-gRPC/vendor/cycle/database/src/Driver/MySQL/MySQLDriver.php at line 89 []
[2024-11-16T12:57:19.244916+00:00] ERROR: Cycle\Database\Exception\StatementException: SQLSTATE[42000]: Syntax error or access violation: 1064 You have an error in your SQL syntax; check the manual that corresponds to your MySQL server version for the right syntax to use near '), 1)' at line 1 in /home/kaveh/PhpstormProjects/spiral-gRPC/vendor/cycle/database/src/Driver/MySQL/MySQLDriver.php at line 89 []
[2024-11-16T12:57:47.717169+00:00] ERROR: Cycle\Database\Exception\StatementException: SQLSTATE[22032]: <<Unknown error>>: 3140 Invalid JSON text: "Invalid value." at position 0 in value for column 'products.image'. in /home/kaveh/PhpstormProjects/spiral-gRPC/vendor/cycle/database/src/Driver/MySQL/MySQLDriver.php at line 89 []
[2024-11-16T12:58:03.776182+00:00] ERROR: Cycle\Database\Exception\StatementException: SQLSTATE[42000]: Syntax error or access violation: 1064 You have an error in your SQL syntax; check the manual that corresponds to your MySQL server version for the right syntax to use near '), 1)' at line 1 in /home/kaveh/PhpstormProjects/spiral-gRPC/vendor/cycle/database/src/Driver/MySQL/MySQLDriver.php at line 89 []
[2024-11-16T12:58:29.266881+00:00] ERROR: Cycle\Database\Exception\StatementException: SQLSTATE[42000]: Syntax error or access violation: 1064 You have an error in your SQL syntax; check the manual that corresponds to your MySQL server version for the right syntax to use near '), 1)' at line 1 in /home/kaveh/PhpstormProjects/spiral-gRPC/vendor/cycle/database/src/Driver/MySQL/MySQLDriver.php at line 89 []
[2024-11-16T12:58:37.498960+00:00] ERROR: Cycle\Database\Exception\StatementException: SQLSTATE[42000]: Syntax error or access violation: 1064 You have an error in your SQL syntax; check the manual that corresponds to your MySQL server version for the right syntax to use near '), 1)' at line 1 in /home/kaveh/PhpstormProjects/spiral-gRPC/vendor/cycle/database/src/Driver/MySQL/MySQLDriver.php at line 89 []
