[2024-10-29T05:51:13.722166+00:00] ERROR: Spiral\RoadRunner\GRPC\Exception\NotFoundException: Service `USER.UserGrpc` not found. in /home/kaveh/Desktop/spiral-gRPC/vendor/spiral/roadrunner-grpc/src/Exception/GRPCException.php at line 50 []
[2024-10-29T05:51:23.682431+00:00] ERROR: Spiral\RoadRunner\GRPC\Exception\NotFoundException: Service `USER.UserGrpc` not found. in /home/kaveh/Desktop/spiral-gRPC/vendor/spiral/roadrunner-grpc/src/Exception/GRPCException.php at line 50 []
[2024-10-29T05:53:11.529164+00:00] ERROR: Symfony\Component\Console\Exception\CommandNotFoundException: Command "grpc:generated" is not defined.  Did you mean one of these?     grpc:generate     grpc:services in /home/kaveh/Desktop/spiral-gRPC/vendor/symfony/console/Application.php at line 702 []
[2024-10-29T05:53:17.323421+00:00] ERROR: Spiral\RoadRunner\GRPC\Exception\NotFoundException: Service `USER.UserGrpc` not found. in /home/kaveh/Desktop/spiral-gRPC/vendor/spiral/roadrunner-grpc/src/Exception/GRPCException.php at line 50 []
[2024-10-29T05:55:54.854024+00:00] ERROR: ErrorException: Cannot declare class App\Domain\Repository\UserRepository, because the name is already in use in /home/kaveh/Desktop/spiral-gRPC/app/src/Repository/UserRepository.php at line 9 []
[2024-10-29T06:00:19.267822+00:00] ERROR: Cycle\Database\Exception\StatementException\ConstrainException: SQLSTATE[23000]: Integrity constraint violation: 1062 Duplicate entry '09126880341' for key 'users.unique_mobile_index' in /home/kaveh/Desktop/spiral-gRPC/vendor/cycle/database/src/Driver/MySQL/MySQLDriver.php at line 74 []
[2024-10-29T07:15:56.952276+00:00] ERROR: Cycle\Database\Exception\StatementException\ConstrainException: SQLSTATE[23000]: Integrity constraint violation: 1062 Duplicate entry '09126880341' for key 'users.unique_mobile_index' in /home/kaveh/Desktop/spiral-gRPC/vendor/cycle/database/src/Driver/MySQL/MySQLDriver.php at line 74 []
[2024-10-29T07:53:19.304497+00:00] ERROR: Cycle\Database\Exception\StatementException\ConstrainException: SQLSTATE[23000]: Integrity constraint violation: 1062 Duplicate entry '09126880342' for key 'users.unique_mobile_index' in /home/kaveh/Desktop/spiral-gRPC/vendor/cycle/database/src/Driver/MySQL/MySQLDriver.php at line 74 []
[2024-10-29T11:43:56.814340+00:00] ERROR: Cycle\Database\Exception\StatementException\ConstrainException: SQLSTATE[23000]: Integrity constraint violation: 1062 Duplicate entry '09387578069' for key 'users.unique_mobile_index' in /home/kaveh/Desktop/spiral-gRPC/vendor/cycle/database/src/Driver/MySQL/MySQLDriver.php at line 74 []
[2024-10-29T11:44:04.827389+00:00] ERROR: Cycle\Database\Exception\StatementException\ConstrainException: SQLSTATE[23000]: Integrity constraint violation: 1062 Duplicate entry '09387578067' for key 'users.unique_mobile_index' in /home/kaveh/Desktop/spiral-gRPC/vendor/cycle/database/src/Driver/MySQL/MySQLDriver.php at line 74 []
[2024-10-29T11:45:19.421553+00:00] ERROR: Cycle\Database\Exception\StatementException\ConstrainException: SQLSTATE[23000]: Integrity constraint violation: 1062 Duplicate entry '09387578021' for key 'users.unique_mobile_index' in /home/kaveh/Desktop/spiral-gRPC/vendor/cycle/database/src/Driver/MySQL/MySQLDriver.php at line 74 []
[2024-10-29T12:29:01.526616+00:00] ERROR: Cycle\Database\Exception\StatementException\ConstrainException: SQLSTATE[23000]: Integrity constraint violation: 1062 Duplicate entry '09387578025' for key 'users.unique_mobile_index' in /home/kaveh/Desktop/spiral-gRPC/vendor/cycle/database/src/Driver/MySQL/MySQLDriver.php at line 74 []
[2024-10-29T12:29:08.578850+00:00] ERROR: Cycle\Database\Exception\StatementException\ConstrainException: SQLSTATE[23000]: Integrity constraint violation: 1062 Duplicate entry '09387578026' for key 'users.unique_mobile_index' in /home/kaveh/Desktop/spiral-gRPC/vendor/cycle/database/src/Driver/MySQL/MySQLDriver.php at line 74 []
[2024-10-29T13:18:31.385101+00:00] ERROR: Spiral\Goridge\Exception\HeaderException: Unable to read frame header: Incorrect header size in /home/kaveh/Desktop/spiral-gRPC/vendor/spiral/goridge/src/StreamRelay.php at line 80 []
[2024-10-29T13:18:31.385101+00:00] ERROR: Spiral\Goridge\Exception\HeaderException: Unable to read frame header: Incorrect header size in /home/kaveh/Desktop/spiral-gRPC/vendor/spiral/goridge/src/StreamRelay.php at line 80 []
[2024-10-29T13:20:05.909627+00:00] ERROR: Spiral\RoadRunner\GRPC\Exception\NotFoundException: Service `USER.UserGrpc` not found. in /home/kaveh/Desktop/spiral-gRPC/vendor/spiral/roadrunner-grpc/src/Exception/GRPCException.php at line 50 []
[2024-10-29T13:21:27.789373+00:00] ERROR: Cycle\Database\Exception\StatementException\ConstrainException: SQLSTATE[23000]: Integrity constraint violation: 1062 Duplicate entry '09387578028' for key 'users.unique_mobile_index' in /home/kaveh/Desktop/spiral-gRPC/vendor/cycle/database/src/Driver/MySQL/MySQLDriver.php at line 74 []
[2024-10-29T13:23:52.182761+00:00] ERROR: Cycle\ORM\Exception\TypecastException: Cycle\ORM\RepositoryInterface does not implement Cycle\ORM\RepositoryInterface in /home/kaveh/Desktop/spiral-gRPC/vendor/cycle/orm/src/Factory.php at line 225 []
[2024-10-29T13:24:10.523626+00:00] ERROR: Cycle\ORM\Exception\TypecastException: Cycle\ORM\RepositoryInterface does not implement Cycle\ORM\RepositoryInterface in /home/kaveh/Desktop/spiral-gRPC/vendor/cycle/orm/src/Factory.php at line 225 []
[2024-10-29T13:24:34.887439+00:00] ERROR: Cycle\ORM\Exception\TypecastException: Cycle\ORM\RepositoryInterface does not implement Cycle\ORM\RepositoryInterface in /home/kaveh/Desktop/spiral-gRPC/vendor/cycle/orm/src/Factory.php at line 225 []
[2024-10-29T13:25:08.082076+00:00] ERROR: Cycle\ORM\Exception\TypecastException: Cycle\ORM\RepositoryInterface does not implement Cycle\ORM\RepositoryInterface in /home/kaveh/Desktop/spiral-gRPC/vendor/cycle/orm/src/Factory.php at line 225 []
[2024-10-29T13:26:11.080534+00:00] ERROR: Cycle\ORM\Exception\TypecastException: Cycle\ORM\RepositoryInterface does not implement Cycle\ORM\RepositoryInterface in /home/kaveh/Desktop/spiral-gRPC/vendor/cycle/orm/src/Factory.php at line 225 []
[2024-10-29T13:48:28.060233+00:00] ERROR: Cycle\ORM\Exception\TypecastException: Cycle\ORM\RepositoryInterface does not implement Cycle\ORM\RepositoryInterface in /home/kaveh/Desktop/spiral-gRPC/vendor/cycle/orm/src/Factory.php at line 225 []
[2024-10-29T13:48:32.504498+00:00] ERROR: Cycle\ORM\Exception\TypecastException: Cycle\ORM\RepositoryInterface does not implement Cycle\ORM\RepositoryInterface in /home/kaveh/Desktop/spiral-gRPC/vendor/cycle/orm/src/Factory.php at line 225 []
[2024-10-29T13:48:45.840663+00:00] ERROR: Cycle\ORM\Exception\TypecastException: Cycle\ORM\RepositoryInterface does not implement Cycle\ORM\RepositoryInterface in /home/kaveh/Desktop/spiral-gRPC/vendor/cycle/orm/src/Factory.php at line 225 []
[2024-10-29T13:48:59.152853+00:00] ERROR: Cycle\ORM\Exception\TypecastException: Cycle\ORM\RepositoryInterface does not implement Cycle\ORM\RepositoryInterface in /home/kaveh/Desktop/spiral-gRPC/vendor/cycle/orm/src/Factory.php at line 225 []
[2024-10-29T13:54:47.336490+00:00] ERROR: Cycle\Database\Exception\StatementException\ConstrainException: SQLSTATE[23000]: Integrity constraint violation: 1062 Duplicate entry '09387578032' for key 'users.unique_mobile_index' in /home/kaveh/Desktop/spiral-gRPC/vendor/cycle/database/src/Driver/MySQL/MySQLDriver.php at line 74 []
[2024-10-29T13:55:35.331035+00:00] ERROR: Cycle\ORM\Exception\TypecastException: Cycle\ORM\RepositoryInterface does not implement Cycle\ORM\RepositoryInterface in /home/kaveh/Desktop/spiral-gRPC/vendor/cycle/orm/src/Factory.php at line 225 []
[2024-10-29T13:56:17.459393+00:00] ERROR: Cycle\ORM\Exception\TypecastException: Cycle\ORM\RepositoryInterface does not implement Cycle\ORM\RepositoryInterface in /home/kaveh/Desktop/spiral-gRPC/vendor/cycle/orm/src/Factory.php at line 225 []
[2024-10-29T13:56:50.222950+00:00] ERROR: Cycle\ORM\Exception\TypecastException: Cycle\ORM\RepositoryInterface does not implement Cycle\ORM\RepositoryInterface in /home/kaveh/Desktop/spiral-gRPC/vendor/cycle/orm/src/Factory.php at line 225 []
[2024-10-29T13:57:12.969957+00:00] ERROR: Cycle\ORM\Exception\TypecastException: Cycle\ORM\RepositoryInterface does not implement Cycle\ORM\RepositoryInterface in /home/kaveh/Desktop/spiral-gRPC/vendor/cycle/orm/src/Factory.php at line 225 []
[2024-10-29T13:58:25.470714+00:00] ERROR: Cycle\ORM\Exception\TypecastException: Cycle\ORM\RepositoryInterface does not implement Cycle\ORM\RepositoryInterface in /home/kaveh/Desktop/spiral-gRPC/vendor/cycle/orm/src/Factory.php at line 225 []
[2024-10-29T13:58:38.050280+00:00] ERROR: Cycle\ORM\Exception\TypecastException: Cycle\ORM\RepositoryInterface does not implement Cycle\ORM\RepositoryInterface in /home/kaveh/Desktop/spiral-gRPC/vendor/cycle/orm/src/Factory.php at line 225 []
[2024-10-29T13:58:46.851689+00:00] ERROR: Cycle\Database\Exception\StatementException\ConstrainException: SQLSTATE[23000]: Integrity constraint violation: 1062 Duplicate entry '09387578030' for key 'users.unique_mobile_index' in /home/kaveh/Desktop/spiral-gRPC/vendor/cycle/database/src/Driver/MySQL/MySQLDriver.php at line 74 []
[2024-10-29T13:58:52.928048+00:00] ERROR: Cycle\ORM\Exception\TypecastException: Cycle\ORM\RepositoryInterface does not implement Cycle\ORM\RepositoryInterface in /home/kaveh/Desktop/spiral-gRPC/vendor/cycle/orm/src/Factory.php at line 225 []
[2024-10-29T14:04:06.632829+00:00] ERROR: Cycle\ORM\Exception\TypecastException: Cycle\ORM\RepositoryInterface does not implement Cycle\ORM\RepositoryInterface in /home/kaveh/Desktop/spiral-gRPC/vendor/cycle/orm/src/Factory.php at line 225 []
[2024-10-29T14:06:00.150672+00:00] ERROR: Cycle\ORM\Exception\TypecastException: Cycle\ORM\RepositoryInterface does not implement Cycle\ORM\RepositoryInterface in /home/kaveh/Desktop/spiral-gRPC/vendor/cycle/orm/src/Factory.php at line 225 []
[2024-10-29T14:06:14.169564+00:00] ERROR: Cycle\ORM\Exception\TypecastException: Cycle\ORM\RepositoryInterface does not implement Cycle\ORM\RepositoryInterface in /home/kaveh/Desktop/spiral-gRPC/vendor/cycle/orm/src/Factory.php at line 225 []
[2024-10-29T14:06:25.048903+00:00] ERROR: Spiral\RoadRunner\GRPC\Exception\NotFoundException: Service `USER.UserGrpc` not found. in /home/kaveh/Desktop/spiral-gRPC/vendor/spiral/roadrunner-grpc/src/Exception/GRPCException.php at line 50 []
[2024-10-29T14:06:25.415272+00:00] ERROR: Spiral\RoadRunner\GRPC\Exception\NotFoundException: Service `USER.UserGrpc` not found. in /home/kaveh/Desktop/spiral-gRPC/vendor/spiral/roadrunner-grpc/src/Exception/GRPCException.php at line 50 []
[2024-10-29T14:06:32.322266+00:00] ERROR: Cycle\ORM\Exception\TypecastException: Cycle\ORM\RepositoryInterface does not implement Cycle\ORM\RepositoryInterface in /home/kaveh/Desktop/spiral-gRPC/vendor/cycle/orm/src/Factory.php at line 225 []
[2024-10-29T14:06:51.324430+00:00] ERROR: Cycle\ORM\Exception\TypecastException: Cycle\ORM\RepositoryInterface does not implement Cycle\ORM\RepositoryInterface in /home/kaveh/Desktop/spiral-gRPC/vendor/cycle/orm/src/Factory.php at line 225 []
[2024-10-29T14:13:52.600518+00:00] ERROR: Cycle\ORM\Exception\TypecastException: Cycle\ORM\RepositoryInterface does not implement Cycle\ORM\RepositoryInterface in /home/kaveh/Desktop/spiral-gRPC/vendor/cycle/orm/src/Factory.php at line 225 []
[2024-10-29T14:14:37.106648+00:00] ERROR: Cycle\Database\Exception\StatementException\ConstrainException: SQLSTATE[23000]: Integrity constraint violation: 1062 Duplicate entry '09387578030' for key 'users.unique_mobile_index' in /home/kaveh/Desktop/spiral-gRPC/vendor/cycle/database/src/Driver/MySQL/MySQLDriver.php at line 74 []
[2024-10-29T14:14:52.933157+00:00] ERROR: Cycle\ORM\Exception\TypecastException: Cycle\ORM\RepositoryInterface does not implement Cycle\ORM\RepositoryInterface in /home/kaveh/Desktop/spiral-gRPC/vendor/cycle/orm/src/Factory.php at line 225 []
[2024-10-29T14:27:19.513038+00:00] ERROR: Spiral\RoadRunner\GRPC\Exception\NotFoundException: Service `USER.UserGrpc` not found. in /home/kaveh/Desktop/spiral-gRPC/vendor/spiral/roadrunner-grpc/src/Exception/GRPCException.php at line 50 []
[2024-10-29T14:27:27.792928+00:00] ERROR: Spiral\RoadRunner\GRPC\Exception\NotFoundException: Service `USER.UserGrpc` not found. in /home/kaveh/Desktop/spiral-gRPC/vendor/spiral/roadrunner-grpc/src/Exception/GRPCException.php at line 50 []
[2024-10-29T14:27:52.320859+00:00] ERROR: Spiral\Goridge\Exception\HeaderException: Unable to read frame header: Incorrect header size in /home/kaveh/Desktop/spiral-gRPC/vendor/spiral/goridge/src/StreamRelay.php at line 80 []
[2024-10-29T14:27:52.320901+00:00] ERROR: Spiral\Goridge\Exception\HeaderException: Unable to read frame header: Incorrect header size in /home/kaveh/Desktop/spiral-gRPC/vendor/spiral/goridge/src/StreamRelay.php at line 80 []
[2024-10-29T14:27:52.320999+00:00] ERROR: Spiral\Goridge\Exception\HeaderException: Unable to read frame header: Incorrect header size in /home/kaveh/Desktop/spiral-gRPC/vendor/spiral/goridge/src/StreamRelay.php at line 80 []
[2024-10-29T14:27:52.321096+00:00] ERROR: Spiral\Goridge\Exception\HeaderException: Unable to read frame header: Incorrect header size in /home/kaveh/Desktop/spiral-gRPC/vendor/spiral/goridge/src/StreamRelay.php at line 80 []
[2024-10-29T14:27:52.321109+00:00] ERROR: Spiral\Goridge\Exception\HeaderException: Unable to read frame header: Incorrect header size in /home/kaveh/Desktop/spiral-gRPC/vendor/spiral/goridge/src/StreamRelay.php at line 80 []
[2024-10-29T14:27:52.321256+00:00] ERROR: Spiral\Goridge\Exception\HeaderException: Unable to read frame header: Incorrect header size in /home/kaveh/Desktop/spiral-gRPC/vendor/spiral/goridge/src/StreamRelay.php at line 80 []
[2024-10-29T14:27:52.321330+00:00] ERROR: Spiral\Goridge\Exception\HeaderException: Unable to read frame header: Incorrect header size in /home/kaveh/Desktop/spiral-gRPC/vendor/spiral/goridge/src/StreamRelay.php at line 80 []
[2024-10-29T14:27:52.321099+00:00] ERROR: Spiral\Goridge\Exception\HeaderException: Unable to read frame header: Incorrect header size in /home/kaveh/Desktop/spiral-gRPC/vendor/spiral/goridge/src/StreamRelay.php at line 80 []
[2024-10-29T14:27:52.320857+00:00] ERROR: Spiral\Goridge\Exception\HeaderException: Unable to read frame header: Incorrect header size in /home/kaveh/Desktop/spiral-gRPC/vendor/spiral/goridge/src/StreamRelay.php at line 80 []
[2024-10-29T14:27:52.320857+00:00] ERROR: Spiral\Goridge\Exception\HeaderException: Unable to read frame header: Incorrect header size in /home/kaveh/Desktop/spiral-gRPC/vendor/spiral/goridge/src/StreamRelay.php at line 80 []
[2024-10-29T14:27:52.320857+00:00] ERROR: Spiral\Goridge\Exception\HeaderException: Unable to read frame header: Incorrect header size in /home/kaveh/Desktop/spiral-gRPC/vendor/spiral/goridge/src/StreamRelay.php at line 80 []
[2024-10-29T14:27:52.321706+00:00] ERROR: Spiral\Goridge\Exception\HeaderException: Unable to read frame header: Incorrect header size in /home/kaveh/Desktop/spiral-gRPC/vendor/spiral/goridge/src/StreamRelay.php at line 80 []
[2024-10-29T14:27:55.420223+00:00] ERROR: Spiral\RoadRunner\GRPC\Exception\NotFoundException: Service `USER.UserGrpc` not found. in /home/kaveh/Desktop/spiral-gRPC/vendor/spiral/roadrunner-grpc/src/Exception/GRPCException.php at line 50 []
[2024-10-29T14:28:33.940882+00:00] ERROR: Spiral\RoadRunner\GRPC\Exception\NotFoundException: Service `USER.UserGrpc` not found. in /home/kaveh/Desktop/spiral-gRPC/vendor/spiral/roadrunner-grpc/src/Exception/GRPCException.php at line 50 []
[2024-10-29T14:29:06.561772+00:00] ERROR: Spiral\RoadRunner\GRPC\Exception\NotFoundException: Service `USER.UserGrpc` not found. in /home/kaveh/Desktop/spiral-gRPC/vendor/spiral/roadrunner-grpc/src/Exception/GRPCException.php at line 50 []
[2024-10-29T14:29:23.293795+00:00] ERROR: Spiral\RoadRunner\GRPC\Exception\NotFoundException: Service `USER.UserGrpc` not found. in /home/kaveh/Desktop/spiral-gRPC/vendor/spiral/roadrunner-grpc/src/Exception/GRPCException.php at line 50 []
[2024-10-29T14:29:31.289221+00:00] ERROR: Spiral\RoadRunner\GRPC\Exception\NotFoundException: Service `USER.UserGrpc` not found. in /home/kaveh/Desktop/spiral-gRPC/vendor/spiral/roadrunner-grpc/src/Exception/GRPCException.php at line 50 []
[2024-10-29T14:29:36.020393+00:00] ERROR: Spiral\RoadRunner\GRPC\Exception\NotFoundException: Service `USER.UserGrpc` not found. in /home/kaveh/Desktop/spiral-gRPC/vendor/spiral/roadrunner-grpc/src/Exception/GRPCException.php at line 50 []
[2024-10-29T14:32:39.913010+00:00] ERROR: Cycle\ORM\Exception\TypecastException: Cycle\ORM\RepositoryInterface does not implement Cycle\ORM\RepositoryInterface in /home/kaveh/Desktop/spiral-gRPC/vendor/cycle/orm/src/Factory.php at line 225 []
[2024-10-29T14:32:48.385351+00:00] ERROR: Cycle\ORM\Exception\TypecastException: Cycle\ORM\RepositoryInterface does not implement Cycle\ORM\RepositoryInterface in /home/kaveh/Desktop/spiral-gRPC/vendor/cycle/orm/src/Factory.php at line 225 []
[2024-10-29T14:33:30.813630+00:00] ERROR: Cycle\ORM\Exception\TypecastException: Cycle\ORM\RepositoryInterface does not implement Cycle\ORM\RepositoryInterface in /home/kaveh/Desktop/spiral-gRPC/vendor/cycle/orm/src/Factory.php at line 225 []
[2024-10-29T14:33:32.891880+00:00] ERROR: Cycle\ORM\Exception\TypecastException: Cycle\ORM\RepositoryInterface does not implement Cycle\ORM\RepositoryInterface in /home/kaveh/Desktop/spiral-gRPC/vendor/cycle/orm/src/Factory.php at line 225 []
[2024-10-29T14:34:11.506616+00:00] ERROR: Cycle\ORM\Exception\TypecastException: Cycle\ORM\RepositoryInterface does not implement Cycle\ORM\RepositoryInterface in /home/kaveh/Desktop/spiral-gRPC/vendor/cycle/orm/src/Factory.php at line 225 []
[2024-10-29T14:34:42.669625+00:00] ERROR: Cycle\ORM\Exception\TypecastException: Cycle\ORM\RepositoryInterface does not implement Cycle\ORM\RepositoryInterface in /home/kaveh/Desktop/spiral-gRPC/vendor/cycle/orm/src/Factory.php at line 225 []
[2024-10-29T14:34:46.322697+00:00] ERROR: Spiral\Goridge\Exception\HeaderException: Unable to read frame header: Incorrect header size in /home/kaveh/Desktop/spiral-gRPC/vendor/spiral/goridge/src/StreamRelay.php at line 80 []
[2024-10-29T14:34:46.322698+00:00] ERROR: Spiral\Goridge\Exception\HeaderException: Unable to read frame header: Incorrect header size in /home/kaveh/Desktop/spiral-gRPC/vendor/spiral/goridge/src/StreamRelay.php at line 80 []
[2024-10-29T14:34:50.502188+00:00] ERROR: Cycle\ORM\Exception\TypecastException: Cycle\ORM\RepositoryInterface does not implement Cycle\ORM\RepositoryInterface in /home/kaveh/Desktop/spiral-gRPC/vendor/cycle/orm/src/Factory.php at line 225 []
[2024-10-29T14:35:27.288377+00:00] ERROR: Cycle\ORM\Exception\TypecastException: Cycle\ORM\RepositoryInterface does not implement Cycle\ORM\RepositoryInterface in /home/kaveh/Desktop/spiral-gRPC/vendor/cycle/orm/src/Factory.php at line 225 []
[2024-10-29T14:37:51.155807+00:00] ERROR: Cycle\ORM\Exception\TypecastException: Cycle\ORM\RepositoryInterface does not implement Cycle\ORM\RepositoryInterface in /home/kaveh/Desktop/spiral-gRPC/vendor/cycle/orm/src/Factory.php at line 225 []
[2024-10-29T14:38:35.727949+00:00] ERROR: Cycle\ORM\Exception\TypecastException: Cycle\ORM\RepositoryInterface does not implement Cycle\ORM\RepositoryInterface in /home/kaveh/Desktop/spiral-gRPC/vendor/cycle/orm/src/Factory.php at line 225 []
[2024-10-29T14:38:36.862847+00:00] ERROR: Cycle\ORM\Exception\TypecastException: Cycle\ORM\RepositoryInterface does not implement Cycle\ORM\RepositoryInterface in /home/kaveh/Desktop/spiral-gRPC/vendor/cycle/orm/src/Factory.php at line 225 []
[2024-10-29T14:39:54.559461+00:00] ERROR: Cycle\ORM\Exception\TypecastException: Cycle\ORM\RepositoryInterface does not implement Cycle\ORM\RepositoryInterface in /home/kaveh/Desktop/spiral-gRPC/vendor/cycle/orm/src/Factory.php at line 225 []
[2024-10-29T14:42:12.340018+00:00] ERROR: Cycle\ORM\Exception\TypecastException: Cycle\ORM\RepositoryInterface does not implement Cycle\ORM\RepositoryInterface in /home/kaveh/Desktop/spiral-gRPC/vendor/cycle/orm/src/Factory.php at line 225 []
[2024-10-29T14:42:29.562610+00:00] ERROR: Cycle\ORM\Exception\TypecastException: Cycle\ORM\RepositoryInterface does not implement Cycle\ORM\RepositoryInterface in /home/kaveh/Desktop/spiral-gRPC/vendor/cycle/orm/src/Factory.php at line 225 []
[2024-10-29T14:43:24.900409+00:00] ERROR: Cycle\ORM\Exception\TypecastException: Cycle\ORM\RepositoryInterface does not implement Cycle\ORM\RepositoryInterface in /home/kaveh/Desktop/spiral-gRPC/vendor/cycle/orm/src/Factory.php at line 225 []
[2024-10-29T14:43:50.194416+00:00] ERROR: Error: Class "Firebase\JWT\JWT" not found in /home/kaveh/Desktop/spiral-gRPC/app/src/Endpoint/RPC/UserService.php at line 55 []
[2024-10-29T14:46:49.475310+00:00] ERROR: Error: Class "Firebase\JWT\JWT" not found in /home/kaveh/Desktop/spiral-gRPC/app/src/Endpoint/RPC/UserService.php at line 55 []
[2024-10-29T14:49:24.496324+00:00] ERROR: Spiral\Goridge\Exception\HeaderException: Unable to read frame header: Incorrect header size in /home/kaveh/Desktop/spiral-gRPC/vendor/spiral/goridge/src/StreamRelay.php at line 80 []
[2024-10-29T14:49:24.496324+00:00] ERROR: Spiral\Goridge\Exception\HeaderException: Unable to read frame header: Incorrect header size in /home/kaveh/Desktop/spiral-gRPC/vendor/spiral/goridge/src/StreamRelay.php at line 80 []
[2024-10-29T14:49:24.496324+00:00] ERROR: Spiral\Goridge\Exception\HeaderException: Unable to read frame header: Incorrect header size in /home/kaveh/Desktop/spiral-gRPC/vendor/spiral/goridge/src/StreamRelay.php at line 80 []
[2024-10-29T14:49:28.010318+00:00] ERROR: Error: Class "Firebase\JWT\JWT" not found in /home/kaveh/Desktop/spiral-gRPC/app/src/Endpoint/RPC/UserService.php at line 55 []
[2024-10-29T14:50:58.053525+00:00] ERROR: Spiral\RoadRunner\GRPC\Exception\NotFoundException: Service `USER.UserGrpc` not found. in /home/kaveh/Desktop/spiral-gRPC/vendor/spiral/roadrunner-grpc/src/Exception/GRPCException.php at line 50 []
[2024-10-29T14:51:01.308111+00:00] ERROR: Spiral\RoadRunner\GRPC\Exception\NotFoundException: Service `USER.UserGrpc` not found. in /home/kaveh/Desktop/spiral-gRPC/vendor/spiral/roadrunner-grpc/src/Exception/GRPCException.php at line 50 []
[2024-10-29T14:51:38.191876+00:00] ERROR: Spiral\RoadRunner\GRPC\Exception\NotFoundException: Service `USER.UserGrpc` not found. in /home/kaveh/Desktop/spiral-gRPC/vendor/spiral/roadrunner-grpc/src/Exception/GRPCException.php at line 50 []
[2024-10-29T14:52:26.603402+00:00] ERROR: Spiral\RoadRunner\GRPC\Exception\NotFoundException: Service `USER.UserGrpc` not found. in /home/kaveh/Desktop/spiral-gRPC/vendor/spiral/roadrunner-grpc/src/Exception/GRPCException.php at line 50 []
[2024-10-29T14:52:35.396088+00:00] ERROR: Spiral\RoadRunner\GRPC\Exception\NotFoundException: Service `USER.UserGrpc` not found. in /home/kaveh/Desktop/spiral-gRPC/vendor/spiral/roadrunner-grpc/src/Exception/GRPCException.php at line 50 []
[2024-10-29T14:52:42.168944+00:00] ERROR: Spiral\RoadRunner\GRPC\Exception\NotFoundException: Service `USER.UserGrpc` not found. in /home/kaveh/Desktop/spiral-gRPC/vendor/spiral/roadrunner-grpc/src/Exception/GRPCException.php at line 50 []
[2024-10-29T14:52:50.155338+00:00] ERROR: Spiral\RoadRunner\GRPC\Exception\NotFoundException: Service `USER.UserGrpc` not found. in /home/kaveh/Desktop/spiral-gRPC/vendor/spiral/roadrunner-grpc/src/Exception/GRPCException.php at line 50 []
[2024-10-29T14:55:01.743344+00:00] ERROR: Spiral\RoadRunner\GRPC\Exception\NotFoundException: Service `USER.UserGrpc` not found. in /home/kaveh/Desktop/spiral-gRPC/vendor/spiral/roadrunner-grpc/src/Exception/GRPCException.php at line 50 []
[2024-10-29T14:56:25.139817+00:00] ERROR: Spiral\RoadRunner\GRPC\Exception\NotFoundException: Service `USER.UserGrpc` not found. in /home/kaveh/Desktop/spiral-gRPC/vendor/spiral/roadrunner-grpc/src/Exception/GRPCException.php at line 50 []
[2024-10-29T14:59:16.552626+00:00] ERROR: Spiral\RoadRunner\GRPC\Exception\NotFoundException: Service `USER.UserGrpc` not found. in /home/kaveh/Desktop/spiral-gRPC/vendor/spiral/roadrunner-grpc/src/Exception/GRPCException.php at line 50 []
[2024-10-29T15:00:01.398318+00:00] ERROR: Spiral\RoadRunner\GRPC\Exception\NotFoundException: Service `USER.UserGrpc` not found. in /home/kaveh/Desktop/spiral-gRPC/vendor/spiral/roadrunner-grpc/src/Exception/GRPCException.php at line 50 []
[2024-10-29T15:00:11.736518+00:00] ERROR: Spiral\RoadRunner\GRPC\Exception\NotFoundException: Service `USER.UserGrpc` not found. in /home/kaveh/Desktop/spiral-gRPC/vendor/spiral/roadrunner-grpc/src/Exception/GRPCException.php at line 50 []
[2024-10-29T15:00:38.145061+00:00] ERROR: ErrorException: Undefined property: App\Entity\User Cycle ORM Proxy::$id in /home/kaveh/Desktop/spiral-gRPC/vendor/cycle/orm/src/Mapper/Proxy/EntityProxyTrait.php at line 28 []
[2024-10-29T15:00:53.017722+00:00] ERROR: ErrorException: Undefined property: App\Entity\User Cycle ORM Proxy::$id in /home/kaveh/Desktop/spiral-gRPC/vendor/cycle/orm/src/Mapper/Proxy/EntityProxyTrait.php at line 28 []
[2024-10-29T15:01:02.978375+00:00] ERROR: Spiral\Core\Exception\Container\RecursiveProxyException: Recursive proxy detected for `Spiral\Auth\AuthContextInterface`. Binding scope: `root`. Calling scope: `root.grpc.grpc-request`. in /home/kaveh/Desktop/spiral-gRPC/vendor/spiral/framework/src/Core/src/Internal/Proxy/Resolver.php at line 55 []
[2024-10-29T15:01:21.798094+00:00] ERROR: Spiral\Core\Exception\Container\RecursiveProxyException: Recursive proxy detected for `Spiral\Auth\AuthContextInterface`. Binding scope: `root`. Calling scope: `root.grpc.grpc-request`. in /home/kaveh/Desktop/spiral-gRPC/vendor/spiral/framework/src/Core/src/Internal/Proxy/Resolver.php at line 55 []
[2024-10-29T15:01:51.637527+00:00] ERROR: Spiral\Auth\Exception\InvalidArgumentException: Token storage `jwt` is not defined. in /home/kaveh/Desktop/spiral-gRPC/vendor/spiral/framework/src/Framework/Auth/Config/AuthConfig.php at line 47 []
[2024-10-29T15:01:54.915446+00:00] ERROR: Spiral\Core\Exception\Container\RecursiveProxyException: Recursive proxy detected for `Spiral\Auth\AuthContextInterface`. Binding scope: `root`. Calling scope: `root.grpc.grpc-request`. in /home/kaveh/Desktop/spiral-gRPC/vendor/spiral/framework/src/Core/src/Internal/Proxy/Resolver.php at line 55 []
[2024-10-29T15:01:59.047632+00:00] ERROR: Spiral\Core\Exception\Container\RecursiveProxyException: Recursive proxy detected for `Spiral\Auth\AuthContextInterface`. Binding scope: `root`. Calling scope: `root.grpc.grpc-request`. in /home/kaveh/Desktop/spiral-gRPC/vendor/spiral/framework/src/Core/src/Internal/Proxy/Resolver.php at line 55 []
[2024-10-29T15:02:24.141660+00:00] ERROR: InvalidArgumentException: Expect string. in /home/kaveh/Desktop/spiral-gRPC/vendor/google/protobuf/src/Google/Protobuf/Internal/GPBUtil.php at line 74 []
[2024-10-29T15:02:57.531475+00:00] ERROR: InvalidArgumentException: Expect string. in /home/kaveh/Desktop/spiral-gRPC/vendor/google/protobuf/src/Google/Protobuf/Internal/GPBUtil.php at line 74 []
[2024-10-29T15:04:08.972756+00:00] ERROR: Spiral\Core\Exception\Container\RecursiveProxyException: Recursive proxy detected for `Spiral\Auth\AuthContextInterface`. Binding scope: `root`. Calling scope: `root.grpc.grpc-request`. in /home/kaveh/Desktop/spiral-gRPC/vendor/spiral/framework/src/Core/src/Internal/Proxy/Resolver.php at line 55 []
[2024-10-29T15:06:38.604824+00:00] ERROR: Spiral\Core\Exception\Container\RecursiveProxyException: Recursive proxy detected for `Spiral\Auth\AuthContextInterface`. Binding scope: `root`. Calling scope: `root.grpc.grpc-request`. in /home/kaveh/Desktop/spiral-gRPC/vendor/spiral/framework/src/Core/src/Internal/Proxy/Resolver.php at line 55 []
[2024-10-29T15:08:03.564668+00:00] ERROR: Spiral\Goridge\Exception\HeaderException: Unable to read frame header: Incorrect header size in /home/kaveh/Desktop/spiral-gRPC/vendor/spiral/goridge/src/StreamRelay.php at line 80 []
[2024-10-29T15:08:03.564714+00:00] ERROR: Spiral\Goridge\Exception\HeaderException: Unable to read frame header: Incorrect header size in /home/kaveh/Desktop/spiral-gRPC/vendor/spiral/goridge/src/StreamRelay.php at line 80 []
[2024-10-29T15:08:03.564815+00:00] ERROR: Spiral\Goridge\Exception\HeaderException: Unable to read frame header: Incorrect header size in /home/kaveh/Desktop/spiral-gRPC/vendor/spiral/goridge/src/StreamRelay.php at line 80 []
[2024-10-29T15:08:03.564921+00:00] ERROR: Spiral\Goridge\Exception\HeaderException: Unable to read frame header: Incorrect header size in /home/kaveh/Desktop/spiral-gRPC/vendor/spiral/goridge/src/StreamRelay.php at line 80 []
[2024-10-29T15:08:03.564928+00:00] ERROR: Spiral\Goridge\Exception\HeaderException: Unable to read frame header: Incorrect header size in /home/kaveh/Desktop/spiral-gRPC/vendor/spiral/goridge/src/StreamRelay.php at line 80 []
[2024-10-29T15:08:03.564963+00:00] ERROR: Spiral\Goridge\Exception\HeaderException: Unable to read frame header: Incorrect header size in /home/kaveh/Desktop/spiral-gRPC/vendor/spiral/goridge/src/StreamRelay.php at line 80 []
[2024-10-29T15:08:03.564668+00:00] ERROR: Spiral\Goridge\Exception\HeaderException: Unable to read frame header: Incorrect header size in /home/kaveh/Desktop/spiral-gRPC/vendor/spiral/goridge/src/StreamRelay.php at line 80 []
[2024-10-29T15:08:03.565056+00:00] ERROR: Spiral\Goridge\Exception\HeaderException: Unable to read frame header: Incorrect header size in /home/kaveh/Desktop/spiral-gRPC/vendor/spiral/goridge/src/StreamRelay.php at line 80 []
[2024-10-29T15:08:03.565105+00:00] ERROR: Spiral\Goridge\Exception\HeaderException: Unable to read frame header: Incorrect header size in /home/kaveh/Desktop/spiral-gRPC/vendor/spiral/goridge/src/StreamRelay.php at line 80 []
[2024-10-29T15:08:03.564668+00:00] ERROR: Spiral\Goridge\Exception\HeaderException: Unable to read frame header: Incorrect header size in /home/kaveh/Desktop/spiral-gRPC/vendor/spiral/goridge/src/StreamRelay.php at line 80 []
[2024-10-29T15:08:03.564698+00:00] ERROR: Spiral\Goridge\Exception\HeaderException: Unable to read frame header: Incorrect header size in /home/kaveh/Desktop/spiral-gRPC/vendor/spiral/goridge/src/StreamRelay.php at line 80 []
[2024-10-29T15:13:09.040151+00:00] ERROR: TypeError: App\Auth\Storage\JwtTokenStorage::create(): Argument #1 ($payload) must be of type array, int given, called in /home/kaveh/Desktop/spiral-gRPC/app/src/Endpoint/RPC/UserService.php on line 55 in /home/kaveh/Desktop/spiral-gRPC/app/src/Auth/Storage/JwtTokenStorage.php at line 55 []
