[2024-11-08T05:32:15.112910+00:00] ERROR: ErrorException: Trying to access array offset on null in /home/kaveh-msi/PhpstormProjects/spiral-gRPC/app/src/Endpoint/Interceptor/AuthenticationInterceptor.php at line 18 []
[2024-11-08T05:32:24.260769+00:00] ERROR: ErrorException: Trying to access array offset on null in /home/kaveh-msi/PhpstormProjects/spiral-gRPC/app/src/Endpoint/Interceptor/AuthenticationInterceptor.php at line 18 []
[2024-11-08T05:32:30.506460+00:00] ERROR: Spiral\RoadRunner\GRPC\Exception\GRPCException: please login at first! in /home/kaveh-msi/PhpstormProjects/spiral-gRPC/app/src/Endpoint/Interceptor/AuthenticationInterceptor.php at line 20 []
[2024-11-08T05:32:39.474743+00:00] ERROR: ErrorException: Trying to access array offset on null in /home/kaveh-msi/PhpstormProjects/spiral-gRPC/app/src/Endpoint/Interceptor/AuthenticationInterceptor.php at line 18 []
[2024-11-08T05:34:13.543091+00:00] ERROR: ErrorException: Trying to access array offset on null in /home/kaveh-msi/PhpstormProjects/spiral-gRPC/app/src/Endpoint/Interceptor/AuthenticationInterceptor.php at line 18 []
[2024-11-08T06:16:33.351943+00:00] ERROR: Error: Call to undefined method Spiral\Interceptors\Context\CallContext::get() in /home/kaveh-msi/PhpstormProjects/spiral-gRPC/app/src/Endpoint/Interceptor/AuthenticationInterceptor.php at line 25 []
[2024-11-08T06:16:44.789304+00:00] ERROR: Error: Call to undefined method Spiral\Interceptors\Context\CallContext::get() in /home/kaveh-msi/PhpstormProjects/spiral-gRPC/app/src/Endpoint/Interceptor/AuthenticationInterceptor.php at line 25 []
[2024-11-08T06:22:16.350768+00:00] ERROR: Error: Firebase\JWT\JWT::decode(): Argument #3 ($headers) could not be passed by reference in /home/kaveh-msi/PhpstormProjects/spiral-gRPC/app/src/Endpoint/Interceptor/AuthenticationInterceptor.php at line 29 []
[2024-11-08T06:43:13.845123+00:00] ERROR: ErrorException: Undefined array key 0 in /home/kaveh-msi/PhpstormProjects/spiral-gRPC/app/src/Endpoint/Interceptor/AuthenticationInterceptor.php at line 28 []
[2024-11-08T06:43:26.745942+00:00] ERROR: Spiral\Goridge\Exception\HeaderException: Unable to read frame header: Incorrect header size in /home/kaveh-msi/PhpstormProjects/spiral-gRPC/vendor/spiral/goridge/src/StreamRelay.php at line 80 []
[2024-11-08T06:43:26.745984+00:00] ERROR: Spiral\Goridge\Exception\HeaderException: Unable to read frame header: Incorrect header size in /home/kaveh-msi/PhpstormProjects/spiral-gRPC/vendor/spiral/goridge/src/StreamRelay.php at line 80 []
[2024-11-08T06:43:26.746008+00:00] ERROR: Spiral\Goridge\Exception\HeaderException: Unable to read frame header: Incorrect header size in /home/kaveh-msi/PhpstormProjects/spiral-gRPC/vendor/spiral/goridge/src/StreamRelay.php at line 80 []
[2024-11-08T06:43:26.745998+00:00] ERROR: Spiral\Goridge\Exception\HeaderException: Unable to read frame header: Incorrect header size in /home/kaveh-msi/PhpstormProjects/spiral-gRPC/vendor/spiral/goridge/src/StreamRelay.php at line 80 []
[2024-11-08T06:43:26.745991+00:00] ERROR: Spiral\Goridge\Exception\HeaderException: Unable to read frame header: Incorrect header size in /home/kaveh-msi/PhpstormProjects/spiral-gRPC/vendor/spiral/goridge/src/StreamRelay.php at line 80 []
[2024-11-08T06:43:26.745993+00:00] ERROR: Spiral\Goridge\Exception\HeaderException: Unable to read frame header: Incorrect header size in /home/kaveh-msi/PhpstormProjects/spiral-gRPC/vendor/spiral/goridge/src/StreamRelay.php at line 80 []
[2024-11-08T06:43:26.745993+00:00] ERROR: Spiral\Goridge\Exception\HeaderException: Unable to read frame header: Incorrect header size in /home/kaveh-msi/PhpstormProjects/spiral-gRPC/vendor/spiral/goridge/src/StreamRelay.php at line 80 []
[2024-11-08T06:43:26.745998+00:00] ERROR: Spiral\Goridge\Exception\HeaderException: Unable to read frame header: Incorrect header size in /home/kaveh-msi/PhpstormProjects/spiral-gRPC/vendor/spiral/goridge/src/StreamRelay.php at line 80 []
[2024-11-08T06:43:33.518217+00:00] ERROR: ErrorException: Undefined array key 0 in /home/kaveh-msi/PhpstormProjects/spiral-gRPC/app/src/Endpoint/Interceptor/AuthenticationInterceptor.php at line 28 []
[2024-11-08T06:45:19.238913+00:00] ERROR: TypeError: App\Endpoint\Interceptor\AuthenticationInterceptor::checkAuth(): Argument #1 ($attribute) must be of type Spiral\Domain\Annotation\Guarded, array given, called in /home/kaveh-msi/PhpstormProjects/spiral-gRPC/app/src/Endpoint/Interceptor/AuthenticationInterceptor.php on line 26 in /home/kaveh-msi/PhpstormProjects/spiral-gRPC/app/src/Endpoint/Interceptor/AuthenticationInterceptor.php at line 37 []
[2024-11-08T06:46:30.465677+00:00] ERROR: ArgumentCountError: Too few arguments to function App\Endpoint\Interceptor\AuthenticationInterceptor::checkAuth(), 0 passed in /home/kaveh-msi/PhpstormProjects/spiral-gRPC/app/src/Endpoint/Interceptor/AuthenticationInterceptor.php on line 22 and exactly 2 expected in /home/kaveh-msi/PhpstormProjects/spiral-gRPC/app/src/Endpoint/Interceptor/AuthenticationInterceptor.php at line 33 []
[2024-11-08T06:53:22.636358+00:00] ERROR: Spiral\Goridge\Exception\HeaderException: Unable to read frame header: Incorrect header size in /home/kaveh-msi/PhpstormProjects/spiral-gRPC/vendor/spiral/goridge/src/StreamRelay.php at line 80 []
[2024-11-08T06:53:22.636392+00:00] ERROR: Spiral\Goridge\Exception\HeaderException: Unable to read frame header: Incorrect header size in /home/kaveh-msi/PhpstormProjects/spiral-gRPC/vendor/spiral/goridge/src/StreamRelay.php at line 80 []
[2024-11-08T06:53:22.636392+00:00] ERROR: Spiral\Goridge\Exception\HeaderException: Unable to read frame header: Incorrect header size in /home/kaveh-msi/PhpstormProjects/spiral-gRPC/vendor/spiral/goridge/src/StreamRelay.php at line 80 []
[2024-11-08T06:55:54.028306+00:00] ERROR: TypeError: App\Endpoint\Interceptor\AuthenticationInterceptor::checkAuth(): Argument #1 ($attribute) must be of type Spiral\Domain\Annotation\Guarded, App\Domain\Attribute\AuthenticatedBy given, called in /home/kaveh-msi/PhpstormProjects/spiral-gRPC/app/src/Endpoint/Interceptor/AuthenticationInterceptor.php on line 33 in /home/kaveh-msi/PhpstormProjects/spiral-gRPC/app/src/Endpoint/Interceptor/AuthenticationInterceptor.php at line 39 []
[2024-11-08T06:56:06.075389+00:00] ERROR: Spiral\Goridge\Exception\HeaderException: Unable to read frame header: Incorrect header size in /home/kaveh-msi/PhpstormProjects/spiral-gRPC/vendor/spiral/goridge/src/StreamRelay.php at line 80 []
[2024-11-08T06:56:12.194667+00:00] ERROR: TypeError: App\Endpoint\Interceptor\AuthenticationInterceptor::checkAuth(): Argument #1 ($attribute) must be of type Spiral\Domain\Annotation\Guarded, App\Domain\Attribute\AuthenticatedBy given, called in /home/kaveh-msi/PhpstormProjects/spiral-gRPC/app/src/Endpoint/Interceptor/AuthenticationInterceptor.php on line 33 in /home/kaveh-msi/PhpstormProjects/spiral-gRPC/app/src/Endpoint/Interceptor/AuthenticationInterceptor.php at line 39 []
[2024-11-08T06:57:05.037879+00:00] ERROR: TypeError: App\Endpoint\Interceptor\AuthenticationInterceptor::checkAuth(): Argument #1 ($attribute) must be of type Spiral\Domain\Annotation\Guarded, App\Domain\Attribute\AuthenticatedBy given, called in /home/kaveh-msi/PhpstormProjects/spiral-gRPC/app/src/Endpoint/Interceptor/AuthenticationInterceptor.php on line 33 in /home/kaveh-msi/PhpstormProjects/spiral-gRPC/app/src/Endpoint/Interceptor/AuthenticationInterceptor.php at line 39 []
[2024-11-08T06:57:25.148386+00:00] ERROR: ErrorException: Undefined array key 0 in /home/kaveh-msi/PhpstormProjects/spiral-gRPC/app/src/Endpoint/Interceptor/AuthenticationInterceptor.php at line 33 []
[2024-11-08T06:58:48.023946+00:00] ERROR: TypeError: App\Endpoint\Interceptor\AuthenticationInterceptor::checkAuth(): Argument #1 ($attribute) must be of type Spiral\Domain\Annotation\Guarded, App\Domain\Attribute\AuthenticatedBy given, called in /home/kaveh-msi/PhpstormProjects/spiral-gRPC/app/src/Endpoint/Interceptor/AuthenticationInterceptor.php on line 33 in /home/kaveh-msi/PhpstormProjects/spiral-gRPC/app/src/Endpoint/Interceptor/AuthenticationInterceptor.php at line 39 []
[2024-11-08T07:01:09.393644+00:00] ERROR: TypeError: App\Endpoint\Interceptor\AuthenticationInterceptor::checkAuth(): Argument #2 ($ctx) must be of type Spiral\Views\ContextInterface, Spiral\Interceptors\Context\CallContext given, called in /home/kaveh-msi/PhpstormProjects/spiral-gRPC/app/src/Endpoint/Interceptor/AuthenticationInterceptor.php on line 33 in /home/kaveh-msi/PhpstormProjects/spiral-gRPC/app/src/Endpoint/Interceptor/AuthenticationInterceptor.php at line 39 []
[2024-11-08T07:05:04.589392+00:00] ERROR: ErrorException: Trying to access array offset on null in /home/kaveh-msi/PhpstormProjects/spiral-gRPC/app/src/Endpoint/Interceptor/AuthenticationInterceptor.php at line 42 []
[2024-11-08T07:11:25.351874+00:00] ERROR: Spiral\RoadRunner\GRPC\Exception\GRPCException: Unauthorized: Invalid token. in /home/kaveh-msi/PhpstormProjects/spiral-gRPC/app/src/Endpoint/Interceptor/AuthenticationInterceptor.php at line 63 []
[2024-11-08T07:12:03.093273+00:00] ERROR: Spiral\RoadRunner\GRPC\Exception\GRPCException: Unauthorized: Invalid token. in /home/kaveh-msi/PhpstormProjects/spiral-gRPC/app/src/Endpoint/Interceptor/AuthenticationInterceptor.php at line 63 []
[2024-11-08T07:13:24.391012+00:00] ERROR: Spiral\RoadRunner\GRPC\Exception\GRPCException: Unauthorized: Invalid token. in /home/kaveh-msi/PhpstormProjects/spiral-gRPC/app/src/Endpoint/Interceptor/AuthenticationInterceptor.php at line 63 []
[2024-11-08T07:13:43.310073+00:00] ERROR: ErrorException: Trying to access array offset on null in /home/kaveh-msi/PhpstormProjects/spiral-gRPC/app/src/Endpoint/Interceptor/AuthenticationInterceptor.php at line 41 []
[2024-11-08T07:13:56.426665+00:00] ERROR: ErrorException: Trying to access array offset on null in /home/kaveh-msi/PhpstormProjects/spiral-gRPC/app/src/Endpoint/Interceptor/AuthenticationInterceptor.php at line 41 []
[2024-11-08T07:14:04.142947+00:00] ERROR: Spiral\RoadRunner\GRPC\Exception\GRPCException: Unauthorized: Invalid token. in /home/kaveh-msi/PhpstormProjects/spiral-gRPC/app/src/Endpoint/Interceptor/AuthenticationInterceptor.php at line 63 []
[2024-11-08T07:15:13.492497+00:00] ERROR: Spiral\RoadRunner\GRPC\Exception\GRPCException: Unauthorized: Invalid token. in /home/kaveh-msi/PhpstormProjects/spiral-gRPC/app/src/Endpoint/Interceptor/AuthenticationInterceptor.php at line 65 []
[2024-11-08T07:20:34.768565+00:00] ERROR: Error: Firebase\JWT\JWT::decode(): Argument #3 ($headers) could not be passed by reference in /home/kaveh-msi/PhpstormProjects/spiral-gRPC/app/src/Endpoint/Interceptor/AuthenticationInterceptor.php at line 62 []
[2024-11-08T07:21:40.310375+00:00] ERROR: UnexpectedValueException: "kid" empty, unable to lookup correct key in /home/kaveh-msi/PhpstormProjects/spiral-gRPC/vendor/firebase/php-jwt/src/JWT.php at line 473 []
[2024-11-08T07:22:09.755394+00:00] ERROR: UnexpectedValueException: "kid" empty, unable to lookup correct key in /home/kaveh-msi/PhpstormProjects/spiral-gRPC/vendor/firebase/php-jwt/src/JWT.php at line 473 []
[2024-11-08T07:24:43.397699+00:00] ERROR: ErrorException: Trying to access array offset on null in /home/kaveh-msi/PhpstormProjects/spiral-gRPC/app/src/Endpoint/Interceptor/AuthenticationInterceptor.php at line 42 []
[2024-11-08T07:24:56.721261+00:00] ERROR: Spiral\RoadRunner\GRPC\Exception\GRPCException: Unauthorized: Invalid token format. in /home/kaveh-msi/PhpstormProjects/spiral-gRPC/app/src/Endpoint/Interceptor/AuthenticationInterceptor.php at line 53 []
[2024-11-08T07:25:09.145799+00:00] ERROR: Spiral\RoadRunner\GRPC\Exception\GRPCException: Unauthorized: Invalid token. in /home/kaveh-msi/PhpstormProjects/spiral-gRPC/app/src/Endpoint/Interceptor/AuthenticationInterceptor.php at line 67 []
[2024-11-08T07:25:34.093406+00:00] ERROR: Spiral\RoadRunner\GRPC\Exception\GRPCException: Unauthorized: Missing authorization token. in /home/kaveh-msi/PhpstormProjects/spiral-gRPC/app/src/Endpoint/Interceptor/AuthenticationInterceptor.php at line 45 []
[2024-11-08T07:27:17.157683+00:00] ERROR: ErrorException: Array to string conversion in /home/kaveh-msi/PhpstormProjects/spiral-gRPC/app/src/Endpoint/Interceptor/AuthenticationInterceptor.php at line 60 []
[2024-11-08T07:29:10.556549+00:00] ERROR: Spiral\Goridge\Exception\HeaderException: Unable to read frame header: Incorrect header size in /home/kaveh-msi/PhpstormProjects/spiral-gRPC/vendor/spiral/goridge/src/StreamRelay.php at line 80 []
[2024-11-08T07:29:10.556687+00:00] ERROR: Spiral\Goridge\Exception\HeaderException: Unable to read frame header: Incorrect header size in /home/kaveh-msi/PhpstormProjects/spiral-gRPC/vendor/spiral/goridge/src/StreamRelay.php at line 80 []
[2024-11-08T07:29:10.556549+00:00] ERROR: Spiral\Goridge\Exception\HeaderException: Unable to read frame header: Incorrect header size in /home/kaveh-msi/PhpstormProjects/spiral-gRPC/vendor/spiral/goridge/src/StreamRelay.php at line 80 []
[2024-11-08T07:29:10.556567+00:00] ERROR: Spiral\Goridge\Exception\HeaderException: Unable to read frame header: Incorrect header size in /home/kaveh-msi/PhpstormProjects/spiral-gRPC/vendor/spiral/goridge/src/StreamRelay.php at line 80 []
[2024-11-08T07:29:10.556593+00:00] ERROR: Spiral\Goridge\Exception\HeaderException: Unable to read frame header: Incorrect header size in /home/kaveh-msi/PhpstormProjects/spiral-gRPC/vendor/spiral/goridge/src/StreamRelay.php at line 80 []
[2024-11-08T07:29:10.556549+00:00] ERROR: Spiral\Goridge\Exception\HeaderException: Unable to read frame header: Incorrect header size in /home/kaveh-msi/PhpstormProjects/spiral-gRPC/vendor/spiral/goridge/src/StreamRelay.php at line 80 []
[2024-11-08T07:29:10.556549+00:00] ERROR: Spiral\Goridge\Exception\HeaderException: Unable to read frame header: Incorrect header size in /home/kaveh-msi/PhpstormProjects/spiral-gRPC/vendor/spiral/goridge/src/StreamRelay.php at line 80 []
[2024-11-08T07:29:10.556549+00:00] ERROR: Spiral\Goridge\Exception\HeaderException: Unable to read frame header: Incorrect header size in /home/kaveh-msi/PhpstormProjects/spiral-gRPC/vendor/spiral/goridge/src/StreamRelay.php at line 80 []
[2024-11-08T07:29:10.556652+00:00] ERROR: Spiral\Goridge\Exception\HeaderException: Unable to read frame header: Incorrect header size in /home/kaveh-msi/PhpstormProjects/spiral-gRPC/vendor/spiral/goridge/src/StreamRelay.php at line 80 []
[2024-11-08T07:29:10.556558+00:00] ERROR: Spiral\Goridge\Exception\HeaderException: Unable to read frame header: Incorrect header size in /home/kaveh-msi/PhpstormProjects/spiral-gRPC/vendor/spiral/goridge/src/StreamRelay.php at line 80 []
[2024-11-08T07:29:10.556703+00:00] ERROR: Spiral\Goridge\Exception\HeaderException: Unable to read frame header: Incorrect header size in /home/kaveh-msi/PhpstormProjects/spiral-gRPC/vendor/spiral/goridge/src/StreamRelay.php at line 80 []
[2024-11-08T07:29:10.557043+00:00] ERROR: Spiral\Goridge\Exception\HeaderException: Unable to read frame header: Incorrect header size in /home/kaveh-msi/PhpstormProjects/spiral-gRPC/vendor/spiral/goridge/src/StreamRelay.php at line 80 []
[2024-11-08T07:29:10.556743+00:00] ERROR: Spiral\Goridge\Exception\HeaderException: Unable to read frame header: Incorrect header size in /home/kaveh-msi/PhpstormProjects/spiral-gRPC/vendor/spiral/goridge/src/StreamRelay.php at line 80 []
[2024-11-08T14:02:29.511748+00:00] ERROR: Spiral\RoadRunner\GRPC\Exception\GRPCException: Unauthorized: Missing authorization token. in /home/kaveh-msi/PhpstormProjects/spiral-gRPC/app/src/Endpoint/Interceptor/AuthenticationInterceptor.php at line 45 []
[2024-11-08T14:03:36.708284+00:00] ERROR: ErrorException: Array to string conversion in /home/kaveh-msi/PhpstormProjects/spiral-gRPC/app/src/Endpoint/Interceptor/AuthenticationInterceptor.php at line 51 []
[2024-11-08T14:03:53.618128+00:00] ERROR: Spiral\Goridge\Exception\HeaderException: Unable to read frame header: Incorrect header size in /home/kaveh-msi/PhpstormProjects/spiral-gRPC/vendor/spiral/goridge/src/StreamRelay.php at line 80 []
[2024-11-08T14:03:58.587419+00:00] ERROR: ErrorException: Array to string conversion in /home/kaveh-msi/PhpstormProjects/spiral-gRPC/app/src/Endpoint/Interceptor/AuthenticationInterceptor.php at line 51 []
[2024-11-08T14:04:20.337532+00:00] ERROR: ErrorException: Array to string conversion in /home/kaveh-msi/PhpstormProjects/spiral-gRPC/app/src/Endpoint/Interceptor/AuthenticationInterceptor.php at line 51 []
[2024-11-08T14:06:00.001994+00:00] ERROR: Spiral\RoadRunner\GRPC\Exception\GRPCException: Unauthorized: Missing authorization token. in /home/kaveh-msi/PhpstormProjects/spiral-gRPC/app/src/Endpoint/Interceptor/AuthenticationInterceptor.php at line 45 []
[2024-11-08T14:06:14.051309+00:00] ERROR: Spiral\RoadRunner\GRPC\Exception\GRPCException: Unauthorized: Missing authorization token. in /home/kaveh-msi/PhpstormProjects/spiral-gRPC/app/src/Endpoint/Interceptor/AuthenticationInterceptor.php at line 45 []
[2024-11-08T14:08:36.749926+00:00] ERROR: Spiral\RoadRunner\GRPC\Exception\GRPCException: Unauthorized: Missing authorization token. in /home/kaveh-msi/PhpstormProjects/spiral-gRPC/app/src/Endpoint/Interceptor/AuthenticationInterceptor.php at line 48 []
[2024-11-08T14:08:58.943381+00:00] ERROR: Spiral\RoadRunner\GRPC\Exception\GRPCException: Unauthorized: Missing authorization token. in /home/kaveh-msi/PhpstormProjects/spiral-gRPC/app/src/Endpoint/Interceptor/AuthenticationInterceptor.php at line 48 []
[2024-11-08T14:12:45.614418+00:00] ERROR: Spiral\RoadRunner\GRPC\Exception\GRPCException: Unauthorized: Missing token. in /home/kaveh-msi/PhpstormProjects/spiral-gRPC/app/src/Endpoint/Interceptor/AuthenticationInterceptor.php at line 57 []
[2024-11-08T14:13:19.437409+00:00] ERROR: Spiral\RoadRunner\GRPC\Exception\GRPCException: Unauthorized: Missing token. in /home/kaveh-msi/PhpstormProjects/spiral-gRPC/app/src/Endpoint/Interceptor/AuthenticationInterceptor.php at line 57 []
[2024-11-08T14:16:46.501568+00:00] ERROR: Spiral\RoadRunner\GRPC\Exception\GRPCException: Unauthorized: Missing token. in /home/kaveh-msi/PhpstormProjects/spiral-gRPC/app/src/Endpoint/Interceptor/AuthenticationInterceptor.php at line 57 []
[2024-11-08T14:48:05.793573+00:00] ERROR: Spiral\RoadRunner\GRPC\Exception\GRPCException: Unauthorized: Invalid token. in /home/kaveh-msi/PhpstormProjects/spiral-gRPC/app/src/Endpoint/Interceptor/AuthenticationInterceptor.php at line 57 []
[2024-11-08T14:48:20.388215+00:00] ERROR: Spiral\RoadRunner\GRPC\Exception\GRPCException: Unauthorized: Invalid token. in /home/kaveh-msi/PhpstormProjects/spiral-gRPC/app/src/Endpoint/Interceptor/AuthenticationInterceptor.php at line 57 []
[2024-11-08T14:49:32.402078+00:00] ERROR: UnexpectedValueException: "kid" empty, unable to lookup correct key in /home/kaveh-msi/PhpstormProjects/spiral-gRPC/vendor/firebase/php-jwt/src/JWT.php at line 473 []
[2024-11-08T14:50:08.341292+00:00] ERROR: UnexpectedValueException: "kid" empty, unable to lookup correct key in /home/kaveh-msi/PhpstormProjects/spiral-gRPC/vendor/firebase/php-jwt/src/JWT.php at line 473 []
[2024-11-08T14:50:36.220351+00:00] ERROR: Spiral\RoadRunner\GRPC\Exception\GRPCException: Unauthorized: Invalid token. in /home/kaveh-msi/PhpstormProjects/spiral-gRPC/app/src/Endpoint/Interceptor/AuthenticationInterceptor.php at line 57 []
[2024-11-08T14:52:06.844063+00:00] ERROR: Spiral\RoadRunner\GRPC\Exception\GRPCException: Unauthorized: Invalid token. in /home/kaveh-msi/PhpstormProjects/spiral-gRPC/app/src/Endpoint/Interceptor/AuthenticationInterceptor.php at line 57 []
[2024-11-08T15:06:38.517456+00:00] ERROR: Spiral\RoadRunner\GRPC\Exception\GRPCException: Unauthorized: Invalid token. in /home/kaveh-msi/PhpstormProjects/spiral-gRPC/app/src/Endpoint/Interceptor/AuthenticationInterceptor.php at line 56 []
[2024-11-08T15:06:58.727942+00:00] ERROR: Spiral\RoadRunner\GRPC\Exception\GRPCException: Unauthorized: Missing token. in /home/kaveh-msi/PhpstormProjects/spiral-gRPC/app/src/Endpoint/Interceptor/AuthenticationInterceptor.php at line 48 []
[2024-11-08T15:07:13.133828+00:00] ERROR: Spiral\RoadRunner\GRPC\Exception\GRPCException: Unauthorized: Missing authorization token. in /home/kaveh-msi/PhpstormProjects/spiral-gRPC/app/src/Endpoint/Interceptor/AuthenticationInterceptor.php at line 39 []
[2024-11-08T15:07:20.137708+00:00] ERROR: Spiral\RoadRunner\GRPC\Exception\GRPCException: Unauthorized: Missing token. in /home/kaveh-msi/PhpstormProjects/spiral-gRPC/app/src/Endpoint/Interceptor/AuthenticationInterceptor.php at line 48 []
